[20:46:16.573][Logger] New log placeholder %WS1% registered for /home/aiden/Repos/timetable-project .
[20:46:16.573][Config] latex-workshop.linting.chktex.enabled: true .
[20:46:16.693][Manager] Set $LATEXWORKSHOP_DOCKER_LATEX: ""
[20:46:16.726][Server] Creating LaTeX Workshop http and websocket server.
[20:46:16.914][Server] Server successfully started: {"address":"127.0.0.1","family":"IPv4","port":42821} .
[20:46:16.959][Extension] Initializing LaTeX Workshop.
[20:46:16.964][Extension] Extension root: /home/aiden/.vscode-oss/extensions/james-yu.latex-workshop-9.12.3-universal
[20:46:16.965][Extension] $PATH: /usr/local/bin:/usr/bin:/bin:/usr/local/sbin:/usr/bin/site_perl:/usr/bin/vendor_perl:/usr/bin/core_perl
[20:46:16.965][Extension] $SHELL: /bin/bash
[20:46:16.966][Extension] $LANG: en_GB.UTF-8
[20:46:16.966][Extension] $LC_ALL: undefined
[20:46:16.967][Extension] process.platform: linux
[20:46:16.967][Extension] process.arch: x64
[20:46:16.967][Extension] vscode.env.appName: Code - OSS
[20:46:16.968][Extension] vscode.env.remoteName: undefined
[20:46:16.968][Extension] vscode.env.uiKind: 1
[20:46:16.970][Extension] LaTeX Workshop initialized.
[20:46:16.986][Format][Bib] Bibtex format config: {"tab":"  ","case":"lowercase","left":"{","right":"}","trailingComma":false,"sort":["key"],"alignOnEqual":true,"sortFields":false,"fieldsOrder":[],"firstEntries":["string","xdata"]}
[20:46:17.001][Extension] Trigger characters for intellisense of LaTeX documents: ["\\",",","{"]
[20:46:17.010][Manager] Current workspace folders: ["file://%WS1%"]
[20:46:17.013][Manager] Found root file from active editor: %WS1%/doc.tex
[20:46:17.013][Manager] Root file changed: from undefined to %WS1%/doc.tex
[20:46:17.014][Manager] Start to find all dependencies.
[20:46:17.014][Manager] Root file languageId: latex
[20:46:17.015][Event] ROOT_FILE_CHANGED: "%WS1%/doc.tex"
[20:46:17.016][Cacher][Watcher] Reset.
[20:46:17.046][Cacher] Adding %WS1%/doc.tex .
[20:46:17.048][Cacher][Watcher] Watched %WS1%/doc.tex with a new watcher on %WS1% .
[20:46:17.049][Event] FILE_WATCHED: "%WS1%/doc.tex"
[20:46:17.054][Cacher] Caching %WS1%/doc.tex .
[20:46:17.055][Cacher] Updated inputs of %WS1%/doc.tex .
[20:46:17.056][Cacher] Parse LaTeX AST: %WS1%/doc.tex .
[20:46:17.056][Event] ROOT_FILE_SEARCHED
[20:46:17.057][Linter] ChkTeX lints root %WS1%/doc.tex .
[20:46:17.060][Linter][ChkTeX] Linter for ChkTeX command The command is chktex:["-wall","-n22","-n30","-e16","-q","-f%f:%l:%c:%d:%k:%n:%m\n","%WS1%/doc.tex"].
[20:46:17.241][Linter] Linter for root successfully finished in 0s 168ms
[20:46:17.246][Linter][ChkTeX] No .chktexrc file is found to determine TabSize.
[20:46:17.251][Linter][ChkTeX] Logged 0 messages.
[20:46:17.984][Cacher] Parsed LaTeX AST: %WS1%/doc.tex .
[20:46:18.009][Cacher] Updated elements in 23.76 ms: %WS1%/doc.tex .
[20:46:18.010][Event] FILE_PARSED: "%WS1%/doc.tex"
[20:46:18.017][Cacher] Parsing .fls %WS1%/doc.fls .
[20:46:18.094][Cacher] Found .aux %WS1%/doc.tex from .fls %WS1%/doc.fls , parsing.
[20:46:18.099][Cacher] Parsed .aux %WS1%/doc.tex .
[20:46:18.100][Cacher] Parsed .fls %WS1%/doc.fls .
[20:46:18.105][Structure] Structure force updated with 6 root sections for %WS1%/doc.tex .
[20:46:18.108][Event] STRUCTURE_UPDATED
[20:46:18.114][Server] valdOrigin is http://127.0.0.1:42821
[21:08:37.754][Cacher][Watcher] Reset.
[21:08:37.755][Cacher][Watcher] Reset.
[21:08:37.755][Cacher][Watcher] Reset.
