2023-07-21 14:30:13.159 [info] Added views:workbench.panel.markers.view in workbench.panel.markers
2023-07-21 14:30:13.159 [info] Added views:workbench.panel.output in workbench.panel.output
2023-07-21 14:30:13.159 [info] Added views:terminal in terminal
2023-07-21 14:30:13.159 [info] Added views:outline in workbench.view.explorer
2023-07-21 14:30:13.159 [info] Added views:workbench.scm in workbench.view.scm
2023-07-21 14:30:13.159 [info] Added views:workbench.view.search in workbench.view.search
2023-07-21 14:30:13.159 [info] Added views:timeline in workbench.view.explorer
2023-07-21 14:30:13.159 [info] Added views:workbench.explorer.fileView in workbench.view.explorer
2023-07-21 14:30:13.753 [info] Added views:todo-tree-view in workbench.view.extension.todo-tree-container
2023-07-21 14:30:14.245 [info] Added views:workbench.debug.welcome in workbench.view.debug
2023-07-21 14:30:14.347 [info] Added views:workbench.panel.repl.view in workbench.panel.repl
2023-07-21 14:30:16.005 [info] Added views:latex-workshop-commands,latex-workshop-structure,latex-workshop-snippet-view in workbench.view.extension.latex-workshop-activitybar
2023-07-21 14:47:59.642 [info] Added views:workbench.views.extensions.installed,workbench.views.extensions.popular,extensions.recommendedList in workbench.view.extensions
2023-07-21 14:47:59.648 [info] Removed views:workbench.views.extensions.popular from workbench.view.extensions
2023-07-21 14:48:05.809 [info] Removed views:extensions.recommendedList,workbench.views.extensions.installed from workbench.view.extensions
2023-07-21 14:48:05.845 [info] Added views:workbench.views.extensions.marketplace in workbench.view.extensions
2023-07-21 14:51:53.646 [info] Added views:workbench.panel.markers.view in workbench.panel.markers
2023-07-21 14:51:53.646 [info] Added views:workbench.panel.output in workbench.panel.output
2023-07-21 14:51:53.646 [info] Added views:terminal in terminal
2023-07-21 14:51:53.646 [info] Added views:outline in workbench.view.explorer
2023-07-21 14:51:53.646 [info] Added views:workbench.scm in workbench.view.scm
2023-07-21 14:51:53.646 [info] Added views:workbench.view.search in workbench.view.search
2023-07-21 14:51:53.646 [info] Added views:timeline in workbench.view.explorer
2023-07-21 14:51:53.646 [info] Added views:workbench.explorer.fileView in workbench.view.explorer
2023-07-21 14:51:56.047 [info] Added views:todo-tree-view in workbench.view.extension.todo-tree-container
2023-07-21 14:51:56.315 [info] Added views:workbench.debug.welcome in workbench.view.debug
2023-07-21 14:51:56.778 [info] Added views:workbench.panel.repl.view in workbench.panel.repl
2023-07-21 14:51:59.525 [info] Added views:latex-workshop-commands,latex-workshop-structure,latex-workshop-snippet-view in workbench.view.extension.latex-workshop-activitybar
2023-07-21 14:52:01.801 [info] Added views:workbench.views.extensions.installed,extensions.recommendedList in workbench.view.extensions
2023-07-21 14:55:59.837 [info] Added views:workbench.panel.markers.view in workbench.panel.markers
2023-07-21 14:55:59.837 [info] Added views:workbench.panel.output in workbench.panel.output
2023-07-21 14:55:59.837 [info] Added views:terminal in terminal
2023-07-21 14:55:59.837 [info] Added views:outline in workbench.view.explorer
2023-07-21 14:55:59.837 [info] Added views:workbench.scm in workbench.view.scm
2023-07-21 14:55:59.837 [info] Added views:workbench.view.search in workbench.view.search
2023-07-21 14:55:59.837 [info] Added views:timeline in workbench.view.explorer
2023-07-21 14:55:59.837 [info] Added views:workbench.explorer.fileView in workbench.view.explorer
2023-07-21 14:56:00.113 [info] Added views:workbench.debug.welcome in workbench.view.debug
2023-07-21 14:56:00.590 [info] Added views:todo-tree-view in workbench.view.extension.todo-tree-container
2023-07-21 14:56:01.270 [info] Added views:workbench.panel.repl.view in workbench.panel.repl
2023-07-21 14:56:03.245 [info] Added views:workbench.views.extensions.installed,extensions.recommendedList in workbench.view.extensions
2023-07-21 14:56:23.588 [info] Added views:latex-workshop-commands,latex-workshop-structure,latex-workshop-snippet-view in workbench.view.extension.latex-workshop-activitybar
