2023-07-18T15:16:42.774Z [Modules] Modules initializing
2023-07-18T15:16:42.779Z [Modules] Distribution: remote
2023-07-18T15:16:42.779Z [Modules] Host updates: enabled
2023-07-18T15:16:42.779Z [Modules] Module updates: enabled
2023-07-18T15:16:42.780Z [Modules] Module install path: /home/aiden/.config/discord/0.0.28/modules
2023-07-18T15:16:42.780Z [Modules] Module installed file path: /home/aiden/.config/discord/0.0.28/modules/installed.json
2023-07-18T15:16:42.780Z [Modules] Module download path: /home/aiden/.config/discord/0.0.28/modules/pending
2023-07-18T15:16:43.216Z [Modules] Bootstrapping...
2023-07-18T15:16:43.219Z [Modules] Installing discord_desktop_core@0 from /opt/discord/resources/bootstrap/discord_desktop_core.zip
2023-07-18T15:16:43.220Z [Modules] Failed installing discord_desktop_core@0: Error: ENOENT: no such file or directory, open '/opt/discord/resources/bootstrap/discord_desktop_core.zip'
2023-07-18T15:16:43.222Z [Modules] Installing discord_erlpack@0 from /opt/discord/resources/bootstrap/discord_erlpack.zip
2023-07-18T15:16:43.222Z [Modules] Failed installing discord_erlpack@0: Error: ENOENT: no such file or directory, open '/opt/discord/resources/bootstrap/discord_erlpack.zip'
2023-07-18T15:16:43.223Z [Modules] Installing discord_spellcheck@0 from /opt/discord/resources/bootstrap/discord_spellcheck.zip
2023-07-18T15:16:43.224Z [Modules] Failed installing discord_spellcheck@0: Error: ENOENT: no such file or directory, open '/opt/discord/resources/bootstrap/discord_spellcheck.zip'
2023-07-18T15:16:43.224Z [Modules] Installing discord_utils@0 from /opt/discord/resources/bootstrap/discord_utils.zip
2023-07-18T15:16:43.225Z [Modules] Failed installing discord_utils@0: Error: ENOENT: no such file or directory, open '/opt/discord/resources/bootstrap/discord_utils.zip'
2023-07-18T15:16:43.225Z [Modules] Installing discord_voice@0 from /opt/discord/resources/bootstrap/discord_voice.zip
2023-07-18T15:16:43.226Z [Modules] Failed installing discord_voice@0: Error: ENOENT: no such file or directory, open '/opt/discord/resources/bootstrap/discord_voice.zip'
2023-07-18T15:16:43.227Z [Modules] Finished module installations. [success: 0] [failure: 5]
2023-07-18T15:16:43.227Z [Modules] Checking for host updates.
2023-07-18T15:16:43.509Z [Modules] Host is up to date.
2023-07-18T15:16:43.510Z [Modules] Checking for module updates at https://discord.com/api/modules/stable/versions.json
2023-07-18T15:16:43.556Z [Modules] Module update available: discord_desktop_core@1 [installed: 0]
2023-07-18T15:16:43.556Z [Modules] Module update available: discord_erlpack@1 [installed: 0]
2023-07-18T15:16:43.556Z [Modules] Module update available: discord_spellcheck@1 [installed: 0]
2023-07-18T15:16:43.556Z [Modules] Module update available: discord_utils@1 [installed: 0]
2023-07-18T15:16:43.556Z [Modules] Module update available: discord_voice@1 [installed: 0]
2023-07-18T15:16:43.557Z [Modules] Fetching discord_desktop_core@1 from https://discord.com/api/modules/stable/discord_desktop_core/1
2023-07-18T15:16:43.557Z [Modules] Streaming discord_desktop_core@1 to /home/aiden/.config/discord/0.0.28/modules/pending/discord_desktop_core-1.zip
2023-07-18T15:16:43.778Z [Modules] Streaming discord_desktop_core@1 to /home/aiden/.config/discord/0.0.28/modules/pending/discord_desktop_core-1.zip: 1%
2023-07-18T15:16:43.782Z [Modules] Streaming discord_desktop_core@1 to /home/aiden/.config/discord/0.0.28/modules/pending/discord_desktop_core-1.zip: 2%
2023-07-18T15:16:43.792Z [Modules] Streaming discord_desktop_core@1 to /home/aiden/.config/discord/0.0.28/modules/pending/discord_desktop_core-1.zip: 5%
2023-07-18T15:16:43.799Z [Modules] Streaming discord_desktop_core@1 to /home/aiden/.config/discord/0.0.28/modules/pending/discord_desktop_core-1.zip: 8%
2023-07-18T15:16:43.806Z [Modules] Streaming discord_desktop_core@1 to /home/aiden/.config/discord/0.0.28/modules/pending/discord_desktop_core-1.zip: 11%
2023-07-18T15:16:43.817Z [Modules] Streaming discord_desktop_core@1 to /home/aiden/.config/discord/0.0.28/modules/pending/discord_desktop_core-1.zip: 12%
2023-07-18T15:16:43.848Z [Modules] Streaming discord_desktop_core@1 to /home/aiden/.config/discord/0.0.28/modules/pending/discord_desktop_core-1.zip: 15%
2023-07-18T15:16:43.849Z [Modules] Streaming discord_desktop_core@1 to /home/aiden/.config/discord/0.0.28/modules/pending/discord_desktop_core-1.zip: 19%
2023-07-18T15:16:43.850Z [Modules] Streaming discord_desktop_core@1 to /home/aiden/.config/discord/0.0.28/modules/pending/discord_desktop_core-1.zip: 27%
2023-07-18T15:16:43.856Z [Modules] Streaming discord_desktop_core@1 to /home/aiden/.config/discord/0.0.28/modules/pending/discord_desktop_core-1.zip: 30%
2023-07-18T15:16:43.857Z [Modules] Streaming discord_desktop_core@1 to /home/aiden/.config/discord/0.0.28/modules/pending/discord_desktop_core-1.zip: 33%
2023-07-18T15:16:43.858Z [Modules] Streaming discord_desktop_core@1 to /home/aiden/.config/discord/0.0.28/modules/pending/discord_desktop_core-1.zip: 40%
2023-07-18T15:16:43.860Z [Modules] Streaming discord_desktop_core@1 to /home/aiden/.config/discord/0.0.28/modules/pending/discord_desktop_core-1.zip: 41%
2023-07-18T15:16:43.879Z [Modules] Streaming discord_desktop_core@1 to /home/aiden/.config/discord/0.0.28/modules/pending/discord_desktop_core-1.zip: 45%
2023-07-18T15:16:43.880Z [Modules] Streaming discord_desktop_core@1 to /home/aiden/.config/discord/0.0.28/modules/pending/discord_desktop_core-1.zip: 49%
2023-07-18T15:16:43.885Z [Modules] Streaming discord_desktop_core@1 to /home/aiden/.config/discord/0.0.28/modules/pending/discord_desktop_core-1.zip: 50%
2023-07-18T15:16:43.897Z [Modules] Streaming discord_desktop_core@1 to /home/aiden/.config/discord/0.0.28/modules/pending/discord_desktop_core-1.zip: 51%
2023-07-18T15:16:43.944Z [Modules] Streaming discord_desktop_core@1 to /home/aiden/.config/discord/0.0.28/modules/pending/discord_desktop_core-1.zip: 54%
2023-07-18T15:16:43.946Z [Modules] Streaming discord_desktop_core@1 to /home/aiden/.config/discord/0.0.28/modules/pending/discord_desktop_core-1.zip: 57%
2023-07-18T15:16:43.947Z [Modules] Streaming discord_desktop_core@1 to /home/aiden/.config/discord/0.0.28/modules/pending/discord_desktop_core-1.zip: 59%
2023-07-18T15:16:43.947Z [Modules] Streaming discord_desktop_core@1 to /home/aiden/.config/discord/0.0.28/modules/pending/discord_desktop_core-1.zip: 64%
2023-07-18T15:16:43.949Z [Modules] Streaming discord_desktop_core@1 to /home/aiden/.config/discord/0.0.28/modules/pending/discord_desktop_core-1.zip: 74%
2023-07-18T15:16:43.949Z [Modules] Streaming discord_desktop_core@1 to /home/aiden/.config/discord/0.0.28/modules/pending/discord_desktop_core-1.zip: 80%
2023-07-18T15:16:43.955Z [Modules] Streaming discord_desktop_core@1 to /home/aiden/.config/discord/0.0.28/modules/pending/discord_desktop_core-1.zip: 83%
2023-07-18T15:16:43.956Z [Modules] Streaming discord_desktop_core@1 to /home/aiden/.config/discord/0.0.28/modules/pending/discord_desktop_core-1.zip: 87%
2023-07-18T15:16:43.957Z [Modules] Streaming discord_desktop_core@1 to /home/aiden/.config/discord/0.0.28/modules/pending/discord_desktop_core-1.zip: 91%
2023-07-18T15:16:43.962Z [Modules] Streaming discord_desktop_core@1 to /home/aiden/.config/discord/0.0.28/modules/pending/discord_desktop_core-1.zip: 93%
2023-07-18T15:16:43.965Z [Modules] Streaming discord_desktop_core@1 to /home/aiden/.config/discord/0.0.28/modules/pending/discord_desktop_core-1.zip: 96%
2023-07-18T15:16:43.969Z [Modules] Streaming discord_desktop_core@1 to /home/aiden/.config/discord/0.0.28/modules/pending/discord_desktop_core-1.zip: 99%
2023-07-18T15:16:43.970Z [Modules] Streaming discord_desktop_core@1 to /home/aiden/.config/discord/0.0.28/modules/pending/discord_desktop_core-1.zip: 100%
2023-07-18T15:16:43.974Z [Modules] Fetching discord_erlpack@1 from https://discord.com/api/modules/stable/discord_erlpack/1
2023-07-18T15:16:43.974Z [Modules] Streaming discord_erlpack@1 to /home/aiden/.config/discord/0.0.28/modules/pending/discord_erlpack-1.zip
2023-07-18T15:16:44.145Z [Modules] Streaming discord_erlpack@1 to /home/aiden/.config/discord/0.0.28/modules/pending/discord_erlpack-1.zip: 2%
2023-07-18T15:16:44.160Z [Modules] Streaming discord_erlpack@1 to /home/aiden/.config/discord/0.0.28/modules/pending/discord_erlpack-1.zip: 3%
2023-07-18T15:16:44.186Z [Modules] Streaming discord_erlpack@1 to /home/aiden/.config/discord/0.0.28/modules/pending/discord_erlpack-1.zip: 4%
2023-07-18T15:16:44.217Z [Modules] Streaming discord_erlpack@1 to /home/aiden/.config/discord/0.0.28/modules/pending/discord_erlpack-1.zip: 8%
2023-07-18T15:16:44.220Z [Modules] Streaming discord_erlpack@1 to /home/aiden/.config/discord/0.0.28/modules/pending/discord_erlpack-1.zip: 9%
2023-07-18T15:16:44.223Z [Modules] Streaming discord_erlpack@1 to /home/aiden/.config/discord/0.0.28/modules/pending/discord_erlpack-1.zip: 17%
2023-07-18T15:16:44.224Z [Modules] Streaming discord_erlpack@1 to /home/aiden/.config/discord/0.0.28/modules/pending/discord_erlpack-1.zip: 29%
2023-07-18T15:16:44.226Z [Modules] Streaming discord_erlpack@1 to /home/aiden/.config/discord/0.0.28/modules/pending/discord_erlpack-1.zip: 54%
2023-07-18T15:16:44.238Z [Modules] Streaming discord_erlpack@1 to /home/aiden/.config/discord/0.0.28/modules/pending/discord_erlpack-1.zip: 58%
2023-07-18T15:16:44.240Z [Modules] Streaming discord_erlpack@1 to /home/aiden/.config/discord/0.0.28/modules/pending/discord_erlpack-1.zip: 62%
2023-07-18T15:16:44.240Z [Modules] Streaming discord_erlpack@1 to /home/aiden/.config/discord/0.0.28/modules/pending/discord_erlpack-1.zip: 65%
2023-07-18T15:16:44.245Z [Modules] Streaming discord_erlpack@1 to /home/aiden/.config/discord/0.0.28/modules/pending/discord_erlpack-1.zip: 68%
2023-07-18T15:16:44.249Z [Modules] Streaming discord_erlpack@1 to /home/aiden/.config/discord/0.0.28/modules/pending/discord_erlpack-1.zip: 71%
2023-07-18T15:16:44.253Z [Modules] Streaming discord_erlpack@1 to /home/aiden/.config/discord/0.0.28/modules/pending/discord_erlpack-1.zip: 73%
2023-07-18T15:16:44.255Z [Modules] Streaming discord_erlpack@1 to /home/aiden/.config/discord/0.0.28/modules/pending/discord_erlpack-1.zip: 75%
2023-07-18T15:16:44.260Z [Modules] Streaming discord_erlpack@1 to /home/aiden/.config/discord/0.0.28/modules/pending/discord_erlpack-1.zip: 79%
2023-07-18T15:16:44.263Z [Modules] Streaming discord_erlpack@1 to /home/aiden/.config/discord/0.0.28/modules/pending/discord_erlpack-1.zip: 81%
2023-07-18T15:16:44.269Z [Modules] Streaming discord_erlpack@1 to /home/aiden/.config/discord/0.0.28/modules/pending/discord_erlpack-1.zip: 84%
2023-07-18T15:16:44.270Z [Modules] Streaming discord_erlpack@1 to /home/aiden/.config/discord/0.0.28/modules/pending/discord_erlpack-1.zip: 85%
2023-07-18T15:16:44.274Z [Modules] Streaming discord_erlpack@1 to /home/aiden/.config/discord/0.0.28/modules/pending/discord_erlpack-1.zip: 88%
2023-07-18T15:16:44.276Z [Modules] Streaming discord_erlpack@1 to /home/aiden/.config/discord/0.0.28/modules/pending/discord_erlpack-1.zip: 89%
2023-07-18T15:16:44.280Z [Modules] Streaming discord_erlpack@1 to /home/aiden/.config/discord/0.0.28/modules/pending/discord_erlpack-1.zip: 93%
2023-07-18T15:16:44.284Z [Modules] Streaming discord_erlpack@1 to /home/aiden/.config/discord/0.0.28/modules/pending/discord_erlpack-1.zip: 94%
2023-07-18T15:16:44.292Z [Modules] Streaming discord_erlpack@1 to /home/aiden/.config/discord/0.0.28/modules/pending/discord_erlpack-1.zip: 95%
2023-07-18T15:16:44.295Z [Modules] Streaming discord_erlpack@1 to /home/aiden/.config/discord/0.0.28/modules/pending/discord_erlpack-1.zip: 99%
2023-07-18T15:16:44.296Z [Modules] Streaming discord_erlpack@1 to /home/aiden/.config/discord/0.0.28/modules/pending/discord_erlpack-1.zip: 100%
2023-07-18T15:16:44.298Z [Modules] Fetching discord_spellcheck@1 from https://discord.com/api/modules/stable/discord_spellcheck/1
2023-07-18T15:16:44.298Z [Modules] Streaming discord_spellcheck@1 to /home/aiden/.config/discord/0.0.28/modules/pending/discord_spellcheck-1.zip
2023-07-18T15:16:44.570Z [Modules] Streaming discord_spellcheck@1 to /home/aiden/.config/discord/0.0.28/modules/pending/discord_spellcheck-1.zip: 1%
2023-07-18T15:16:44.579Z [Modules] Streaming discord_spellcheck@1 to /home/aiden/.config/discord/0.0.28/modules/pending/discord_spellcheck-1.zip: 2%
2023-07-18T15:16:44.586Z [Modules] Streaming discord_spellcheck@1 to /home/aiden/.config/discord/0.0.28/modules/pending/discord_spellcheck-1.zip: 3%
2023-07-18T15:16:44.598Z [Modules] Streaming discord_spellcheck@1 to /home/aiden/.config/discord/0.0.28/modules/pending/discord_spellcheck-1.zip: 4%
2023-07-18T15:16:44.602Z [Modules] Streaming discord_spellcheck@1 to /home/aiden/.config/discord/0.0.28/modules/pending/discord_spellcheck-1.zip: 5%
2023-07-18T15:16:44.611Z [Modules] Streaming discord_spellcheck@1 to /home/aiden/.config/discord/0.0.28/modules/pending/discord_spellcheck-1.zip: 6%
2023-07-18T15:16:44.621Z [Modules] Streaming discord_spellcheck@1 to /home/aiden/.config/discord/0.0.28/modules/pending/discord_spellcheck-1.zip: 7%
2023-07-18T15:16:44.630Z [Modules] Streaming discord_spellcheck@1 to /home/aiden/.config/discord/0.0.28/modules/pending/discord_spellcheck-1.zip: 8%
2023-07-18T15:16:44.647Z [Modules] Streaming discord_spellcheck@1 to /home/aiden/.config/discord/0.0.28/modules/pending/discord_spellcheck-1.zip: 9%
2023-07-18T15:16:44.648Z [Modules] Streaming discord_spellcheck@1 to /home/aiden/.config/discord/0.0.28/modules/pending/discord_spellcheck-1.zip: 10%
2023-07-18T15:16:44.664Z [Modules] Streaming discord_spellcheck@1 to /home/aiden/.config/discord/0.0.28/modules/pending/discord_spellcheck-1.zip: 11%
2023-07-18T15:16:44.665Z [Modules] Streaming discord_spellcheck@1 to /home/aiden/.config/discord/0.0.28/modules/pending/discord_spellcheck-1.zip: 12%
2023-07-18T15:16:44.682Z [Modules] Streaming discord_spellcheck@1 to /home/aiden/.config/discord/0.0.28/modules/pending/discord_spellcheck-1.zip: 13%
2023-07-18T15:16:44.688Z [Modules] Streaming discord_spellcheck@1 to /home/aiden/.config/discord/0.0.28/modules/pending/discord_spellcheck-1.zip: 14%
2023-07-18T15:16:44.689Z [Modules] Streaming discord_spellcheck@1 to /home/aiden/.config/discord/0.0.28/modules/pending/discord_spellcheck-1.zip: 15%
2023-07-18T15:16:44.699Z [Modules] Streaming discord_spellcheck@1 to /home/aiden/.config/discord/0.0.28/modules/pending/discord_spellcheck-1.zip: 16%
2023-07-18T15:16:44.715Z [Modules] Streaming discord_spellcheck@1 to /home/aiden/.config/discord/0.0.28/modules/pending/discord_spellcheck-1.zip: 17%
2023-07-18T15:16:44.722Z [Modules] Streaming discord_spellcheck@1 to /home/aiden/.config/discord/0.0.28/modules/pending/discord_spellcheck-1.zip: 18%
2023-07-18T15:16:44.737Z [Modules] Streaming discord_spellcheck@1 to /home/aiden/.config/discord/0.0.28/modules/pending/discord_spellcheck-1.zip: 19%
2023-07-18T15:16:44.739Z [Modules] Streaming discord_spellcheck@1 to /home/aiden/.config/discord/0.0.28/modules/pending/discord_spellcheck-1.zip: 20%
2023-07-18T15:16:44.761Z [Modules] Streaming discord_spellcheck@1 to /home/aiden/.config/discord/0.0.28/modules/pending/discord_spellcheck-1.zip: 21%
2023-07-18T15:16:44.762Z [Modules] Streaming discord_spellcheck@1 to /home/aiden/.config/discord/0.0.28/modules/pending/discord_spellcheck-1.zip: 22%
2023-07-18T15:16:44.764Z [Modules] Streaming discord_spellcheck@1 to /home/aiden/.config/discord/0.0.28/modules/pending/discord_spellcheck-1.zip: 23%
2023-07-18T15:16:44.777Z [Modules] Streaming discord_spellcheck@1 to /home/aiden/.config/discord/0.0.28/modules/pending/discord_spellcheck-1.zip: 24%
2023-07-18T15:16:44.779Z [Modules] Streaming discord_spellcheck@1 to /home/aiden/.config/discord/0.0.28/modules/pending/discord_spellcheck-1.zip: 25%
2023-07-18T15:16:44.788Z [Modules] Streaming discord_spellcheck@1 to /home/aiden/.config/discord/0.0.28/modules/pending/discord_spellcheck-1.zip: 26%
2023-07-18T15:16:44.796Z [Modules] Streaming discord_spellcheck@1 to /home/aiden/.config/discord/0.0.28/modules/pending/discord_spellcheck-1.zip: 27%
2023-07-18T15:16:44.817Z [Modules] Streaming discord_spellcheck@1 to /home/aiden/.config/discord/0.0.28/modules/pending/discord_spellcheck-1.zip: 28%
2023-07-18T15:16:44.818Z [Modules] Streaming discord_spellcheck@1 to /home/aiden/.config/discord/0.0.28/modules/pending/discord_spellcheck-1.zip: 29%
2023-07-18T15:16:44.825Z [Modules] Streaming discord_spellcheck@1 to /home/aiden/.config/discord/0.0.28/modules/pending/discord_spellcheck-1.zip: 30%
2023-07-18T15:16:44.836Z [Modules] Streaming discord_spellcheck@1 to /home/aiden/.config/discord/0.0.28/modules/pending/discord_spellcheck-1.zip: 31%
2023-07-18T15:16:44.861Z [Modules] Streaming discord_spellcheck@1 to /home/aiden/.config/discord/0.0.28/modules/pending/discord_spellcheck-1.zip: 32%
2023-07-18T15:16:44.872Z [Modules] Streaming discord_spellcheck@1 to /home/aiden/.config/discord/0.0.28/modules/pending/discord_spellcheck-1.zip: 33%
2023-07-18T15:16:44.879Z [Modules] Streaming discord_spellcheck@1 to /home/aiden/.config/discord/0.0.28/modules/pending/discord_spellcheck-1.zip: 34%
2023-07-18T15:16:44.886Z [Modules] Streaming discord_spellcheck@1 to /home/aiden/.config/discord/0.0.28/modules/pending/discord_spellcheck-1.zip: 35%
2023-07-18T15:16:44.897Z [Modules] Streaming discord_spellcheck@1 to /home/aiden/.config/discord/0.0.28/modules/pending/discord_spellcheck-1.zip: 36%
2023-07-18T15:16:44.903Z [Modules] Streaming discord_spellcheck@1 to /home/aiden/.config/discord/0.0.28/modules/pending/discord_spellcheck-1.zip: 37%
2023-07-18T15:16:44.912Z [Modules] Streaming discord_spellcheck@1 to /home/aiden/.config/discord/0.0.28/modules/pending/discord_spellcheck-1.zip: 38%
2023-07-18T15:16:44.928Z [Modules] Streaming discord_spellcheck@1 to /home/aiden/.config/discord/0.0.28/modules/pending/discord_spellcheck-1.zip: 39%
2023-07-18T15:16:44.930Z [Modules] Streaming discord_spellcheck@1 to /home/aiden/.config/discord/0.0.28/modules/pending/discord_spellcheck-1.zip: 40%
2023-07-18T15:16:44.938Z [Modules] Streaming discord_spellcheck@1 to /home/aiden/.config/discord/0.0.28/modules/pending/discord_spellcheck-1.zip: 41%
2023-07-18T15:16:44.947Z [Modules] Streaming discord_spellcheck@1 to /home/aiden/.config/discord/0.0.28/modules/pending/discord_spellcheck-1.zip: 42%
2023-07-18T15:16:44.974Z [Modules] Streaming discord_spellcheck@1 to /home/aiden/.config/discord/0.0.28/modules/pending/discord_spellcheck-1.zip: 43%
2023-07-18T15:16:44.975Z [Modules] Streaming discord_spellcheck@1 to /home/aiden/.config/discord/0.0.28/modules/pending/discord_spellcheck-1.zip: 44%
2023-07-18T15:16:44.978Z [Modules] Streaming discord_spellcheck@1 to /home/aiden/.config/discord/0.0.28/modules/pending/discord_spellcheck-1.zip: 45%
2023-07-18T15:16:44.987Z [Modules] Streaming discord_spellcheck@1 to /home/aiden/.config/discord/0.0.28/modules/pending/discord_spellcheck-1.zip: 46%
2023-07-18T15:16:45.000Z [Modules] Streaming discord_spellcheck@1 to /home/aiden/.config/discord/0.0.28/modules/pending/discord_spellcheck-1.zip: 47%
2023-07-18T15:16:45.008Z [Modules] Streaming discord_spellcheck@1 to /home/aiden/.config/discord/0.0.28/modules/pending/discord_spellcheck-1.zip: 48%
2023-07-18T15:16:45.010Z [Modules] Streaming discord_spellcheck@1 to /home/aiden/.config/discord/0.0.28/modules/pending/discord_spellcheck-1.zip: 49%
2023-07-18T15:16:45.022Z [Modules] Streaming discord_spellcheck@1 to /home/aiden/.config/discord/0.0.28/modules/pending/discord_spellcheck-1.zip: 50%
2023-07-18T15:16:45.027Z [Modules] Streaming discord_spellcheck@1 to /home/aiden/.config/discord/0.0.28/modules/pending/discord_spellcheck-1.zip: 51%
2023-07-18T15:16:45.037Z [Modules] Streaming discord_spellcheck@1 to /home/aiden/.config/discord/0.0.28/modules/pending/discord_spellcheck-1.zip: 52%
2023-07-18T15:16:45.048Z [Modules] Streaming discord_spellcheck@1 to /home/aiden/.config/discord/0.0.28/modules/pending/discord_spellcheck-1.zip: 53%
2023-07-18T15:16:45.058Z [Modules] Streaming discord_spellcheck@1 to /home/aiden/.config/discord/0.0.28/modules/pending/discord_spellcheck-1.zip: 54%
2023-07-18T15:16:45.066Z [Modules] Streaming discord_spellcheck@1 to /home/aiden/.config/discord/0.0.28/modules/pending/discord_spellcheck-1.zip: 55%
2023-07-18T15:16:45.071Z [Modules] Streaming discord_spellcheck@1 to /home/aiden/.config/discord/0.0.28/modules/pending/discord_spellcheck-1.zip: 56%
2023-07-18T15:16:45.080Z [Modules] Streaming discord_spellcheck@1 to /home/aiden/.config/discord/0.0.28/modules/pending/discord_spellcheck-1.zip: 57%
2023-07-18T15:16:45.096Z [Modules] Streaming discord_spellcheck@1 to /home/aiden/.config/discord/0.0.28/modules/pending/discord_spellcheck-1.zip: 58%
2023-07-18T15:16:45.106Z [Modules] Streaming discord_spellcheck@1 to /home/aiden/.config/discord/0.0.28/modules/pending/discord_spellcheck-1.zip: 59%
2023-07-18T15:16:45.106Z [Modules] Streaming discord_spellcheck@1 to /home/aiden/.config/discord/0.0.28/modules/pending/discord_spellcheck-1.zip: 60%
2023-07-18T15:16:45.117Z [Modules] Streaming discord_spellcheck@1 to /home/aiden/.config/discord/0.0.28/modules/pending/discord_spellcheck-1.zip: 61%
2023-07-18T15:16:45.125Z [Modules] Streaming discord_spellcheck@1 to /home/aiden/.config/discord/0.0.28/modules/pending/discord_spellcheck-1.zip: 62%
2023-07-18T15:16:45.134Z [Modules] Streaming discord_spellcheck@1 to /home/aiden/.config/discord/0.0.28/modules/pending/discord_spellcheck-1.zip: 63%
2023-07-18T15:16:45.151Z [Modules] Streaming discord_spellcheck@1 to /home/aiden/.config/discord/0.0.28/modules/pending/discord_spellcheck-1.zip: 64%
2023-07-18T15:16:45.155Z [Modules] Streaming discord_spellcheck@1 to /home/aiden/.config/discord/0.0.28/modules/pending/discord_spellcheck-1.zip: 65%
2023-07-18T15:16:45.160Z [Modules] Streaming discord_spellcheck@1 to /home/aiden/.config/discord/0.0.28/modules/pending/discord_spellcheck-1.zip: 66%
2023-07-18T15:16:45.171Z [Modules] Streaming discord_spellcheck@1 to /home/aiden/.config/discord/0.0.28/modules/pending/discord_spellcheck-1.zip: 67%
2023-07-18T15:16:45.178Z [Modules] Streaming discord_spellcheck@1 to /home/aiden/.config/discord/0.0.28/modules/pending/discord_spellcheck-1.zip: 68%
2023-07-18T15:16:45.194Z [Modules] Streaming discord_spellcheck@1 to /home/aiden/.config/discord/0.0.28/modules/pending/discord_spellcheck-1.zip: 69%
2023-07-18T15:16:45.197Z [Modules] Streaming discord_spellcheck@1 to /home/aiden/.config/discord/0.0.28/modules/pending/discord_spellcheck-1.zip: 70%
2023-07-18T15:16:45.204Z [Modules] Streaming discord_spellcheck@1 to /home/aiden/.config/discord/0.0.28/modules/pending/discord_spellcheck-1.zip: 71%
2023-07-18T15:16:45.211Z [Modules] Streaming discord_spellcheck@1 to /home/aiden/.config/discord/0.0.28/modules/pending/discord_spellcheck-1.zip: 72%
2023-07-18T15:16:45.231Z [Modules] Streaming discord_spellcheck@1 to /home/aiden/.config/discord/0.0.28/modules/pending/discord_spellcheck-1.zip: 73%
2023-07-18T15:16:45.232Z [Modules] Streaming discord_spellcheck@1 to /home/aiden/.config/discord/0.0.28/modules/pending/discord_spellcheck-1.zip: 74%
2023-07-18T15:16:45.239Z [Modules] Streaming discord_spellcheck@1 to /home/aiden/.config/discord/0.0.28/modules/pending/discord_spellcheck-1.zip: 75%
2023-07-18T15:16:45.246Z [Modules] Streaming discord_spellcheck@1 to /home/aiden/.config/discord/0.0.28/modules/pending/discord_spellcheck-1.zip: 76%
2023-07-18T15:16:45.257Z [Modules] Streaming discord_spellcheck@1 to /home/aiden/.config/discord/0.0.28/modules/pending/discord_spellcheck-1.zip: 77%
2023-07-18T15:16:45.273Z [Modules] Streaming discord_spellcheck@1 to /home/aiden/.config/discord/0.0.28/modules/pending/discord_spellcheck-1.zip: 78%
2023-07-18T15:16:45.280Z [Modules] Streaming discord_spellcheck@1 to /home/aiden/.config/discord/0.0.28/modules/pending/discord_spellcheck-1.zip: 79%
2023-07-18T15:16:45.286Z [Modules] Streaming discord_spellcheck@1 to /home/aiden/.config/discord/0.0.28/modules/pending/discord_spellcheck-1.zip: 80%
2023-07-18T15:16:45.294Z [Modules] Streaming discord_spellcheck@1 to /home/aiden/.config/discord/0.0.28/modules/pending/discord_spellcheck-1.zip: 81%
2023-07-18T15:16:45.304Z [Modules] Streaming discord_spellcheck@1 to /home/aiden/.config/discord/0.0.28/modules/pending/discord_spellcheck-1.zip: 82%
2023-07-18T15:16:45.316Z [Modules] Streaming discord_spellcheck@1 to /home/aiden/.config/discord/0.0.28/modules/pending/discord_spellcheck-1.zip: 83%
2023-07-18T15:16:45.324Z [Modules] Streaming discord_spellcheck@1 to /home/aiden/.config/discord/0.0.28/modules/pending/discord_spellcheck-1.zip: 84%
2023-07-18T15:16:45.328Z [Modules] Streaming discord_spellcheck@1 to /home/aiden/.config/discord/0.0.28/modules/pending/discord_spellcheck-1.zip: 85%
2023-07-18T15:16:45.338Z [Modules] Streaming discord_spellcheck@1 to /home/aiden/.config/discord/0.0.28/modules/pending/discord_spellcheck-1.zip: 86%
2023-07-18T15:16:45.344Z [Modules] Streaming discord_spellcheck@1 to /home/aiden/.config/discord/0.0.28/modules/pending/discord_spellcheck-1.zip: 87%
2023-07-18T15:16:45.357Z [Modules] Streaming discord_spellcheck@1 to /home/aiden/.config/discord/0.0.28/modules/pending/discord_spellcheck-1.zip: 88%
2023-07-18T15:16:45.365Z [Modules] Streaming discord_spellcheck@1 to /home/aiden/.config/discord/0.0.28/modules/pending/discord_spellcheck-1.zip: 89%
2023-07-18T15:16:45.371Z [Modules] Streaming discord_spellcheck@1 to /home/aiden/.config/discord/0.0.28/modules/pending/discord_spellcheck-1.zip: 90%
2023-07-18T15:16:45.380Z [Modules] Streaming discord_spellcheck@1 to /home/aiden/.config/discord/0.0.28/modules/pending/discord_spellcheck-1.zip: 91%
2023-07-18T15:16:45.390Z [Modules] Streaming discord_spellcheck@1 to /home/aiden/.config/discord/0.0.28/modules/pending/discord_spellcheck-1.zip: 92%
2023-07-18T15:16:45.405Z [Modules] Streaming discord_spellcheck@1 to /home/aiden/.config/discord/0.0.28/modules/pending/discord_spellcheck-1.zip: 93%
2023-07-18T15:16:45.415Z [Modules] Streaming discord_spellcheck@1 to /home/aiden/.config/discord/0.0.28/modules/pending/discord_spellcheck-1.zip: 94%
2023-07-18T15:16:45.421Z [Modules] Streaming discord_spellcheck@1 to /home/aiden/.config/discord/0.0.28/modules/pending/discord_spellcheck-1.zip: 95%
2023-07-18T15:16:45.424Z [Modules] Streaming discord_spellcheck@1 to /home/aiden/.config/discord/0.0.28/modules/pending/discord_spellcheck-1.zip: 96%
2023-07-18T15:16:45.432Z [Modules] Streaming discord_spellcheck@1 to /home/aiden/.config/discord/0.0.28/modules/pending/discord_spellcheck-1.zip: 97%
2023-07-18T15:16:45.442Z [Modules] Streaming discord_spellcheck@1 to /home/aiden/.config/discord/0.0.28/modules/pending/discord_spellcheck-1.zip: 98%
2023-07-18T15:16:45.458Z [Modules] Streaming discord_spellcheck@1 to /home/aiden/.config/discord/0.0.28/modules/pending/discord_spellcheck-1.zip: 99%
2023-07-18T15:16:45.461Z [Modules] Streaming discord_spellcheck@1 to /home/aiden/.config/discord/0.0.28/modules/pending/discord_spellcheck-1.zip: 100%
2023-07-18T15:16:45.463Z [Modules] Fetching discord_utils@1 from https://discord.com/api/modules/stable/discord_utils/1
2023-07-18T15:16:45.463Z [Modules] Streaming discord_utils@1 to /home/aiden/.config/discord/0.0.28/modules/pending/discord_utils-1.zip
2023-07-18T15:16:45.685Z [Modules] Streaming discord_utils@1 to /home/aiden/.config/discord/0.0.28/modules/pending/discord_utils-1.zip: 2%
2023-07-18T15:16:45.687Z [Modules] Streaming discord_utils@1 to /home/aiden/.config/discord/0.0.28/modules/pending/discord_utils-1.zip: 3%
2023-07-18T15:16:45.690Z [Modules] Streaming discord_utils@1 to /home/aiden/.config/discord/0.0.28/modules/pending/discord_utils-1.zip: 5%
2023-07-18T15:16:45.698Z [Modules] Streaming discord_utils@1 to /home/aiden/.config/discord/0.0.28/modules/pending/discord_utils-1.zip: 8%
2023-07-18T15:16:45.705Z [Modules] Streaming discord_utils@1 to /home/aiden/.config/discord/0.0.28/modules/pending/discord_utils-1.zip: 10%
2023-07-18T15:16:45.707Z [Modules] Streaming discord_utils@1 to /home/aiden/.config/discord/0.0.28/modules/pending/discord_utils-1.zip: 11%
2023-07-18T15:16:45.712Z [Modules] Streaming discord_utils@1 to /home/aiden/.config/discord/0.0.28/modules/pending/discord_utils-1.zip: 13%
2023-07-18T15:16:45.715Z [Modules] Streaming discord_utils@1 to /home/aiden/.config/discord/0.0.28/modules/pending/discord_utils-1.zip: 14%
2023-07-18T15:16:45.722Z [Modules] Streaming discord_utils@1 to /home/aiden/.config/discord/0.0.28/modules/pending/discord_utils-1.zip: 16%
2023-07-18T15:16:45.723Z [Modules] Streaming discord_utils@1 to /home/aiden/.config/discord/0.0.28/modules/pending/discord_utils-1.zip: 17%
2023-07-18T15:16:45.728Z [Modules] Streaming discord_utils@1 to /home/aiden/.config/discord/0.0.28/modules/pending/discord_utils-1.zip: 18%
2023-07-18T15:16:45.732Z [Modules] Streaming discord_utils@1 to /home/aiden/.config/discord/0.0.28/modules/pending/discord_utils-1.zip: 20%
2023-07-18T15:16:45.743Z [Modules] Streaming discord_utils@1 to /home/aiden/.config/discord/0.0.28/modules/pending/discord_utils-1.zip: 21%
2023-07-18T15:16:45.746Z [Modules] Streaming discord_utils@1 to /home/aiden/.config/discord/0.0.28/modules/pending/discord_utils-1.zip: 22%
2023-07-18T15:16:45.749Z [Modules] Streaming discord_utils@1 to /home/aiden/.config/discord/0.0.28/modules/pending/discord_utils-1.zip: 23%
2023-07-18T15:16:45.751Z [Modules] Streaming discord_utils@1 to /home/aiden/.config/discord/0.0.28/modules/pending/discord_utils-1.zip: 24%
2023-07-18T15:16:45.753Z [Modules] Streaming discord_utils@1 to /home/aiden/.config/discord/0.0.28/modules/pending/discord_utils-1.zip: 27%
2023-07-18T15:16:45.754Z [Modules] Streaming discord_utils@1 to /home/aiden/.config/discord/0.0.28/modules/pending/discord_utils-1.zip: 28%
2023-07-18T15:16:45.758Z [Modules] Streaming discord_utils@1 to /home/aiden/.config/discord/0.0.28/modules/pending/discord_utils-1.zip: 30%
2023-07-18T15:16:45.760Z [Modules] Streaming discord_utils@1 to /home/aiden/.config/discord/0.0.28/modules/pending/discord_utils-1.zip: 31%
2023-07-18T15:16:45.765Z [Modules] Streaming discord_utils@1 to /home/aiden/.config/discord/0.0.28/modules/pending/discord_utils-1.zip: 33%
2023-07-18T15:16:45.772Z [Modules] Streaming discord_utils@1 to /home/aiden/.config/discord/0.0.28/modules/pending/discord_utils-1.zip: 35%
2023-07-18T15:16:45.782Z [Modules] Streaming discord_utils@1 to /home/aiden/.config/discord/0.0.28/modules/pending/discord_utils-1.zip: 36%
2023-07-18T15:16:45.784Z [Modules] Streaming discord_utils@1 to /home/aiden/.config/discord/0.0.28/modules/pending/discord_utils-1.zip: 37%
2023-07-18T15:16:45.788Z [Modules] Streaming discord_utils@1 to /home/aiden/.config/discord/0.0.28/modules/pending/discord_utils-1.zip: 39%
2023-07-18T15:16:45.793Z [Modules] Streaming discord_utils@1 to /home/aiden/.config/discord/0.0.28/modules/pending/discord_utils-1.zip: 41%
2023-07-18T15:16:45.794Z [Modules] Streaming discord_utils@1 to /home/aiden/.config/discord/0.0.28/modules/pending/discord_utils-1.zip: 44%
2023-07-18T15:16:45.804Z [Modules] Streaming discord_utils@1 to /home/aiden/.config/discord/0.0.28/modules/pending/discord_utils-1.zip: 45%
2023-07-18T15:16:45.808Z [Modules] Streaming discord_utils@1 to /home/aiden/.config/discord/0.0.28/modules/pending/discord_utils-1.zip: 46%
2023-07-18T15:16:45.809Z [Modules] Streaming discord_utils@1 to /home/aiden/.config/discord/0.0.28/modules/pending/discord_utils-1.zip: 48%
2023-07-18T15:16:45.810Z [Modules] Streaming discord_utils@1 to /home/aiden/.config/discord/0.0.28/modules/pending/discord_utils-1.zip: 50%
2023-07-18T15:16:45.813Z [Modules] Streaming discord_utils@1 to /home/aiden/.config/discord/0.0.28/modules/pending/discord_utils-1.zip: 51%
2023-07-18T15:16:45.815Z [Modules] Streaming discord_utils@1 to /home/aiden/.config/discord/0.0.28/modules/pending/discord_utils-1.zip: 52%
2023-07-18T15:16:45.820Z [Modules] Streaming discord_utils@1 to /home/aiden/.config/discord/0.0.28/modules/pending/discord_utils-1.zip: 53%
2023-07-18T15:16:45.832Z [Modules] Streaming discord_utils@1 to /home/aiden/.config/discord/0.0.28/modules/pending/discord_utils-1.zip: 54%
2023-07-18T15:16:45.843Z [Modules] Streaming discord_utils@1 to /home/aiden/.config/discord/0.0.28/modules/pending/discord_utils-1.zip: 57%
2023-07-18T15:16:45.844Z [Modules] Streaming discord_utils@1 to /home/aiden/.config/discord/0.0.28/modules/pending/discord_utils-1.zip: 59%
2023-07-18T15:16:45.844Z [Modules] Streaming discord_utils@1 to /home/aiden/.config/discord/0.0.28/modules/pending/discord_utils-1.zip: 62%
2023-07-18T15:16:45.852Z [Modules] Streaming discord_utils@1 to /home/aiden/.config/discord/0.0.28/modules/pending/discord_utils-1.zip: 63%
2023-07-18T15:16:45.857Z [Modules] Streaming discord_utils@1 to /home/aiden/.config/discord/0.0.28/modules/pending/discord_utils-1.zip: 66%
2023-07-18T15:16:45.865Z [Modules] Streaming discord_utils@1 to /home/aiden/.config/discord/0.0.28/modules/pending/discord_utils-1.zip: 69%
2023-07-18T15:16:45.871Z [Modules] Streaming discord_utils@1 to /home/aiden/.config/discord/0.0.28/modules/pending/discord_utils-1.zip: 71%
2023-07-18T15:16:45.877Z [Modules] Streaming discord_utils@1 to /home/aiden/.config/discord/0.0.28/modules/pending/discord_utils-1.zip: 73%
2023-07-18T15:16:45.882Z [Modules] Streaming discord_utils@1 to /home/aiden/.config/discord/0.0.28/modules/pending/discord_utils-1.zip: 74%
2023-07-18T15:16:45.883Z [Modules] Streaming discord_utils@1 to /home/aiden/.config/discord/0.0.28/modules/pending/discord_utils-1.zip: 76%
2023-07-18T15:16:45.884Z [Modules] Streaming discord_utils@1 to /home/aiden/.config/discord/0.0.28/modules/pending/discord_utils-1.zip: 78%
2023-07-18T15:16:45.887Z [Modules] Streaming discord_utils@1 to /home/aiden/.config/discord/0.0.28/modules/pending/discord_utils-1.zip: 79%
2023-07-18T15:16:45.896Z [Modules] Streaming discord_utils@1 to /home/aiden/.config/discord/0.0.28/modules/pending/discord_utils-1.zip: 81%
2023-07-18T15:16:45.897Z [Modules] Streaming discord_utils@1 to /home/aiden/.config/discord/0.0.28/modules/pending/discord_utils-1.zip: 83%
2023-07-18T15:16:45.903Z [Modules] Streaming discord_utils@1 to /home/aiden/.config/discord/0.0.28/modules/pending/discord_utils-1.zip: 86%
2023-07-18T15:16:45.908Z [Modules] Streaming discord_utils@1 to /home/aiden/.config/discord/0.0.28/modules/pending/discord_utils-1.zip: 87%
2023-07-18T15:16:45.913Z [Modules] Streaming discord_utils@1 to /home/aiden/.config/discord/0.0.28/modules/pending/discord_utils-1.zip: 89%
2023-07-18T15:16:45.916Z [Modules] Streaming discord_utils@1 to /home/aiden/.config/discord/0.0.28/modules/pending/discord_utils-1.zip: 90%
2023-07-18T15:16:45.919Z [Modules] Streaming discord_utils@1 to /home/aiden/.config/discord/0.0.28/modules/pending/discord_utils-1.zip: 91%
2023-07-18T15:16:45.924Z [Modules] Streaming discord_utils@1 to /home/aiden/.config/discord/0.0.28/modules/pending/discord_utils-1.zip: 94%
2023-07-18T15:16:45.927Z [Modules] Streaming discord_utils@1 to /home/aiden/.config/discord/0.0.28/modules/pending/discord_utils-1.zip: 95%
2023-07-18T15:16:45.930Z [Modules] Streaming discord_utils@1 to /home/aiden/.config/discord/0.0.28/modules/pending/discord_utils-1.zip: 96%
2023-07-18T15:16:45.939Z [Modules] Streaming discord_utils@1 to /home/aiden/.config/discord/0.0.28/modules/pending/discord_utils-1.zip: 99%
2023-07-18T15:16:45.940Z [Modules] Streaming discord_utils@1 to /home/aiden/.config/discord/0.0.28/modules/pending/discord_utils-1.zip: 100%
2023-07-18T15:16:45.941Z [Modules] Fetching discord_voice@1 from https://discord.com/api/modules/stable/discord_voice/1
2023-07-18T15:16:45.942Z [Modules] Streaming discord_voice@1 to /home/aiden/.config/discord/0.0.28/modules/pending/discord_voice-1.zip
2023-07-18T15:16:46.204Z [Modules] Streaming discord_voice@1 to /home/aiden/.config/discord/0.0.28/modules/pending/discord_voice-1.zip: 1%
2023-07-18T15:16:46.226Z [Modules] Streaming discord_voice@1 to /home/aiden/.config/discord/0.0.28/modules/pending/discord_voice-1.zip: 2%
2023-07-18T15:16:46.242Z [Modules] Streaming discord_voice@1 to /home/aiden/.config/discord/0.0.28/modules/pending/discord_voice-1.zip: 3%
2023-07-18T15:16:46.267Z [Modules] Streaming discord_voice@1 to /home/aiden/.config/discord/0.0.28/modules/pending/discord_voice-1.zip: 4%
2023-07-18T15:16:46.277Z [Modules] Streaming discord_voice@1 to /home/aiden/.config/discord/0.0.28/modules/pending/discord_voice-1.zip: 5%
2023-07-18T15:16:46.297Z [Modules] Streaming discord_voice@1 to /home/aiden/.config/discord/0.0.28/modules/pending/discord_voice-1.zip: 6%
2023-07-18T15:16:46.315Z [Modules] Streaming discord_voice@1 to /home/aiden/.config/discord/0.0.28/modules/pending/discord_voice-1.zip: 7%
2023-07-18T15:16:46.342Z [Modules] Streaming discord_voice@1 to /home/aiden/.config/discord/0.0.28/modules/pending/discord_voice-1.zip: 8%
2023-07-18T15:16:46.350Z [Modules] Streaming discord_voice@1 to /home/aiden/.config/discord/0.0.28/modules/pending/discord_voice-1.zip: 9%
2023-07-18T15:16:46.369Z [Modules] Streaming discord_voice@1 to /home/aiden/.config/discord/0.0.28/modules/pending/discord_voice-1.zip: 10%
2023-07-18T15:16:46.395Z [Modules] Streaming discord_voice@1 to /home/aiden/.config/discord/0.0.28/modules/pending/discord_voice-1.zip: 11%
2023-07-18T15:16:46.407Z [Modules] Streaming discord_voice@1 to /home/aiden/.config/discord/0.0.28/modules/pending/discord_voice-1.zip: 12%
2023-07-18T15:16:46.422Z [Modules] Streaming discord_voice@1 to /home/aiden/.config/discord/0.0.28/modules/pending/discord_voice-1.zip: 13%
2023-07-18T15:16:46.446Z [Modules] Streaming discord_voice@1 to /home/aiden/.config/discord/0.0.28/modules/pending/discord_voice-1.zip: 14%
2023-07-18T15:16:46.470Z [Modules] Streaming discord_voice@1 to /home/aiden/.config/discord/0.0.28/modules/pending/discord_voice-1.zip: 15%
2023-07-18T15:16:46.488Z [Modules] Streaming discord_voice@1 to /home/aiden/.config/discord/0.0.28/modules/pending/discord_voice-1.zip: 16%
2023-07-18T15:16:46.496Z [Modules] Streaming discord_voice@1 to /home/aiden/.config/discord/0.0.28/modules/pending/discord_voice-1.zip: 17%
2023-07-18T15:16:46.525Z [Modules] Streaming discord_voice@1 to /home/aiden/.config/discord/0.0.28/modules/pending/discord_voice-1.zip: 18%
2023-07-18T15:16:46.535Z [Modules] Streaming discord_voice@1 to /home/aiden/.config/discord/0.0.28/modules/pending/discord_voice-1.zip: 19%
2023-07-18T15:16:46.559Z [Modules] Streaming discord_voice@1 to /home/aiden/.config/discord/0.0.28/modules/pending/discord_voice-1.zip: 20%
2023-07-18T15:16:46.570Z [Modules] Streaming discord_voice@1 to /home/aiden/.config/discord/0.0.28/modules/pending/discord_voice-1.zip: 21%
2023-07-18T15:16:46.588Z [Modules] Streaming discord_voice@1 to /home/aiden/.config/discord/0.0.28/modules/pending/discord_voice-1.zip: 22%
2023-07-18T15:16:46.607Z [Modules] Streaming discord_voice@1 to /home/aiden/.config/discord/0.0.28/modules/pending/discord_voice-1.zip: 23%
2023-07-18T15:16:46.637Z [Modules] Streaming discord_voice@1 to /home/aiden/.config/discord/0.0.28/modules/pending/discord_voice-1.zip: 24%
2023-07-18T15:16:46.654Z [Modules] Streaming discord_voice@1 to /home/aiden/.config/discord/0.0.28/modules/pending/discord_voice-1.zip: 25%
2023-07-18T15:16:46.672Z [Modules] Streaming discord_voice@1 to /home/aiden/.config/discord/0.0.28/modules/pending/discord_voice-1.zip: 26%
2023-07-18T15:16:46.690Z [Modules] Streaming discord_voice@1 to /home/aiden/.config/discord/0.0.28/modules/pending/discord_voice-1.zip: 27%
2023-07-18T15:16:46.706Z [Modules] Streaming discord_voice@1 to /home/aiden/.config/discord/0.0.28/modules/pending/discord_voice-1.zip: 28%
2023-07-18T15:16:46.724Z [Modules] Streaming discord_voice@1 to /home/aiden/.config/discord/0.0.28/modules/pending/discord_voice-1.zip: 29%
2023-07-18T15:16:46.744Z [Modules] Streaming discord_voice@1 to /home/aiden/.config/discord/0.0.28/modules/pending/discord_voice-1.zip: 30%
2023-07-18T15:16:46.772Z [Modules] Streaming discord_voice@1 to /home/aiden/.config/discord/0.0.28/modules/pending/discord_voice-1.zip: 31%
2023-07-18T15:16:46.781Z [Modules] Streaming discord_voice@1 to /home/aiden/.config/discord/0.0.28/modules/pending/discord_voice-1.zip: 32%
2023-07-18T15:16:46.805Z [Modules] Streaming discord_voice@1 to /home/aiden/.config/discord/0.0.28/modules/pending/discord_voice-1.zip: 33%
2023-07-18T15:16:46.815Z [Modules] Streaming discord_voice@1 to /home/aiden/.config/discord/0.0.28/modules/pending/discord_voice-1.zip: 34%
2023-07-18T15:16:46.841Z [Modules] Streaming discord_voice@1 to /home/aiden/.config/discord/0.0.28/modules/pending/discord_voice-1.zip: 35%
2023-07-18T15:16:46.852Z [Modules] Streaming discord_voice@1 to /home/aiden/.config/discord/0.0.28/modules/pending/discord_voice-1.zip: 36%
2023-07-18T15:16:46.874Z [Modules] Streaming discord_voice@1 to /home/aiden/.config/discord/0.0.28/modules/pending/discord_voice-1.zip: 37%
2023-07-18T15:16:46.899Z [Modules] Streaming discord_voice@1 to /home/aiden/.config/discord/0.0.28/modules/pending/discord_voice-1.zip: 38%
2023-07-18T15:16:46.908Z [Modules] Streaming discord_voice@1 to /home/aiden/.config/discord/0.0.28/modules/pending/discord_voice-1.zip: 39%
2023-07-18T15:16:46.925Z [Modules] Streaming discord_voice@1 to /home/aiden/.config/discord/0.0.28/modules/pending/discord_voice-1.zip: 40%
2023-07-18T15:16:46.941Z [Modules] Streaming discord_voice@1 to /home/aiden/.config/discord/0.0.28/modules/pending/discord_voice-1.zip: 41%
2023-07-18T15:16:46.969Z [Modules] Streaming discord_voice@1 to /home/aiden/.config/discord/0.0.28/modules/pending/discord_voice-1.zip: 42%
2023-07-18T15:16:46.989Z [Modules] Streaming discord_voice@1 to /home/aiden/.config/discord/0.0.28/modules/pending/discord_voice-1.zip: 43%
2023-07-18T15:16:46.998Z [Modules] Streaming discord_voice@1 to /home/aiden/.config/discord/0.0.28/modules/pending/discord_voice-1.zip: 44%
2023-07-18T15:16:47.022Z [Modules] Streaming discord_voice@1 to /home/aiden/.config/discord/0.0.28/modules/pending/discord_voice-1.zip: 45%
2023-07-18T15:16:47.036Z [Modules] Streaming discord_voice@1 to /home/aiden/.config/discord/0.0.28/modules/pending/discord_voice-1.zip: 46%
2023-07-18T15:16:47.114Z [Modules] Streaming discord_voice@1 to /home/aiden/.config/discord/0.0.28/modules/pending/discord_voice-1.zip: 47%
2023-07-18T15:16:47.149Z [Modules] Streaming discord_voice@1 to /home/aiden/.config/discord/0.0.28/modules/pending/discord_voice-1.zip: 48%
2023-07-18T15:16:47.154Z [Modules] Streaming discord_voice@1 to /home/aiden/.config/discord/0.0.28/modules/pending/discord_voice-1.zip: 49%
2023-07-18T15:16:47.172Z [Modules] Streaming discord_voice@1 to /home/aiden/.config/discord/0.0.28/modules/pending/discord_voice-1.zip: 50%
2023-07-18T15:16:47.197Z [Modules] Streaming discord_voice@1 to /home/aiden/.config/discord/0.0.28/modules/pending/discord_voice-1.zip: 51%
2023-07-18T15:16:47.210Z [Modules] Streaming discord_voice@1 to /home/aiden/.config/discord/0.0.28/modules/pending/discord_voice-1.zip: 52%
2023-07-18T15:16:47.228Z [Modules] Streaming discord_voice@1 to /home/aiden/.config/discord/0.0.28/modules/pending/discord_voice-1.zip: 53%
2023-07-18T15:16:47.244Z [Modules] Streaming discord_voice@1 to /home/aiden/.config/discord/0.0.28/modules/pending/discord_voice-1.zip: 54%
2023-07-18T15:16:47.259Z [Modules] Streaming discord_voice@1 to /home/aiden/.config/discord/0.0.28/modules/pending/discord_voice-1.zip: 55%
2023-07-18T15:16:47.286Z [Modules] Streaming discord_voice@1 to /home/aiden/.config/discord/0.0.28/modules/pending/discord_voice-1.zip: 56%
2023-07-18T15:16:47.297Z [Modules] Streaming discord_voice@1 to /home/aiden/.config/discord/0.0.28/modules/pending/discord_voice-1.zip: 57%
2023-07-18T15:16:47.320Z [Modules] Streaming discord_voice@1 to /home/aiden/.config/discord/0.0.28/modules/pending/discord_voice-1.zip: 58%
2023-07-18T15:16:47.333Z [Modules] Streaming discord_voice@1 to /home/aiden/.config/discord/0.0.28/modules/pending/discord_voice-1.zip: 59%
2023-07-18T15:16:47.360Z [Modules] Streaming discord_voice@1 to /home/aiden/.config/discord/0.0.28/modules/pending/discord_voice-1.zip: 60%
2023-07-18T15:16:47.375Z [Modules] Streaming discord_voice@1 to /home/aiden/.config/discord/0.0.28/modules/pending/discord_voice-1.zip: 61%
2023-07-18T15:16:47.399Z [Modules] Streaming discord_voice@1 to /home/aiden/.config/discord/0.0.28/modules/pending/discord_voice-1.zip: 62%
2023-07-18T15:16:47.413Z [Modules] Streaming discord_voice@1 to /home/aiden/.config/discord/0.0.28/modules/pending/discord_voice-1.zip: 63%
2023-07-18T15:16:47.425Z [Modules] Streaming discord_voice@1 to /home/aiden/.config/discord/0.0.28/modules/pending/discord_voice-1.zip: 64%
2023-07-18T15:16:47.442Z [Modules] Streaming discord_voice@1 to /home/aiden/.config/discord/0.0.28/modules/pending/discord_voice-1.zip: 65%
2023-07-18T15:16:47.463Z [Modules] Streaming discord_voice@1 to /home/aiden/.config/discord/0.0.28/modules/pending/discord_voice-1.zip: 66%
2023-07-18T15:16:47.480Z [Modules] Streaming discord_voice@1 to /home/aiden/.config/discord/0.0.28/modules/pending/discord_voice-1.zip: 67%
2023-07-18T15:16:47.506Z [Modules] Streaming discord_voice@1 to /home/aiden/.config/discord/0.0.28/modules/pending/discord_voice-1.zip: 68%
2023-07-18T15:16:47.513Z [Modules] Streaming discord_voice@1 to /home/aiden/.config/discord/0.0.28/modules/pending/discord_voice-1.zip: 69%
2023-07-18T15:16:47.532Z [Modules] Streaming discord_voice@1 to /home/aiden/.config/discord/0.0.28/modules/pending/discord_voice-1.zip: 70%
2023-07-18T15:16:47.556Z [Modules] Streaming discord_voice@1 to /home/aiden/.config/discord/0.0.28/modules/pending/discord_voice-1.zip: 71%
2023-07-18T15:16:47.572Z [Modules] Streaming discord_voice@1 to /home/aiden/.config/discord/0.0.28/modules/pending/discord_voice-1.zip: 72%
2023-07-18T15:16:47.594Z [Modules] Streaming discord_voice@1 to /home/aiden/.config/discord/0.0.28/modules/pending/discord_voice-1.zip: 73%
2023-07-18T15:16:47.605Z [Modules] Streaming discord_voice@1 to /home/aiden/.config/discord/0.0.28/modules/pending/discord_voice-1.zip: 74%
2023-07-18T15:16:47.625Z [Modules] Streaming discord_voice@1 to /home/aiden/.config/discord/0.0.28/modules/pending/discord_voice-1.zip: 75%
2023-07-18T15:16:47.646Z [Modules] Streaming discord_voice@1 to /home/aiden/.config/discord/0.0.28/modules/pending/discord_voice-1.zip: 76%
2023-07-18T15:16:47.664Z [Modules] Streaming discord_voice@1 to /home/aiden/.config/discord/0.0.28/modules/pending/discord_voice-1.zip: 77%
2023-07-18T15:16:47.688Z [Modules] Streaming discord_voice@1 to /home/aiden/.config/discord/0.0.28/modules/pending/discord_voice-1.zip: 78%
2023-07-18T15:16:47.698Z [Modules] Streaming discord_voice@1 to /home/aiden/.config/discord/0.0.28/modules/pending/discord_voice-1.zip: 79%
2023-07-18T15:16:47.726Z [Modules] Streaming discord_voice@1 to /home/aiden/.config/discord/0.0.28/modules/pending/discord_voice-1.zip: 80%
2023-07-18T15:16:47.737Z [Modules] Streaming discord_voice@1 to /home/aiden/.config/discord/0.0.28/modules/pending/discord_voice-1.zip: 81%
2023-07-18T15:16:47.768Z [Modules] Streaming discord_voice@1 to /home/aiden/.config/discord/0.0.28/modules/pending/discord_voice-1.zip: 82%
2023-07-18T15:16:47.777Z [Modules] Streaming discord_voice@1 to /home/aiden/.config/discord/0.0.28/modules/pending/discord_voice-1.zip: 83%
2023-07-18T15:16:47.795Z [Modules] Streaming discord_voice@1 to /home/aiden/.config/discord/0.0.28/modules/pending/discord_voice-1.zip: 84%
2023-07-18T15:16:47.811Z [Modules] Streaming discord_voice@1 to /home/aiden/.config/discord/0.0.28/modules/pending/discord_voice-1.zip: 85%
2023-07-18T15:16:47.827Z [Modules] Streaming discord_voice@1 to /home/aiden/.config/discord/0.0.28/modules/pending/discord_voice-1.zip: 86%
2023-07-18T15:16:47.848Z [Modules] Streaming discord_voice@1 to /home/aiden/.config/discord/0.0.28/modules/pending/discord_voice-1.zip: 87%
2023-07-18T15:16:47.876Z [Modules] Streaming discord_voice@1 to /home/aiden/.config/discord/0.0.28/modules/pending/discord_voice-1.zip: 88%
2023-07-18T15:16:47.883Z [Modules] Streaming discord_voice@1 to /home/aiden/.config/discord/0.0.28/modules/pending/discord_voice-1.zip: 89%
2023-07-18T15:16:47.901Z [Modules] Streaming discord_voice@1 to /home/aiden/.config/discord/0.0.28/modules/pending/discord_voice-1.zip: 90%
2023-07-18T15:16:47.921Z [Modules] Streaming discord_voice@1 to /home/aiden/.config/discord/0.0.28/modules/pending/discord_voice-1.zip: 91%
2023-07-18T15:16:47.939Z [Modules] Streaming discord_voice@1 to /home/aiden/.config/discord/0.0.28/modules/pending/discord_voice-1.zip: 92%
2023-07-18T15:16:47.959Z [Modules] Streaming discord_voice@1 to /home/aiden/.config/discord/0.0.28/modules/pending/discord_voice-1.zip: 93%
2023-07-18T15:16:47.976Z [Modules] Streaming discord_voice@1 to /home/aiden/.config/discord/0.0.28/modules/pending/discord_voice-1.zip: 94%
2023-07-18T15:16:48.006Z [Modules] Streaming discord_voice@1 to /home/aiden/.config/discord/0.0.28/modules/pending/discord_voice-1.zip: 95%
2023-07-18T15:16:48.013Z [Modules] Streaming discord_voice@1 to /home/aiden/.config/discord/0.0.28/modules/pending/discord_voice-1.zip: 96%
2023-07-18T15:16:48.040Z [Modules] Streaming discord_voice@1 to /home/aiden/.config/discord/0.0.28/modules/pending/discord_voice-1.zip: 97%
2023-07-18T15:16:48.050Z [Modules] Streaming discord_voice@1 to /home/aiden/.config/discord/0.0.28/modules/pending/discord_voice-1.zip: 98%
2023-07-18T15:16:48.067Z [Modules] Streaming discord_voice@1 to /home/aiden/.config/discord/0.0.28/modules/pending/discord_voice-1.zip: 99%
2023-07-18T15:16:48.087Z [Modules] Streaming discord_voice@1 to /home/aiden/.config/discord/0.0.28/modules/pending/discord_voice-1.zip: 100%
2023-07-18T15:16:48.089Z [Modules] Finished module downloads. [success: 5] [failure: 0]
2023-07-18T15:16:48.089Z [Modules] Installing updates...
2023-07-18T15:16:48.090Z [Modules] Installing discord_desktop_core@1 from /home/aiden/.config/discord/0.0.28/modules/pending/discord_desktop_core-1.zip
2023-07-18T15:16:48.254Z [Modules] Installing discord_erlpack@1 from /home/aiden/.config/discord/0.0.28/modules/pending/discord_erlpack-1.zip
2023-07-18T15:16:48.382Z [Modules] Installing discord_spellcheck@1 from /home/aiden/.config/discord/0.0.28/modules/pending/discord_spellcheck-1.zip
2023-07-18T15:16:49.649Z [Modules] Installing discord_utils@1 from /home/aiden/.config/discord/0.0.28/modules/pending/discord_utils-1.zip
2023-07-18T15:16:50.416Z [Modules] Installing discord_voice@1 from /home/aiden/.config/discord/0.0.28/modules/pending/discord_voice-1.zip
2023-07-18T15:16:51.741Z [Modules] Finished module installations. [success: 5] [failure: 0]
2023-07-18T15:16:51.742Z [Modules] Checking for host updates.
2023-07-18T15:16:51.891Z [Modules] Host is up to date.
2023-07-18T15:16:51.892Z [Modules] Checking for module updates at https://discord.com/api/modules/stable/versions.json
2023-07-18T15:16:51.895Z [Modules] No module updates available.
2023-07-18T15:16:54.438Z [Modules] Starting to install discord_krisp...
2023-07-18T15:16:54.438Z [Modules] Fetching discord_krisp@1 from https://discord.com/api/modules/stable/discord_krisp/1
2023-07-18T15:16:54.439Z [Modules] Streaming discord_krisp@1 to /home/aiden/.config/discord/0.0.28/modules/pending/discord_krisp-1.zip
2023-07-18T15:16:54.465Z [Modules] Starting to install discord_game_utils...
2023-07-18T15:16:54.719Z [Modules] Streaming discord_krisp@1 to /home/aiden/.config/discord/0.0.28/modules/pending/discord_krisp-1.zip: 1%
2023-07-18T15:16:54.740Z [Modules] Streaming discord_krisp@1 to /home/aiden/.config/discord/0.0.28/modules/pending/discord_krisp-1.zip: 2%
2023-07-18T15:16:54.748Z [Modules] Streaming discord_krisp@1 to /home/aiden/.config/discord/0.0.28/modules/pending/discord_krisp-1.zip: 3%
2023-07-18T15:16:54.772Z [Modules] Streaming discord_krisp@1 to /home/aiden/.config/discord/0.0.28/modules/pending/discord_krisp-1.zip: 4%
2023-07-18T15:16:54.788Z [Modules] Streaming discord_krisp@1 to /home/aiden/.config/discord/0.0.28/modules/pending/discord_krisp-1.zip: 5%
2023-07-18T15:16:54.820Z [Modules] Streaming discord_krisp@1 to /home/aiden/.config/discord/0.0.28/modules/pending/discord_krisp-1.zip: 6%
2023-07-18T15:16:54.827Z [Modules] Streaming discord_krisp@1 to /home/aiden/.config/discord/0.0.28/modules/pending/discord_krisp-1.zip: 7%
2023-07-18T15:16:54.879Z [Modules] Streaming discord_krisp@1 to /home/aiden/.config/discord/0.0.28/modules/pending/discord_krisp-1.zip: 8%
2023-07-18T15:16:54.951Z [Modules] Streaming discord_krisp@1 to /home/aiden/.config/discord/0.0.28/modules/pending/discord_krisp-1.zip: 9%
2023-07-18T15:16:55.002Z [Modules] Streaming discord_krisp@1 to /home/aiden/.config/discord/0.0.28/modules/pending/discord_krisp-1.zip: 10%
2023-07-18T15:16:55.011Z [Modules] Streaming discord_krisp@1 to /home/aiden/.config/discord/0.0.28/modules/pending/discord_krisp-1.zip: 11%
2023-07-18T15:16:55.022Z [Modules] Streaming discord_krisp@1 to /home/aiden/.config/discord/0.0.28/modules/pending/discord_krisp-1.zip: 12%
2023-07-18T15:16:55.029Z [Modules] Streaming discord_krisp@1 to /home/aiden/.config/discord/0.0.28/modules/pending/discord_krisp-1.zip: 13%
2023-07-18T15:16:55.041Z [Modules] Streaming discord_krisp@1 to /home/aiden/.config/discord/0.0.28/modules/pending/discord_krisp-1.zip: 14%
2023-07-18T15:16:55.044Z [Modules] Streaming discord_krisp@1 to /home/aiden/.config/discord/0.0.28/modules/pending/discord_krisp-1.zip: 15%
2023-07-18T15:16:55.046Z [Modules] Streaming discord_krisp@1 to /home/aiden/.config/discord/0.0.28/modules/pending/discord_krisp-1.zip: 16%
2023-07-18T15:16:55.049Z [Modules] Streaming discord_krisp@1 to /home/aiden/.config/discord/0.0.28/modules/pending/discord_krisp-1.zip: 17%
2023-07-18T15:16:55.067Z [Modules] Streaming discord_krisp@1 to /home/aiden/.config/discord/0.0.28/modules/pending/discord_krisp-1.zip: 18%
2023-07-18T15:16:55.092Z [Modules] Streaming discord_krisp@1 to /home/aiden/.config/discord/0.0.28/modules/pending/discord_krisp-1.zip: 19%
2023-07-18T15:16:55.114Z [Modules] Streaming discord_krisp@1 to /home/aiden/.config/discord/0.0.28/modules/pending/discord_krisp-1.zip: 20%
2023-07-18T15:16:55.136Z [Modules] Streaming discord_krisp@1 to /home/aiden/.config/discord/0.0.28/modules/pending/discord_krisp-1.zip: 21%
2023-07-18T15:16:55.159Z [Modules] Streaming discord_krisp@1 to /home/aiden/.config/discord/0.0.28/modules/pending/discord_krisp-1.zip: 22%
2023-07-18T15:16:55.178Z [Modules] Streaming discord_krisp@1 to /home/aiden/.config/discord/0.0.28/modules/pending/discord_krisp-1.zip: 23%
2023-07-18T15:16:55.195Z [Modules] Streaming discord_krisp@1 to /home/aiden/.config/discord/0.0.28/modules/pending/discord_krisp-1.zip: 24%
2023-07-18T15:16:55.498Z [Modules] Streaming discord_krisp@1 to /home/aiden/.config/discord/0.0.28/modules/pending/discord_krisp-1.zip: 25%
2023-07-18T15:16:55.529Z [Modules] Streaming discord_krisp@1 to /home/aiden/.config/discord/0.0.28/modules/pending/discord_krisp-1.zip: 26%
2023-07-18T15:16:55.541Z [Modules] Streaming discord_krisp@1 to /home/aiden/.config/discord/0.0.28/modules/pending/discord_krisp-1.zip: 27%
2023-07-18T15:16:55.560Z [Modules] Streaming discord_krisp@1 to /home/aiden/.config/discord/0.0.28/modules/pending/discord_krisp-1.zip: 28%
2023-07-18T15:16:55.577Z [Modules] Streaming discord_krisp@1 to /home/aiden/.config/discord/0.0.28/modules/pending/discord_krisp-1.zip: 29%
2023-07-18T15:16:55.598Z [Modules] Streaming discord_krisp@1 to /home/aiden/.config/discord/0.0.28/modules/pending/discord_krisp-1.zip: 30%
2023-07-18T15:16:55.618Z [Modules] Streaming discord_krisp@1 to /home/aiden/.config/discord/0.0.28/modules/pending/discord_krisp-1.zip: 31%
2023-07-18T15:16:55.626Z [Modules] Streaming discord_krisp@1 to /home/aiden/.config/discord/0.0.28/modules/pending/discord_krisp-1.zip: 32%
2023-07-18T15:16:55.641Z [Modules] Streaming discord_krisp@1 to /home/aiden/.config/discord/0.0.28/modules/pending/discord_krisp-1.zip: 33%
2023-07-18T15:16:55.644Z [Modules] Streaming discord_krisp@1 to /home/aiden/.config/discord/0.0.28/modules/pending/discord_krisp-1.zip: 34%
2023-07-18T15:16:55.648Z [Modules] Streaming discord_krisp@1 to /home/aiden/.config/discord/0.0.28/modules/pending/discord_krisp-1.zip: 35%
2023-07-18T15:16:55.652Z [Modules] Streaming discord_krisp@1 to /home/aiden/.config/discord/0.0.28/modules/pending/discord_krisp-1.zip: 36%
2023-07-18T15:16:55.654Z [Modules] Streaming discord_krisp@1 to /home/aiden/.config/discord/0.0.28/modules/pending/discord_krisp-1.zip: 37%
2023-07-18T15:16:55.656Z [Modules] Streaming discord_krisp@1 to /home/aiden/.config/discord/0.0.28/modules/pending/discord_krisp-1.zip: 38%
2023-07-18T15:16:55.657Z [Modules] Streaming discord_krisp@1 to /home/aiden/.config/discord/0.0.28/modules/pending/discord_krisp-1.zip: 39%
2023-07-18T15:16:55.660Z [Modules] Streaming discord_krisp@1 to /home/aiden/.config/discord/0.0.28/modules/pending/discord_krisp-1.zip: 40%
2023-07-18T15:16:55.665Z [Modules] Streaming discord_krisp@1 to /home/aiden/.config/discord/0.0.28/modules/pending/discord_krisp-1.zip: 41%
2023-07-18T15:16:55.671Z [Modules] Streaming discord_krisp@1 to /home/aiden/.config/discord/0.0.28/modules/pending/discord_krisp-1.zip: 42%
2023-07-18T15:16:55.676Z [Modules] Streaming discord_krisp@1 to /home/aiden/.config/discord/0.0.28/modules/pending/discord_krisp-1.zip: 43%
2023-07-18T15:16:55.678Z [Modules] Streaming discord_krisp@1 to /home/aiden/.config/discord/0.0.28/modules/pending/discord_krisp-1.zip: 44%
2023-07-18T15:16:55.681Z [Modules] Streaming discord_krisp@1 to /home/aiden/.config/discord/0.0.28/modules/pending/discord_krisp-1.zip: 46%
2023-07-18T15:16:55.689Z [Modules] Streaming discord_krisp@1 to /home/aiden/.config/discord/0.0.28/modules/pending/discord_krisp-1.zip: 47%
2023-07-18T15:16:55.728Z [Modules] Streaming discord_krisp@1 to /home/aiden/.config/discord/0.0.28/modules/pending/discord_krisp-1.zip: 48%
2023-07-18T15:16:55.729Z [Modules] Streaming discord_krisp@1 to /home/aiden/.config/discord/0.0.28/modules/pending/discord_krisp-1.zip: 49%
2023-07-18T15:16:55.742Z [Modules] Streaming discord_krisp@1 to /home/aiden/.config/discord/0.0.28/modules/pending/discord_krisp-1.zip: 50%
2023-07-18T15:16:55.769Z [Modules] Streaming discord_krisp@1 to /home/aiden/.config/discord/0.0.28/modules/pending/discord_krisp-1.zip: 51%
2023-07-18T15:16:55.776Z [Modules] Streaming discord_krisp@1 to /home/aiden/.config/discord/0.0.28/modules/pending/discord_krisp-1.zip: 52%
2023-07-18T15:16:55.803Z [Modules] Streaming discord_krisp@1 to /home/aiden/.config/discord/0.0.28/modules/pending/discord_krisp-1.zip: 53%
2023-07-18T15:16:55.815Z [Modules] Streaming discord_krisp@1 to /home/aiden/.config/discord/0.0.28/modules/pending/discord_krisp-1.zip: 54%
2023-07-18T15:16:55.841Z [Modules] Streaming discord_krisp@1 to /home/aiden/.config/discord/0.0.28/modules/pending/discord_krisp-1.zip: 55%
2023-07-18T15:16:55.858Z [Modules] Streaming discord_krisp@1 to /home/aiden/.config/discord/0.0.28/modules/pending/discord_krisp-1.zip: 56%
2023-07-18T15:16:55.887Z [Modules] Streaming discord_krisp@1 to /home/aiden/.config/discord/0.0.28/modules/pending/discord_krisp-1.zip: 57%
2023-07-18T15:16:55.899Z [Modules] Streaming discord_krisp@1 to /home/aiden/.config/discord/0.0.28/modules/pending/discord_krisp-1.zip: 58%
2023-07-18T15:16:55.919Z [Modules] Streaming discord_krisp@1 to /home/aiden/.config/discord/0.0.28/modules/pending/discord_krisp-1.zip: 59%
2023-07-18T15:16:55.941Z [Modules] Streaming discord_krisp@1 to /home/aiden/.config/discord/0.0.28/modules/pending/discord_krisp-1.zip: 60%
2023-07-18T15:16:55.956Z [Modules] Streaming discord_krisp@1 to /home/aiden/.config/discord/0.0.28/modules/pending/discord_krisp-1.zip: 61%
2023-07-18T15:16:55.985Z [Modules] Streaming discord_krisp@1 to /home/aiden/.config/discord/0.0.28/modules/pending/discord_krisp-1.zip: 62%
2023-07-18T15:16:55.997Z [Modules] Streaming discord_krisp@1 to /home/aiden/.config/discord/0.0.28/modules/pending/discord_krisp-1.zip: 63%
2023-07-18T15:16:56.028Z [Modules] Streaming discord_krisp@1 to /home/aiden/.config/discord/0.0.28/modules/pending/discord_krisp-1.zip: 64%
2023-07-18T15:16:56.041Z [Modules] Streaming discord_krisp@1 to /home/aiden/.config/discord/0.0.28/modules/pending/discord_krisp-1.zip: 65%
2023-07-18T15:16:56.073Z [Modules] Streaming discord_krisp@1 to /home/aiden/.config/discord/0.0.28/modules/pending/discord_krisp-1.zip: 66%
2023-07-18T15:16:56.094Z [Modules] Streaming discord_krisp@1 to /home/aiden/.config/discord/0.0.28/modules/pending/discord_krisp-1.zip: 67%
2023-07-18T15:16:56.127Z [Modules] Streaming discord_krisp@1 to /home/aiden/.config/discord/0.0.28/modules/pending/discord_krisp-1.zip: 68%
2023-07-18T15:16:56.138Z [Modules] Streaming discord_krisp@1 to /home/aiden/.config/discord/0.0.28/modules/pending/discord_krisp-1.zip: 69%
2023-07-18T15:16:56.165Z [Modules] Streaming discord_krisp@1 to /home/aiden/.config/discord/0.0.28/modules/pending/discord_krisp-1.zip: 70%
2023-07-18T15:16:56.173Z [Modules] Streaming discord_krisp@1 to /home/aiden/.config/discord/0.0.28/modules/pending/discord_krisp-1.zip: 71%
2023-07-18T15:16:56.193Z [Modules] Streaming discord_krisp@1 to /home/aiden/.config/discord/0.0.28/modules/pending/discord_krisp-1.zip: 72%
2023-07-18T15:16:56.216Z [Modules] Streaming discord_krisp@1 to /home/aiden/.config/discord/0.0.28/modules/pending/discord_krisp-1.zip: 73%
2023-07-18T15:16:56.241Z [Modules] Streaming discord_krisp@1 to /home/aiden/.config/discord/0.0.28/modules/pending/discord_krisp-1.zip: 74%
2023-07-18T15:16:56.254Z [Modules] Streaming discord_krisp@1 to /home/aiden/.config/discord/0.0.28/modules/pending/discord_krisp-1.zip: 75%
2023-07-18T15:16:56.272Z [Modules] Streaming discord_krisp@1 to /home/aiden/.config/discord/0.0.28/modules/pending/discord_krisp-1.zip: 76%
2023-07-18T15:16:56.304Z [Modules] Streaming discord_krisp@1 to /home/aiden/.config/discord/0.0.28/modules/pending/discord_krisp-1.zip: 77%
2023-07-18T15:16:56.313Z [Modules] Streaming discord_krisp@1 to /home/aiden/.config/discord/0.0.28/modules/pending/discord_krisp-1.zip: 78%
2023-07-18T15:16:56.337Z [Modules] Streaming discord_krisp@1 to /home/aiden/.config/discord/0.0.28/modules/pending/discord_krisp-1.zip: 79%
2023-07-18T15:16:56.353Z [Modules] Streaming discord_krisp@1 to /home/aiden/.config/discord/0.0.28/modules/pending/discord_krisp-1.zip: 80%
2023-07-18T15:16:56.387Z [Modules] Streaming discord_krisp@1 to /home/aiden/.config/discord/0.0.28/modules/pending/discord_krisp-1.zip: 81%
2023-07-18T15:16:56.392Z [Modules] Streaming discord_krisp@1 to /home/aiden/.config/discord/0.0.28/modules/pending/discord_krisp-1.zip: 82%
2023-07-18T15:16:56.412Z [Modules] Streaming discord_krisp@1 to /home/aiden/.config/discord/0.0.28/modules/pending/discord_krisp-1.zip: 83%
2023-07-18T15:16:56.439Z [Modules] Streaming discord_krisp@1 to /home/aiden/.config/discord/0.0.28/modules/pending/discord_krisp-1.zip: 84%
2023-07-18T15:16:56.460Z [Modules] Streaming discord_krisp@1 to /home/aiden/.config/discord/0.0.28/modules/pending/discord_krisp-1.zip: 85%
2023-07-18T15:16:56.474Z [Modules] Streaming discord_krisp@1 to /home/aiden/.config/discord/0.0.28/modules/pending/discord_krisp-1.zip: 86%
2023-07-18T15:16:56.489Z [Modules] Streaming discord_krisp@1 to /home/aiden/.config/discord/0.0.28/modules/pending/discord_krisp-1.zip: 87%
2023-07-18T15:16:56.513Z [Modules] Streaming discord_krisp@1 to /home/aiden/.config/discord/0.0.28/modules/pending/discord_krisp-1.zip: 88%
2023-07-18T15:16:56.532Z [Modules] Streaming discord_krisp@1 to /home/aiden/.config/discord/0.0.28/modules/pending/discord_krisp-1.zip: 89%
2023-07-18T15:16:56.549Z [Modules] Streaming discord_krisp@1 to /home/aiden/.config/discord/0.0.28/modules/pending/discord_krisp-1.zip: 90%
2023-07-18T15:16:56.573Z [Modules] Streaming discord_krisp@1 to /home/aiden/.config/discord/0.0.28/modules/pending/discord_krisp-1.zip: 91%
2023-07-18T15:16:56.588Z [Modules] Streaming discord_krisp@1 to /home/aiden/.config/discord/0.0.28/modules/pending/discord_krisp-1.zip: 92%
2023-07-18T15:16:56.617Z [Modules] Streaming discord_krisp@1 to /home/aiden/.config/discord/0.0.28/modules/pending/discord_krisp-1.zip: 93%
2023-07-18T15:16:56.630Z [Modules] Streaming discord_krisp@1 to /home/aiden/.config/discord/0.0.28/modules/pending/discord_krisp-1.zip: 94%
2023-07-18T15:16:56.652Z [Modules] Streaming discord_krisp@1 to /home/aiden/.config/discord/0.0.28/modules/pending/discord_krisp-1.zip: 95%
2023-07-18T15:16:56.668Z [Modules] Streaming discord_krisp@1 to /home/aiden/.config/discord/0.0.28/modules/pending/discord_krisp-1.zip: 96%
2023-07-18T15:16:56.698Z [Modules] Streaming discord_krisp@1 to /home/aiden/.config/discord/0.0.28/modules/pending/discord_krisp-1.zip: 97%
2023-07-18T15:16:56.710Z [Modules] Streaming discord_krisp@1 to /home/aiden/.config/discord/0.0.28/modules/pending/discord_krisp-1.zip: 98%
2023-07-18T15:16:56.743Z [Modules] Streaming discord_krisp@1 to /home/aiden/.config/discord/0.0.28/modules/pending/discord_krisp-1.zip: 99%
2023-07-18T15:16:56.749Z [Modules] Streaming discord_krisp@1 to /home/aiden/.config/discord/0.0.28/modules/pending/discord_krisp-1.zip: 100%
2023-07-18T15:16:56.753Z [Modules] Fetching discord_game_utils@1 from https://discord.com/api/modules/stable/discord_game_utils/1
2023-07-18T15:16:56.753Z [Modules] Streaming discord_game_utils@1 to /home/aiden/.config/discord/0.0.28/modules/pending/discord_game_utils-1.zip
2023-07-18T15:16:56.754Z [Modules] Installing discord_krisp@1 from /home/aiden/.config/discord/0.0.28/modules/pending/discord_krisp-1.zip
2023-07-18T15:16:56.890Z [Modules] Checking for host updates.
2023-07-18T15:16:56.928Z [Modules] Streaming discord_game_utils@1 to /home/aiden/.config/discord/0.0.28/modules/pending/discord_game_utils-1.zip: 1%
2023-07-18T15:16:56.931Z [Modules] Streaming discord_game_utils@1 to /home/aiden/.config/discord/0.0.28/modules/pending/discord_game_utils-1.zip: 2%
2023-07-18T15:16:56.936Z [Modules] Streaming discord_game_utils@1 to /home/aiden/.config/discord/0.0.28/modules/pending/discord_game_utils-1.zip: 5%
2023-07-18T15:16:56.939Z [Modules] Streaming discord_game_utils@1 to /home/aiden/.config/discord/0.0.28/modules/pending/discord_game_utils-1.zip: 6%
2023-07-18T15:16:56.944Z [Modules] Streaming discord_game_utils@1 to /home/aiden/.config/discord/0.0.28/modules/pending/discord_game_utils-1.zip: 9%
2023-07-18T15:16:56.949Z [Modules] Streaming discord_game_utils@1 to /home/aiden/.config/discord/0.0.28/modules/pending/discord_game_utils-1.zip: 11%
2023-07-18T15:16:56.954Z [Modules] Streaming discord_game_utils@1 to /home/aiden/.config/discord/0.0.28/modules/pending/discord_game_utils-1.zip: 13%
2023-07-18T15:16:56.958Z [Modules] Streaming discord_game_utils@1 to /home/aiden/.config/discord/0.0.28/modules/pending/discord_game_utils-1.zip: 15%
2023-07-18T15:16:56.964Z [Modules] Streaming discord_game_utils@1 to /home/aiden/.config/discord/0.0.28/modules/pending/discord_game_utils-1.zip: 18%
2023-07-18T15:16:56.971Z [Modules] Streaming discord_game_utils@1 to /home/aiden/.config/discord/0.0.28/modules/pending/discord_game_utils-1.zip: 20%
2023-07-18T15:16:56.974Z [Modules] Streaming discord_game_utils@1 to /home/aiden/.config/discord/0.0.28/modules/pending/discord_game_utils-1.zip: 22%
2023-07-18T15:16:56.977Z [Modules] Streaming discord_game_utils@1 to /home/aiden/.config/discord/0.0.28/modules/pending/discord_game_utils-1.zip: 24%
2023-07-18T15:16:56.982Z [Modules] Streaming discord_game_utils@1 to /home/aiden/.config/discord/0.0.28/modules/pending/discord_game_utils-1.zip: 26%
2023-07-18T15:16:56.994Z [Modules] Streaming discord_game_utils@1 to /home/aiden/.config/discord/0.0.28/modules/pending/discord_game_utils-1.zip: 28%
2023-07-18T15:16:56.996Z [Modules] Streaming discord_game_utils@1 to /home/aiden/.config/discord/0.0.28/modules/pending/discord_game_utils-1.zip: 30%
2023-07-18T15:16:56.999Z [Modules] Streaming discord_game_utils@1 to /home/aiden/.config/discord/0.0.28/modules/pending/discord_game_utils-1.zip: 32%
2023-07-18T15:16:57.000Z [Modules] Streaming discord_game_utils@1 to /home/aiden/.config/discord/0.0.28/modules/pending/discord_game_utils-1.zip: 35%
2023-07-18T15:16:57.006Z [Modules] Streaming discord_game_utils@1 to /home/aiden/.config/discord/0.0.28/modules/pending/discord_game_utils-1.zip: 36%
2023-07-18T15:16:57.009Z [Modules] Streaming discord_game_utils@1 to /home/aiden/.config/discord/0.0.28/modules/pending/discord_game_utils-1.zip: 38%
2023-07-18T15:16:57.015Z [Modules] Streaming discord_game_utils@1 to /home/aiden/.config/discord/0.0.28/modules/pending/discord_game_utils-1.zip: 41%
2023-07-18T15:16:57.018Z [Modules] Streaming discord_game_utils@1 to /home/aiden/.config/discord/0.0.28/modules/pending/discord_game_utils-1.zip: 42%
2023-07-18T15:16:57.022Z [Modules] Streaming discord_game_utils@1 to /home/aiden/.config/discord/0.0.28/modules/pending/discord_game_utils-1.zip: 44%
2023-07-18T15:16:57.025Z [Modules] Host is up to date.
2023-07-18T15:16:57.026Z [Modules] Checking for module updates at https://discord.com/api/modules/stable/versions.json
2023-07-18T15:16:57.028Z [Modules] Streaming discord_game_utils@1 to /home/aiden/.config/discord/0.0.28/modules/pending/discord_game_utils-1.zip: 46%
2023-07-18T15:16:57.032Z [Modules] No module updates available.
2023-07-18T15:16:57.033Z [Modules] Streaming discord_game_utils@1 to /home/aiden/.config/discord/0.0.28/modules/pending/discord_game_utils-1.zip: 49%
2023-07-18T15:16:57.039Z [Modules] Streaming discord_game_utils@1 to /home/aiden/.config/discord/0.0.28/modules/pending/discord_game_utils-1.zip: 52%
2023-07-18T15:16:57.043Z [Modules] Streaming discord_game_utils@1 to /home/aiden/.config/discord/0.0.28/modules/pending/discord_game_utils-1.zip: 54%
2023-07-18T15:16:57.057Z [Modules] Streaming discord_game_utils@1 to /home/aiden/.config/discord/0.0.28/modules/pending/discord_game_utils-1.zip: 57%
2023-07-18T15:16:57.059Z [Modules] Streaming discord_game_utils@1 to /home/aiden/.config/discord/0.0.28/modules/pending/discord_game_utils-1.zip: 60%
2023-07-18T15:16:57.059Z [Modules] Streaming discord_game_utils@1 to /home/aiden/.config/discord/0.0.28/modules/pending/discord_game_utils-1.zip: 62%
2023-07-18T15:16:57.064Z [Modules] Streaming discord_game_utils@1 to /home/aiden/.config/discord/0.0.28/modules/pending/discord_game_utils-1.zip: 63%
2023-07-18T15:16:57.070Z [Modules] Streaming discord_game_utils@1 to /home/aiden/.config/discord/0.0.28/modules/pending/discord_game_utils-1.zip: 66%
2023-07-18T15:16:57.071Z [Modules] Streaming discord_game_utils@1 to /home/aiden/.config/discord/0.0.28/modules/pending/discord_game_utils-1.zip: 67%
2023-07-18T15:16:57.078Z [Modules] Streaming discord_game_utils@1 to /home/aiden/.config/discord/0.0.28/modules/pending/discord_game_utils-1.zip: 70%
2023-07-18T15:16:57.083Z [Modules] Streaming discord_game_utils@1 to /home/aiden/.config/discord/0.0.28/modules/pending/discord_game_utils-1.zip: 72%
2023-07-18T15:16:57.088Z [Modules] Streaming discord_game_utils@1 to /home/aiden/.config/discord/0.0.28/modules/pending/discord_game_utils-1.zip: 74%
2023-07-18T15:16:57.098Z [Modules] Streaming discord_game_utils@1 to /home/aiden/.config/discord/0.0.28/modules/pending/discord_game_utils-1.zip: 75%
2023-07-18T15:16:57.104Z [Modules] Streaming discord_game_utils@1 to /home/aiden/.config/discord/0.0.28/modules/pending/discord_game_utils-1.zip: 78%
2023-07-18T15:16:57.106Z [Modules] Streaming discord_game_utils@1 to /home/aiden/.config/discord/0.0.28/modules/pending/discord_game_utils-1.zip: 81%
2023-07-18T15:16:57.107Z [Modules] Streaming discord_game_utils@1 to /home/aiden/.config/discord/0.0.28/modules/pending/discord_game_utils-1.zip: 84%
2023-07-18T15:16:57.111Z [Modules] Streaming discord_game_utils@1 to /home/aiden/.config/discord/0.0.28/modules/pending/discord_game_utils-1.zip: 85%
2023-07-18T15:16:57.112Z [Modules] Streaming discord_game_utils@1 to /home/aiden/.config/discord/0.0.28/modules/pending/discord_game_utils-1.zip: 86%
2023-07-18T15:16:57.116Z [Modules] Streaming discord_game_utils@1 to /home/aiden/.config/discord/0.0.28/modules/pending/discord_game_utils-1.zip: 88%
2023-07-18T15:16:57.120Z [Modules] Streaming discord_game_utils@1 to /home/aiden/.config/discord/0.0.28/modules/pending/discord_game_utils-1.zip: 90%
2023-07-18T15:16:57.125Z [Modules] Streaming discord_game_utils@1 to /home/aiden/.config/discord/0.0.28/modules/pending/discord_game_utils-1.zip: 92%
2023-07-18T15:16:57.145Z [Modules] Streaming discord_game_utils@1 to /home/aiden/.config/discord/0.0.28/modules/pending/discord_game_utils-1.zip: 95%
2023-07-18T15:16:57.146Z [Modules] Streaming discord_game_utils@1 to /home/aiden/.config/discord/0.0.28/modules/pending/discord_game_utils-1.zip: 100%
2023-07-18T15:16:57.147Z [Modules] Finished module downloads. [success: 2] [failure: 0]
2023-07-18T15:16:57.574Z [Modules] Starting to install discord_rpc...
2023-07-18T15:16:57.574Z [Modules] Fetching discord_rpc@1 from https://discord.com/api/modules/stable/discord_rpc/1
2023-07-18T15:16:57.574Z [Modules] Streaming discord_rpc@1 to /home/aiden/.config/discord/0.0.28/modules/pending/discord_rpc-1.zip
2023-07-18T15:16:57.761Z [Modules] Streaming discord_rpc@1 to /home/aiden/.config/discord/0.0.28/modules/pending/discord_rpc-1.zip: 100%
2023-07-18T15:16:57.762Z [Modules] Finished module downloads. [success: 1] [failure: 0]
2023-07-18T15:16:58.181Z [Modules] Installing discord_game_utils@1 from /home/aiden/.config/discord/0.0.28/modules/pending/discord_game_utils-1.zip
2023-07-18T15:16:58.426Z [Modules] Installing discord_rpc@1 from /home/aiden/.config/discord/0.0.28/modules/pending/discord_rpc-1.zip
2023-07-18T15:16:58.478Z [Modules] Finished module installations. [success: 3] [failure: 0]
2023-07-18T15:24:44.928Z [Modules] Modules initializing
2023-07-18T15:24:44.928Z [Modules] Distribution: remote
2023-07-18T15:24:44.929Z [Modules] Host updates: enabled
2023-07-18T15:24:44.929Z [Modules] Module updates: enabled
2023-07-18T15:24:44.930Z [Modules] Module install path: /home/aiden/.config/discord/0.0.28/modules
2023-07-18T15:24:44.930Z [Modules] Module installed file path: /home/aiden/.config/discord/0.0.28/modules/installed.json
2023-07-18T15:24:44.930Z [Modules] Module download path: /home/aiden/.config/discord/0.0.28/modules/pending
2023-07-18T15:24:45.242Z [Modules] No updates to install
2023-07-18T15:24:45.244Z [Modules] Checking for host updates.
2023-07-18T15:24:45.424Z [Modules] Host is up to date.
2023-07-18T15:24:45.424Z [Modules] Checking for module updates at https://discord.com/api/modules/stable/versions.json
2023-07-18T15:24:45.446Z [Modules] No module updates available.
2023-07-18T15:24:50.717Z [Modules] Checking for host updates.
2023-07-18T15:24:50.936Z [Modules] Host is up to date.
2023-07-18T15:24:50.936Z [Modules] Checking for module updates at https://discord.com/api/modules/stable/versions.json
2023-07-18T15:24:50.941Z [Modules] No module updates available.
