2023-07-18 18:47:57.387 [info] Added views:workbench.panel.markers.view in workbench.panel.markers
2023-07-18 18:47:57.387 [info] Added views:workbench.panel.output in workbench.panel.output
2023-07-18 18:47:57.387 [info] Added views:terminal in terminal
2023-07-18 18:47:57.387 [info] Added views:outline in workbench.view.explorer
2023-07-18 18:47:57.387 [info] Added views:workbench.scm in workbench.view.scm
2023-07-18 18:47:57.387 [info] Added views:workbench.view.search in workbench.view.search
2023-07-18 18:47:57.387 [info] Added views:timeline in workbench.view.explorer
2023-07-18 18:47:57.387 [info] Added views:workbench.explorer.emptyView in workbench.view.explorer
2023-07-18 18:47:59.037 [info] Added views:workbench.debug.variablesView,workbench.debug.watchExpressionsView,workbench.debug.callStackView,workbench.debug.breakPointsView in workbench.view.debug
2023-07-18 18:47:59.115 [info] Added views:workbench.panel.repl.view in workbench.panel.repl
2023-07-18 18:47:59.118 [info] Removed views:workbench.debug.breakPointsView,workbench.debug.callStackView,workbench.debug.watchExpressionsView,workbench.debug.variablesView from workbench.view.debug
2023-07-18 18:47:59.126 [info] Added views:workbench.debug.welcome in workbench.view.debug
2023-07-18 18:48:10.721 [info] Added views:workbench.views.extensions.installed,workbench.views.extensions.popular,extensions.recommendedList in workbench.view.extensions
2023-07-18 18:48:10.723 [info] Removed views:workbench.views.extensions.popular from workbench.view.extensions
2023-07-18 18:48:11.359 [info] Added views:workbench.views.extensions.popular in workbench.view.extensions
2023-07-18 18:48:11.408 [info] Removed views:extensions.recommendedList,workbench.views.extensions.popular,workbench.views.extensions.installed from workbench.view.extensions
2023-07-18 18:48:11.441 [info] Added views:workbench.views.extensions.marketplace in workbench.view.extensions
2023-07-18 19:06:32.403 [info] Added views:workbench.panel.markers.view in workbench.panel.markers
2023-07-18 19:06:32.403 [info] Added views:workbench.panel.output in workbench.panel.output
2023-07-18 19:06:32.403 [info] Added views:terminal in terminal
2023-07-18 19:06:32.403 [info] Added views:outline in workbench.view.explorer
2023-07-18 19:06:32.403 [info] Added views:workbench.scm in workbench.view.scm
2023-07-18 19:06:32.403 [info] Added views:workbench.view.search in workbench.view.search
2023-07-18 19:06:32.403 [info] Added views:timeline in workbench.view.explorer
2023-07-18 19:06:32.403 [info] Added views:workbench.explorer.fileView in workbench.view.explorer
2023-07-18 19:06:33.241 [info] Added views:workbench.debug.variablesView,workbench.debug.watchExpressionsView,workbench.debug.callStackView,workbench.debug.breakPointsView in workbench.view.debug
2023-07-18 19:06:33.695 [info] Added views:workbench.panel.repl.view in workbench.panel.repl
2023-07-18 19:06:33.700 [info] Removed views:workbench.debug.breakPointsView,workbench.debug.callStackView,workbench.debug.watchExpressionsView,workbench.debug.variablesView from workbench.view.debug
2023-07-18 19:06:33.701 [info] Added views:workbench.debug.welcome in workbench.view.debug
2023-07-18 22:16:45.572 [info] Added views:workbench.views.extensions.installed,workbench.views.extensions.popular,extensions.recommendedList in workbench.view.extensions
2023-07-18 22:16:45.586 [info] Removed views:workbench.views.extensions.popular from workbench.view.extensions
2023-07-18 22:17:37.765 [info] Removed views:extensions.recommendedList,workbench.views.extensions.installed from workbench.view.extensions
2023-07-18 22:17:37.796 [info] Added views:workbench.views.extensions.marketplace in workbench.view.extensions
2023-07-18 22:22:23.854 [info] Removed views:workbench.views.extensions.marketplace from workbench.view.extensions
2023-07-18 22:22:23.894 [info] Added views:workbench.views.extensions.installed,extensions.recommendedList in workbench.view.extensions
2023-07-18 22:22:26.188 [info] Removed views:extensions.recommendedList,workbench.views.extensions.installed from workbench.view.extensions
2023-07-18 22:22:26.226 [info] Added views:workbench.views.extensions.marketplace in workbench.view.extensions
2023-07-18 22:23:19.454 [info] Removed views:workbench.views.extensions.marketplace from workbench.view.extensions
2023-07-18 22:23:19.506 [info] Added views:workbench.views.extensions.installed,extensions.recommendedList in workbench.view.extensions
2023-07-18 22:23:28.161 [info] Removed views:extensions.recommendedList,workbench.views.extensions.installed from workbench.view.extensions
2023-07-18 22:23:28.189 [info] Added views:workbench.views.extensions.marketplace in workbench.view.extensions
2023-07-18 22:25:10.225 [info] Added views:todo-tree-view in workbench.view.extension.todo-tree-container
