2023-07-20 20:46:19.700 [info] Log level: Info
2023-07-20 20:46:19.700 [info] Validating found git in: "git"
2023-07-20 20:46:19.700 [info] Using git "2.41.0" from "git"
2023-07-20 20:46:19.700 [info] > git rev-parse --show-toplevel [13ms]
2023-07-20 20:46:19.700 [info] > git rev-parse --git-dir --git-common-dir [4ms]
2023-07-20 20:46:19.700 [info] Open repository: /home/aiden/Repos/timetable-project
2023-07-20 20:46:19.700 [info] > git rev-parse --show-toplevel [25ms]
2023-07-20 20:46:19.700 [info] > git config --get commit.template [21ms]
2023-07-20 20:46:19.700 [info] > git rev-parse --show-toplevel [23ms]
2023-07-20 20:46:19.700 [info] > git for-each-ref --format=%(refname)%00%(upstream:short)%00%(objectname)%00%(upstream:track)%00%(upstream:remotename)%00%(upstream:remoteref) refs/heads/main refs/remotes/main [16ms]
2023-07-20 20:46:19.700 [info] > git status -z -uall [33ms]
2023-07-20 20:46:19.700 [info] > git rev-parse --show-toplevel [79ms]
2023-07-20 20:46:19.700 [info] > git config --get commit.template [31ms]
2023-07-20 20:46:19.700 [info] > git for-each-ref --format=%(refname)%00%(upstream:short)%00%(objectname)%00%(upstream:track)%00%(upstream:remotename)%00%(upstream:remoteref) refs/heads/main refs/remotes/main [4ms]
2023-07-20 20:46:19.700 [info] > git status -z -uall [7ms]
2023-07-20 20:46:19.846 [info] > git fetch [839ms]
2023-07-20 20:46:19.846 [info] /bin/sh: warning: setlocale: LC_ALL: cannot change locale (en_US.UTF-8)
/bin/sh: warning: setlocale: LC_ALL: cannot change locale (en_US.UTF-8)
2023-07-20 20:46:19.874 [info] > git config --get commit.template [8ms]
2023-07-20 20:46:19.901 [info] > git for-each-ref --format=%(refname)%00%(upstream:short)%00%(objectname)%00%(upstream:track)%00%(upstream:remotename)%00%(upstream:remoteref) refs/heads/main refs/remotes/main [4ms]
2023-07-20 20:46:19.924 [info] > git status -z -uall [6ms]
2023-07-20 20:46:19.952 [info] > git check-ignore -v -z --stdin [4ms]
2023-07-20 20:46:20.421 [info] > git show --textconv :doc.tex [16ms]
2023-07-20 20:46:20.423 [info] > git ls-files --stage -- /home/aiden/Repos/timetable-project/doc.tex [3ms]
2023-07-20 20:46:20.439 [info] > git cat-file -s 65d305151ff89ca58ab3b13cfd1ffe86b46f41ca [3ms]
2023-07-20 20:49:21.291 [info] > git ls-files --stage -- /home/aiden/Repos/timetable-project/doc.tex [2ms]
2023-07-20 20:49:21.303 [info] > git cat-file -s 65d305151ff89ca58ab3b13cfd1ffe86b46f41ca [2ms]
2023-07-20 20:49:21.325 [info] > git show --textconv :doc.tex [4ms]
2023-07-20 20:49:21.708 [info] > git fetch [1666ms]
2023-07-20 20:49:21.708 [info] /bin/sh: warning: setlocale: LC_ALL: cannot change locale (en_US.UTF-8)
/bin/sh: warning: setlocale: LC_ALL: cannot change locale (en_US.UTF-8)
2023-07-20 20:49:21.728 [info] > git config --get commit.template [10ms]
2023-07-20 20:49:21.733 [info] > git for-each-ref --format=%(refname)%00%(upstream:short)%00%(objectname)%00%(upstream:track)%00%(upstream:remotename)%00%(upstream:remoteref) refs/heads/main refs/remotes/main [7ms]
2023-07-20 20:49:21.746 [info] > git status -z -uall [4ms]
2023-07-20 20:49:22.803 [info] > git config --get commit.template [9ms]
2023-07-20 20:49:22.804 [info] > git for-each-ref --format=%(refname)%00%(upstream:short)%00%(objectname)%00%(upstream:track)%00%(upstream:remotename)%00%(upstream:remoteref) refs/heads/main refs/remotes/main [2ms]
2023-07-20 20:49:22.815 [info] > git status -z -uall [3ms]
2023-07-20 20:49:22.897 [info] > git ls-files --stage -- /home/aiden/Repos/timetable-project/doc.tex [2ms]
2023-07-20 20:49:22.908 [info] > git cat-file -s 65d305151ff89ca58ab3b13cfd1ffe86b46f41ca [3ms]
2023-07-20 20:49:22.921 [info] > git show --textconv :doc.tex [3ms]
2023-07-20 20:52:22.316 [info] > git fetch [551ms]
2023-07-20 20:52:22.316 [info] /bin/sh: warning: setlocale: LC_ALL: cannot change locale (en_US.UTF-8)
/bin/sh: warning: setlocale: LC_ALL: cannot change locale (en_US.UTF-8)
2023-07-20 20:52:22.328 [info] > git config --get commit.template [2ms]
2023-07-20 20:52:22.339 [info] > git for-each-ref --format=%(refname)%00%(upstream:short)%00%(objectname)%00%(upstream:track)%00%(upstream:remotename)%00%(upstream:remoteref) refs/heads/main refs/remotes/main [2ms]
2023-07-20 20:52:22.351 [info] > git status -z -uall [3ms]
2023-07-20 20:52:23.408 [info] > git config --get commit.template [10ms]
2023-07-20 20:52:23.409 [info] > git for-each-ref --format=%(refname)%00%(upstream:short)%00%(objectname)%00%(upstream:track)%00%(upstream:remotename)%00%(upstream:remoteref) refs/heads/main refs/remotes/main [2ms]
2023-07-20 20:52:23.421 [info] > git status -z -uall [4ms]
2023-07-20 20:52:23.502 [info] > git ls-files --stage -- /home/aiden/Repos/timetable-project/doc.tex [2ms]
2023-07-20 20:52:23.512 [info] > git cat-file -s 65d305151ff89ca58ab3b13cfd1ffe86b46f41ca [2ms]
2023-07-20 20:52:23.525 [info] > git show --textconv :doc.tex [2ms]
2023-07-20 20:55:22.978 [info] > git fetch [556ms]
2023-07-20 20:55:22.978 [info] /bin/sh: warning: setlocale: LC_ALL: cannot change locale (en_US.UTF-8)
/bin/sh: warning: setlocale: LC_ALL: cannot change locale (en_US.UTF-8)
2023-07-20 20:55:22.997 [info] > git config --get commit.template [9ms]
2023-07-20 20:55:22.999 [info] > git for-each-ref --format=%(refname)%00%(upstream:short)%00%(objectname)%00%(upstream:track)%00%(upstream:remotename)%00%(upstream:remoteref) refs/heads/main refs/remotes/main [4ms]
2023-07-20 20:55:23.011 [info] > git status -z -uall [3ms]
2023-07-20 20:55:24.072 [info] > git config --get commit.template [12ms]
2023-07-20 20:55:24.073 [info] > git for-each-ref --format=%(refname)%00%(upstream:short)%00%(objectname)%00%(upstream:track)%00%(upstream:remotename)%00%(upstream:remoteref) refs/heads/main refs/remotes/main [2ms]
2023-07-20 20:55:24.087 [info] > git status -z -uall [3ms]
2023-07-20 20:55:24.174 [info] > git ls-files --stage -- /home/aiden/Repos/timetable-project/doc.tex [4ms]
2023-07-20 20:55:24.187 [info] > git cat-file -s 65d305151ff89ca58ab3b13cfd1ffe86b46f41ca [1ms]
2023-07-20 20:55:24.208 [info] > git show --textconv :doc.tex [2ms]
2023-07-20 20:58:23.666 [info] > git fetch [543ms]
2023-07-20 20:58:23.666 [info] /bin/sh: warning: setlocale: LC_ALL: cannot change locale (en_US.UTF-8)
/bin/sh: warning: setlocale: LC_ALL: cannot change locale (en_US.UTF-8)
2023-07-20 20:58:23.689 [info] > git for-each-ref --format=%(refname)%00%(upstream:short)%00%(objectname)%00%(upstream:track)%00%(upstream:remotename)%00%(upstream:remoteref) refs/heads/main refs/remotes/main [3ms]
2023-07-20 20:58:23.689 [info] > git config --get commit.template [12ms]
2023-07-20 20:58:23.702 [info] > git status -z -uall [3ms]
2023-07-20 20:58:24.762 [info] > git config --get commit.template [10ms]
2023-07-20 20:58:24.763 [info] > git for-each-ref --format=%(refname)%00%(upstream:short)%00%(objectname)%00%(upstream:track)%00%(upstream:remotename)%00%(upstream:remoteref) refs/heads/main refs/remotes/main [2ms]
2023-07-20 20:58:24.775 [info] > git status -z -uall [3ms]
2023-07-20 20:58:24.852 [info] > git ls-files --stage -- /home/aiden/Repos/timetable-project/doc.tex [2ms]
2023-07-20 20:58:24.862 [info] > git cat-file -s 65d305151ff89ca58ab3b13cfd1ffe86b46f41ca [1ms]
2023-07-20 20:58:24.876 [info] > git show --textconv :doc.tex [2ms]
2023-07-20 21:03:03.215 [info] > git fetch [599ms]
2023-07-20 21:03:03.216 [info] /bin/sh: warning: setlocale: LC_ALL: cannot change locale (en_US.UTF-8)
/bin/sh: warning: setlocale: LC_ALL: cannot change locale (en_US.UTF-8)
2023-07-20 21:03:03.234 [info] > git config --get commit.template [9ms]
2023-07-20 21:03:03.236 [info] > git for-each-ref --format=%(refname)%00%(upstream:short)%00%(objectname)%00%(upstream:track)%00%(upstream:remotename)%00%(upstream:remoteref) refs/heads/main refs/remotes/main [3ms]
2023-07-20 21:03:03.247 [info] > git status -z -uall [3ms]
2023-07-20 21:03:04.313 [info] > git config --get commit.template [11ms]
2023-07-20 21:03:04.314 [info] > git for-each-ref --format=%(refname)%00%(upstream:short)%00%(objectname)%00%(upstream:track)%00%(upstream:remotename)%00%(upstream:remoteref) refs/heads/main refs/remotes/main [1ms]
2023-07-20 21:03:04.334 [info] > git status -z -uall [3ms]
2023-07-20 21:03:04.404 [info] > git ls-files --stage -- /home/aiden/Repos/timetable-project/doc.tex [2ms]
2023-07-20 21:03:04.415 [info] > git cat-file -s 65d305151ff89ca58ab3b13cfd1ffe86b46f41ca [2ms]
2023-07-20 21:03:04.431 [info] > git show --textconv :doc.tex [3ms]
2023-07-20 21:06:03.922 [info] > git fetch [559ms]
2023-07-20 21:06:03.923 [info] /bin/sh: warning: setlocale: LC_ALL: cannot change locale (en_US.UTF-8)
/bin/sh: warning: setlocale: LC_ALL: cannot change locale (en_US.UTF-8)
2023-07-20 21:06:03.941 [info] > git config --get commit.template [10ms]
2023-07-20 21:06:03.942 [info] > git for-each-ref --format=%(refname)%00%(upstream:short)%00%(objectname)%00%(upstream:track)%00%(upstream:remotename)%00%(upstream:remoteref) refs/heads/main refs/remotes/main [2ms]
2023-07-20 21:06:03.953 [info] > git status -z -uall [3ms]
2023-07-20 21:06:05.006 [info] > git config --get commit.template [1ms]
2023-07-20 21:06:05.018 [info] > git for-each-ref --format=%(refname)%00%(upstream:short)%00%(objectname)%00%(upstream:track)%00%(upstream:remotename)%00%(upstream:remoteref) refs/heads/main refs/remotes/main [2ms]
2023-07-20 21:06:05.030 [info] > git status -z -uall [3ms]
2023-07-20 21:06:05.107 [info] > git ls-files --stage -- /home/aiden/Repos/timetable-project/doc.tex [1ms]
2023-07-20 21:06:05.117 [info] > git cat-file -s 65d305151ff89ca58ab3b13cfd1ffe86b46f41ca [2ms]
2023-07-20 21:06:05.130 [info] > git show --textconv :doc.tex [2ms]
