2023-07-19 19:19:43 Loading main app package /usr/lib/obsidian/obsidian.asar
2023-07-19 19:19:43 Checking for update using Github
2023-07-19 19:19:43 Success.
2023-07-19 19:19:43 Latest version is 1.3.5
2023-07-19 19:19:43 App is up to date.
2023-07-21 14:37:56 Loading main app package /usr/lib/obsidian/obsidian.asar
2023-07-21 14:37:56 Checking for update using Github
2023-07-21 14:37:56 Success.
2023-07-21 14:37:56 Latest version is 1.3.5
2023-07-21 14:37:56 App is up to date.
2023-07-21 15:37:56 Checking for update using Github
2023-07-21 15:37:56 Success.
2023-07-21 15:37:56 Latest version is 1.3.5
2023-07-21 15:37:56 App is up to date.
2023-07-21 16:37:56 Checking for update using Github
2023-07-21 16:37:56 Success.
2023-07-21 16:37:56 Latest version is 1.3.5
2023-07-21 16:37:56 App is up to date.
2023-07-21 17:37:56 Checking for update using Github
2023-07-21 17:37:56 Success.
2023-07-21 17:37:56 Latest version is 1.3.5
2023-07-21 17:37:56 App is up to date.
2023-07-21 18:37:56 Checking for update using Github
2023-07-21 18:37:56 Success.
2023-07-21 18:37:56 Latest version is 1.3.5
2023-07-21 18:37:56 App is up to date.
2023-07-21 19:18:06 Loading main app package /usr/lib/obsidian/obsidian.asar
2023-07-21 19:18:07 Checking for update using Github
2023-07-21 19:18:07 Success.
2023-07-21 19:18:07 Latest version is 1.3.5
2023-07-21 19:18:07 App is up to date.
2023-07-21 20:18:06 Checking for update using Github
2023-07-21 20:18:06 Success.
2023-07-21 20:18:06 Latest version is 1.3.5
2023-07-21 20:18:06 App is up to date.
2023-07-21 21:18:07 Checking for update using Github
2023-07-21 21:18:07 Success.
2023-07-21 21:18:07 Latest version is 1.3.5
2023-07-21 21:18:07 App is up to date.
2023-07-25 10:24:33 Loading main app package /usr/lib/obsidian/obsidian.asar
2023-07-25 10:24:33 Checking for update using Github
2023-07-25 10:24:34 Success.
2023-07-25 10:24:34 Latest version is 1.3.5
2023-07-25 10:24:34 App is up to date.
2023-07-25 17:23:26 Checking for update using Github
2023-07-25 17:23:26 Success.
2023-07-25 17:23:26 Latest version is 1.3.5
2023-07-25 17:23:26 App is up to date.
2023-07-25 18:23:26 Checking for update using Github
2023-07-25 18:23:26 Success.
2023-07-25 18:23:26 Latest version is 1.3.5
2023-07-25 18:23:26 App is up to date.
2023-07-25 19:23:26 Checking for update using Github
2023-07-25 19:23:26 Success.
2023-07-25 19:23:26 Latest version is 1.3.5
2023-07-25 19:23:26 App is up to date.
2023-07-25 20:23:26 Checking for update using Github
2023-07-25 20:23:26 Success.
2023-07-25 20:23:26 Latest version is 1.3.5
2023-07-25 20:23:26 App is up to date.
