2023-07-20 13:20:45.894 [info] Getting Manifest... ms-python.python
2023-07-20 13:20:46.357 [info] Installing extension: ms-python.python
2023-07-20 13:20:52.937 [info] Extension signature verification is not done: ms-python.python
2023-07-20 13:20:57.898 [info] Getting Manifest... njpwerner.autodocstring
2023-07-20 13:20:57.965 [info] Extracted extension to /home/aiden/.vscode-oss/extensions/.35ded371-fd05-48ac-bfb5-16d859baf122: ms-python.python
2023-07-20 13:20:58.005 [info] Renamed to /home/aiden/.vscode-oss/extensions/ms-python.python-2023.12.0-universal
2023-07-20 13:20:58.014 [info] Extracting extension completed. ms-python.python
2023-07-20 13:20:58.034 [info] Extension installed successfully: ms-python.python
2023-07-20 13:20:58.334 [info] Installing extension: njpwerner.autodocstring
2023-07-20 13:21:00.088 [info] Extension signature verification is not done: njpwerner.autodocstring
2023-07-20 13:21:00.315 [info] Extracted extension to /home/aiden/.vscode-oss/extensions/.3e2997e7-55f3-4729-9390-f333e8ffe82f: njpwerner.autodocstring
2023-07-20 13:21:00.333 [info] Renamed to /home/aiden/.vscode-oss/extensions/njpwerner.autodocstring-0.6.1-universal
2023-07-20 13:21:00.337 [info] Extracting extension completed. njpwerner.autodocstring
2023-07-20 13:21:00.365 [info] Extension installed successfully: njpwerner.autodocstring
2023-07-20 13:21:36.560 [info] Getting Manifest... esbenp.prettier-vscode
2023-07-20 13:21:36.879 [info] Installing extension: esbenp.prettier-vscode
2023-07-20 13:21:38.868 [info] Extension signature verification is not done: esbenp.prettier-vscode
2023-07-20 13:21:39.096 [info] Extracted extension to /home/aiden/.vscode-oss/extensions/.ac4ecc37-7726-4946-a882-6f4e10fbdb5c: esbenp.prettier-vscode
2023-07-20 13:21:39.109 [info] Renamed to /home/aiden/.vscode-oss/extensions/esbenp.prettier-vscode-9.19.0-universal
2023-07-20 13:21:39.114 [info] Extracting extension completed. esbenp.prettier-vscode
2023-07-20 13:21:39.131 [info] Extension installed successfully: esbenp.prettier-vscode
2023-07-20 13:22:24.790 [info] Getting Manifest... james-yu.latex-workshop
2023-07-20 13:22:24.906 [info] Installing extension: james-yu.latex-workshop
2023-07-20 13:22:28.325 [info] Extension signature verification is not done: james-yu.latex-workshop
2023-07-20 13:22:31.489 [info] Extracted extension to /home/aiden/.vscode-oss/extensions/.9357c75f-7ed4-4341-9d97-5256bd5e1f83: james-yu.latex-workshop
2023-07-20 13:22:31.537 [info] Renamed to /home/aiden/.vscode-oss/extensions/james-yu.latex-workshop-9.12.3-universal
2023-07-20 13:22:31.540 [info] Extracting extension completed. james-yu.latex-workshop
2023-07-20 13:22:31.557 [info] Extension installed successfully: james-yu.latex-workshop
2023-07-20 13:22:43.913 [info] Getting Manifest... yzhang.markdown-all-in-one
2023-07-20 13:22:44.041 [info] Installing extension: yzhang.markdown-all-in-one
2023-07-20 13:22:45.769 [info] Extension signature verification is not done: yzhang.markdown-all-in-one
2023-07-20 13:22:45.913 [info] Extracted extension to /home/aiden/.vscode-oss/extensions/.bccf5e14-5813-423c-b376-53403b7b84a9: yzhang.markdown-all-in-one
2023-07-20 13:22:45.928 [info] Renamed to /home/aiden/.vscode-oss/extensions/yzhang.markdown-all-in-one-3.5.1-universal
2023-07-20 13:22:45.936 [info] Extracting extension completed. yzhang.markdown-all-in-one
2023-07-20 13:22:45.955 [info] Extension installed successfully: yzhang.markdown-all-in-one
2023-07-20 13:24:09.910 [info] Getting Manifest... coenraads.bracket-pair-colorizer
2023-07-20 13:24:10.057 [info] Installing extension: coenraads.bracket-pair-colorizer
2023-07-20 13:24:11.479 [info] Extension signature verification is not done: coenraads.bracket-pair-colorizer
2023-07-20 13:24:12.120 [info] Extracted extension to /home/aiden/.vscode-oss/extensions/.1ddb7291-6ed1-4483-94fd-18f12dfdc548: coenraads.bracket-pair-colorizer
2023-07-20 13:24:12.148 [info] Renamed to /home/aiden/.vscode-oss/extensions/coenraads.bracket-pair-colorizer-1.0.62-universal
2023-07-20 13:24:12.150 [info] Extracting extension completed. coenraads.bracket-pair-colorizer
2023-07-20 13:24:12.165 [info] Extension installed successfully: coenraads.bracket-pair-colorizer
2023-07-20 13:38:21.211 [info] Getting Manifest... kevinrose.vsc-python-indent
2023-07-20 13:38:21.329 [info] Installing extension: kevinrose.vsc-python-indent
2023-07-20 13:38:23.148 [info] Extension signature verification is not done: kevinrose.vsc-python-indent
2023-07-20 13:38:23.222 [info] Extracted extension to /home/aiden/.vscode-oss/extensions/.130baf45-79ce-4e37-8467-6918e0290d28: kevinrose.vsc-python-indent
2023-07-20 13:38:23.234 [info] Renamed to /home/aiden/.vscode-oss/extensions/kevinrose.vsc-python-indent-1.18.0-universal
2023-07-20 13:38:23.239 [info] Extracting extension completed. kevinrose.vsc-python-indent
2023-07-20 13:38:23.255 [info] Extension installed successfully: kevinrose.vsc-python-indent
