2023-07-20 21:18:52.682 [info] Log level: Info
2023-07-20 21:18:52.682 [info] Validating found git in: "git"
2023-07-20 21:18:52.682 [info] Using git "2.41.0" from "git"
2023-07-20 21:18:52.682 [info] > git rev-parse --show-toplevel [10ms]
2023-07-20 21:18:52.682 [info] > git rev-parse --git-dir --git-common-dir [1ms]
2023-07-20 21:18:52.682 [info] Open repository: /home/aiden/Repos/timetable-project
2023-07-20 21:18:52.682 [info] > git rev-parse --show-toplevel [22ms]
2023-07-20 21:18:52.682 [info] > git config --get commit.template [32ms]
2023-07-20 21:18:52.682 [info] > git rev-parse --show-toplevel [9ms]
2023-07-20 21:18:52.682 [info] > git for-each-ref --format=%(refname)%00%(upstream:short)%00%(objectname)%00%(upstream:track)%00%(upstream:remotename)%00%(upstream:remoteref) refs/heads/main refs/remotes/main [3ms]
2023-07-20 21:18:52.682 [info] > git rev-parse --show-toplevel [30ms]
2023-07-20 21:18:52.682 [info] > git status -z -uall [10ms]
2023-07-20 21:18:52.682 [info] > git config --get commit.template [27ms]
2023-07-20 21:18:52.682 [info] > git for-each-ref --format=%(refname)%00%(upstream:short)%00%(objectname)%00%(upstream:track)%00%(upstream:remotename)%00%(upstream:remoteref) refs/heads/main refs/remotes/main [6ms]
2023-07-20 21:18:52.682 [info] > git status -z -uall [13ms]
2023-07-20 21:18:52.682 [info] > git fetch [712ms]
2023-07-20 21:18:52.682 [info] /bin/sh: warning: setlocale: LC_ALL: cannot change locale (en_US.UTF-8)
/bin/sh: warning: setlocale: LC_ALL: cannot change locale (en_US.UTF-8)
2023-07-20 21:18:52.688 [info] > git config --get commit.template [6ms]
2023-07-20 21:18:52.722 [info] > git for-each-ref --format=%(refname)%00%(upstream:short)%00%(objectname)%00%(upstream:track)%00%(upstream:remotename)%00%(upstream:remoteref) refs/heads/main refs/remotes/main [6ms]
2023-07-20 21:18:52.746 [info] > git status -z -uall [9ms]
2023-07-20 21:18:52.948 [info] > git check-ignore -v -z --stdin [16ms]
2023-07-20 21:21:53.382 [info] > git fetch [585ms]
2023-07-20 21:21:53.382 [info] /bin/sh: warning: setlocale: LC_ALL: cannot change locale (en_US.UTF-8)
/bin/sh: warning: setlocale: LC_ALL: cannot change locale (en_US.UTF-8)
2023-07-20 21:21:53.403 [info] > git config --get commit.template [11ms]
2023-07-20 21:21:53.404 [info] > git for-each-ref --format=%(refname)%00%(upstream:short)%00%(objectname)%00%(upstream:track)%00%(upstream:remotename)%00%(upstream:remoteref) refs/heads/main refs/remotes/main [3ms]
2023-07-20 21:21:53.416 [info] > git status -z -uall [3ms]
2023-07-20 21:21:54.468 [info] > git config --get commit.template [2ms]
2023-07-20 21:21:54.479 [info] > git for-each-ref --format=%(refname)%00%(upstream:short)%00%(objectname)%00%(upstream:track)%00%(upstream:remotename)%00%(upstream:remoteref) refs/heads/main refs/remotes/main [2ms]
2023-07-20 21:21:54.491 [info] > git status -z -uall [3ms]
2023-07-20 21:24:54.070 [info] > git fetch [635ms]
2023-07-20 21:24:54.070 [info] /bin/sh: warning: setlocale: LC_ALL: cannot change locale (en_US.UTF-8)
/bin/sh: warning: setlocale: LC_ALL: cannot change locale (en_US.UTF-8)
2023-07-20 21:24:54.082 [info] > git config --get commit.template [3ms]
2023-07-20 21:24:54.093 [info] > git for-each-ref --format=%(refname)%00%(upstream:short)%00%(objectname)%00%(upstream:track)%00%(upstream:remotename)%00%(upstream:remoteref) refs/heads/main refs/remotes/main [2ms]
2023-07-20 21:24:54.105 [info] > git status -z -uall [3ms]
2023-07-20 21:24:55.165 [info] > git config --get commit.template [10ms]
2023-07-20 21:24:55.166 [info] > git for-each-ref --format=%(refname)%00%(upstream:short)%00%(objectname)%00%(upstream:track)%00%(upstream:remotename)%00%(upstream:remoteref) refs/heads/main refs/remotes/main [2ms]
2023-07-20 21:24:55.178 [info] > git status -z -uall [3ms]
2023-07-20 21:27:54.973 [info] > git fetch [850ms]
2023-07-20 21:27:54.973 [info] /bin/sh: warning: setlocale: LC_ALL: cannot change locale (en_US.UTF-8)
/bin/sh: warning: setlocale: LC_ALL: cannot change locale (en_US.UTF-8)
2023-07-20 21:27:54.999 [info] > git config --get commit.template [14ms]
2023-07-20 21:27:55.000 [info] > git for-each-ref --format=%(refname)%00%(upstream:short)%00%(objectname)%00%(upstream:track)%00%(upstream:remotename)%00%(upstream:remoteref) refs/heads/main refs/remotes/main [3ms]
2023-07-20 21:27:55.024 [info] > git status -z -uall [12ms]
2023-07-20 21:27:56.069 [info] > git config --get commit.template [13ms]
2023-07-20 21:27:56.070 [info] > git for-each-ref --format=%(refname)%00%(upstream:short)%00%(objectname)%00%(upstream:track)%00%(upstream:remotename)%00%(upstream:remoteref) refs/heads/main refs/remotes/main [2ms]
2023-07-20 21:27:56.083 [info] > git status -z -uall [3ms]
2023-07-20 21:30:55.715 [info] > git fetch [662ms]
2023-07-20 21:30:55.715 [info] /bin/sh: warning: setlocale: LC_ALL: cannot change locale (en_US.UTF-8)
/bin/sh: warning: setlocale: LC_ALL: cannot change locale (en_US.UTF-8)
2023-07-20 21:30:55.735 [info] > git config --get commit.template [9ms]
2023-07-20 21:30:55.735 [info] > git for-each-ref --format=%(refname)%00%(upstream:short)%00%(objectname)%00%(upstream:track)%00%(upstream:remotename)%00%(upstream:remoteref) refs/heads/main refs/remotes/main [1ms]
2023-07-20 21:30:55.751 [info] > git status -z -uall [5ms]
2023-07-20 21:30:56.802 [info] > git config --get commit.template [2ms]
2023-07-20 21:30:56.814 [info] > git for-each-ref --format=%(refname)%00%(upstream:short)%00%(objectname)%00%(upstream:track)%00%(upstream:remotename)%00%(upstream:remoteref) refs/heads/main refs/remotes/main [2ms]
2023-07-20 21:30:56.825 [info] > git status -z -uall [3ms]
2023-07-20 21:33:56.524 [info] > git fetch [759ms]
2023-07-20 21:33:56.524 [info] /bin/sh: warning: setlocale: LC_ALL: cannot change locale (en_US.UTF-8)
/bin/sh: warning: setlocale: LC_ALL: cannot change locale (en_US.UTF-8)
2023-07-20 21:33:56.544 [info] > git config --get commit.template [10ms]
2023-07-20 21:33:56.545 [info] > git for-each-ref --format=%(refname)%00%(upstream:short)%00%(objectname)%00%(upstream:track)%00%(upstream:remotename)%00%(upstream:remoteref) refs/heads/main refs/remotes/main [3ms]
2023-07-20 21:33:56.557 [info] > git status -z -uall [3ms]
2023-07-20 21:33:57.626 [info] > git config --get commit.template [10ms]
2023-07-20 21:33:57.627 [info] > git for-each-ref --format=%(refname)%00%(upstream:short)%00%(objectname)%00%(upstream:track)%00%(upstream:remotename)%00%(upstream:remoteref) refs/heads/main refs/remotes/main [2ms]
2023-07-20 21:33:57.639 [info] > git status -z -uall [3ms]
2023-07-20 21:36:57.138 [info] > git fetch [558ms]
2023-07-20 21:36:57.138 [info] /bin/sh: warning: setlocale: LC_ALL: cannot change locale (en_US.UTF-8)
/bin/sh: warning: setlocale: LC_ALL: cannot change locale (en_US.UTF-8)
2023-07-20 21:36:57.159 [info] > git config --get commit.template [10ms]
2023-07-20 21:36:57.159 [info] > git for-each-ref --format=%(refname)%00%(upstream:short)%00%(objectname)%00%(upstream:track)%00%(upstream:remotename)%00%(upstream:remoteref) refs/heads/main refs/remotes/main [2ms]
2023-07-20 21:36:57.171 [info] > git status -z -uall [3ms]
2023-07-20 21:36:58.233 [info] > git config --get commit.template [11ms]
2023-07-20 21:36:58.234 [info] > git for-each-ref --format=%(refname)%00%(upstream:short)%00%(objectname)%00%(upstream:track)%00%(upstream:remotename)%00%(upstream:remoteref) refs/heads/main refs/remotes/main [2ms]
2023-07-20 21:36:58.245 [info] > git status -z -uall [3ms]
2023-07-20 21:39:57.822 [info] > git fetch [625ms]
2023-07-20 21:39:57.822 [info] /bin/sh: warning: setlocale: LC_ALL: cannot change locale (en_US.UTF-8)
/bin/sh: warning: setlocale: LC_ALL: cannot change locale (en_US.UTF-8)
2023-07-20 21:39:57.834 [info] > git config --get commit.template [2ms]
2023-07-20 21:39:57.845 [info] > git for-each-ref --format=%(refname)%00%(upstream:short)%00%(objectname)%00%(upstream:track)%00%(upstream:remotename)%00%(upstream:remoteref) refs/heads/main refs/remotes/main [1ms]
2023-07-20 21:39:57.857 [info] > git status -z -uall [3ms]
2023-07-20 21:39:58.915 [info] > git config --get commit.template [10ms]
2023-07-20 21:39:58.916 [info] > git for-each-ref --format=%(refname)%00%(upstream:short)%00%(objectname)%00%(upstream:track)%00%(upstream:remotename)%00%(upstream:remoteref) refs/heads/main refs/remotes/main [2ms]
2023-07-20 21:39:58.928 [info] > git status -z -uall [3ms]
2023-07-20 21:42:58.546 [info] > git fetch [663ms]
2023-07-20 21:42:58.546 [info] /bin/sh: warning: setlocale: LC_ALL: cannot change locale (en_US.UTF-8)
/bin/sh: warning: setlocale: LC_ALL: cannot change locale (en_US.UTF-8)
2023-07-20 21:42:58.566 [info] > git config --get commit.template [10ms]
2023-07-20 21:42:58.566 [info] > git for-each-ref --format=%(refname)%00%(upstream:short)%00%(objectname)%00%(upstream:track)%00%(upstream:remotename)%00%(upstream:remoteref) refs/heads/main refs/remotes/main [1ms]
2023-07-20 21:42:58.578 [info] > git status -z -uall [3ms]
2023-07-20 21:42:59.638 [info] > git config --get commit.template [11ms]
2023-07-20 21:42:59.639 [info] > git for-each-ref --format=%(refname)%00%(upstream:short)%00%(objectname)%00%(upstream:track)%00%(upstream:remotename)%00%(upstream:remoteref) refs/heads/main refs/remotes/main [2ms]
2023-07-20 21:42:59.651 [info] > git status -z -uall [4ms]
2023-07-20 21:45:59.297 [info] > git fetch [697ms]
2023-07-20 21:45:59.297 [info] /bin/sh: warning: setlocale: LC_ALL: cannot change locale (en_US.UTF-8)
/bin/sh: warning: setlocale: LC_ALL: cannot change locale (en_US.UTF-8)
2023-07-20 21:45:59.308 [info] > git config --get commit.template [1ms]
2023-07-20 21:45:59.318 [info] > git for-each-ref --format=%(refname)%00%(upstream:short)%00%(objectname)%00%(upstream:track)%00%(upstream:remotename)%00%(upstream:remoteref) refs/heads/main refs/remotes/main [2ms]
2023-07-20 21:45:59.329 [info] > git status -z -uall [3ms]
2023-07-20 21:46:00.380 [info] > git config --get commit.template [1ms]
2023-07-20 21:46:00.391 [info] > git for-each-ref --format=%(refname)%00%(upstream:short)%00%(objectname)%00%(upstream:track)%00%(upstream:remotename)%00%(upstream:remoteref) refs/heads/main refs/remotes/main [1ms]
2023-07-20 21:46:00.402 [info] > git status -z -uall [3ms]
2023-07-20 21:48:59.891 [info] > git fetch [534ms]
2023-07-20 21:48:59.891 [info] /bin/sh: warning: setlocale: LC_ALL: cannot change locale (en_US.UTF-8)
/bin/sh: warning: setlocale: LC_ALL: cannot change locale (en_US.UTF-8)
2023-07-20 21:48:59.911 [info] > git config --get commit.template [9ms]
2023-07-20 21:48:59.911 [info] > git for-each-ref --format=%(refname)%00%(upstream:short)%00%(objectname)%00%(upstream:track)%00%(upstream:remotename)%00%(upstream:remoteref) refs/heads/main refs/remotes/main [1ms]
2023-07-20 21:48:59.923 [info] > git status -z -uall [2ms]
2023-07-20 21:49:00.987 [info] > git config --get commit.template [10ms]
2023-07-20 21:49:00.988 [info] > git for-each-ref --format=%(refname)%00%(upstream:short)%00%(objectname)%00%(upstream:track)%00%(upstream:remotename)%00%(upstream:remoteref) refs/heads/main refs/remotes/main [2ms]
2023-07-20 21:49:00.999 [info] > git status -z -uall [3ms]
