2023-07-20 13:15:47.138 [info] Added views:workbench.panel.markers.view in workbench.panel.markers
2023-07-20 13:15:47.138 [info] Added views:workbench.panel.output in workbench.panel.output
2023-07-20 13:15:47.138 [info] Added views:terminal in terminal
2023-07-20 13:15:47.138 [info] Added views:outline in workbench.view.explorer
2023-07-20 13:15:47.138 [info] Added views:workbench.scm in workbench.view.scm
2023-07-20 13:15:47.138 [info] Added views:workbench.view.search in workbench.view.search
2023-07-20 13:15:47.138 [info] Added views:timeline in workbench.view.explorer
2023-07-20 13:15:47.138 [info] Added views:workbench.explorer.fileView in workbench.view.explorer
2023-07-20 13:15:47.668 [info] Added views:workbench.debug.welcome in workbench.view.debug
2023-07-20 13:15:48.338 [info] Added views:todo-tree-view in workbench.view.extension.todo-tree-container
2023-07-20 13:15:48.913 [info] Added views:workbench.panel.repl.view in workbench.panel.repl
2023-07-20 13:16:24.415 [info] Added views:workbench.panel.markers.view in workbench.panel.markers
2023-07-20 13:16:24.415 [info] Added views:workbench.panel.output in workbench.panel.output
2023-07-20 13:16:24.415 [info] Added views:terminal in terminal
2023-07-20 13:16:24.415 [info] Added views:outline in workbench.view.explorer
2023-07-20 13:16:24.415 [info] Added views:workbench.scm in workbench.view.scm
2023-07-20 13:16:24.415 [info] Added views:workbench.view.search in workbench.view.search
2023-07-20 13:16:24.415 [info] Added views:timeline in workbench.view.explorer
2023-07-20 13:16:24.415 [info] Added views:workbench.explorer.emptyView in workbench.view.explorer
2023-07-20 13:16:24.908 [info] Added views:todo-tree-view in workbench.view.extension.todo-tree-container
2023-07-20 13:16:25.275 [info] Added views:workbench.debug.variablesView,workbench.debug.watchExpressionsView,workbench.debug.callStackView,workbench.debug.breakPointsView in workbench.view.debug
2023-07-20 13:16:25.350 [info] Added views:workbench.panel.repl.view in workbench.panel.repl
2023-07-20 13:16:25.353 [info] Removed views:workbench.debug.breakPointsView,workbench.debug.callStackView,workbench.debug.watchExpressionsView,workbench.debug.variablesView from workbench.view.debug
2023-07-20 13:16:25.354 [info] Added views:workbench.debug.welcome in workbench.view.debug
2023-07-20 13:16:40.101 [info] Added views:workbench.panel.markers.view in workbench.panel.markers
2023-07-20 13:16:40.101 [info] Added views:workbench.panel.output in workbench.panel.output
2023-07-20 13:16:40.101 [info] Added views:terminal in terminal
2023-07-20 13:16:40.101 [info] Added views:outline in workbench.view.explorer
2023-07-20 13:16:40.101 [info] Added views:workbench.scm in workbench.view.scm
2023-07-20 13:16:40.101 [info] Added views:workbench.view.search in workbench.view.search
2023-07-20 13:16:40.101 [info] Added views:timeline in workbench.view.explorer
2023-07-20 13:16:40.101 [info] Added views:workbench.explorer.fileView in workbench.view.explorer
2023-07-20 13:16:40.847 [info] Added views:todo-tree-view in workbench.view.extension.todo-tree-container
2023-07-20 13:16:41.219 [info] Added views:workbench.debug.variablesView,workbench.debug.watchExpressionsView,workbench.debug.callStackView,workbench.debug.breakPointsView in workbench.view.debug
2023-07-20 13:16:41.325 [info] Added views:workbench.panel.repl.view in workbench.panel.repl
2023-07-20 13:16:41.327 [info] Removed views:workbench.debug.breakPointsView,workbench.debug.callStackView,workbench.debug.watchExpressionsView,workbench.debug.variablesView from workbench.view.debug
2023-07-20 13:16:41.328 [info] Added views:workbench.debug.welcome in workbench.view.debug
2023-07-20 13:20:18.784 [info] Added views:workbench.views.extensions.installed,workbench.views.extensions.popular,extensions.recommendedList in workbench.view.extensions
2023-07-20 13:20:18.803 [info] Removed views:workbench.views.extensions.popular from workbench.view.extensions
2023-07-20 13:20:34.575 [info] Removed views:extensions.recommendedList,workbench.views.extensions.installed from workbench.view.extensions
2023-07-20 13:20:34.634 [info] Added views:workbench.views.extensions.marketplace in workbench.view.extensions
2023-07-20 13:20:59.527 [info] Added views:workbench.view.testing in workbench.view.extension.test
2023-07-20 13:22:32.942 [info] Added views:latex-workshop-commands,latex-workshop-structure,latex-workshop-snippet-view in workbench.view.extension.latex-workshop-activitybar
2023-07-20 13:37:34.297 [info] Removed views:workbench.views.extensions.marketplace from workbench.view.extensions
2023-07-20 13:37:34.375 [info] Added views:workbench.views.extensions.installed,extensions.recommendedList in workbench.view.extensions
2023-07-20 13:37:36.698 [info] Removed views:extensions.recommendedList,workbench.views.extensions.installed from workbench.view.extensions
2023-07-20 13:37:36.731 [info] Added views:workbench.views.extensions.marketplace in workbench.view.extensions
2023-07-20 20:33:26.935 [info] Removed views:workbench.view.testing from workbench.view.extension.test
