2023-07-21 14:30:13.539 [error] Extension 'ms-python.python CANNOT USE these API proposals 'contribEditorContentMenu, quickPickSortByLabel, envShellEvent, testObserver, quickPickItemTooltip, envCollectionWorkspace, saveEditor, envCollectionOptions'. You MUST start in extension development mode or use the --enable-proposed-api command line flag
2023-07-21 14:30:13.653 [error] [ms-python.python]: editor/content is a proposed menu identifier. It requires 'package.json#enabledApiProposals: ["contribEditorContentMenu"]' and is only available when running out of dev or with the following command line switch: --enable-proposed-api ms-python.python
2023-07-21 14:30:21.153 [info] [perf] Render performance baseline is 202ms
2023-07-21 14:51:54.391 [error] Extension 'ms-python.python CANNOT USE these API proposals 'contribEditorContentMenu, quickPickSortByLabel, envShellEvent, testObserver, quickPickItemTooltip, envCollectionWorkspace, saveEditor, envCollectionOptions'. You MUST start in extension development mode or use the --enable-proposed-api command line flag
2023-07-21 14:51:55.992 [error] [ms-python.python]: editor/content is a proposed menu identifier. It requires 'package.json#enabledApiProposals: ["contribEditorContentMenu"]' and is only available when running out of dev or with the following command line switch: --enable-proposed-api ms-python.python
2023-07-21 14:52:02.436 [info] [perf] Render performance baseline is 124ms
2023-07-21 14:56:00.360 [error] Extension 'ms-python.python CANNOT USE these API proposals 'contribEditorContentMenu, quickPickSortByLabel, envShellEvent, testObserver, quickPickItemTooltip, envCollectionWorkspace, saveEditor, envCollectionOptions'. You MUST start in extension development mode or use the --enable-proposed-api command line flag
2023-07-21 14:56:00.467 [error] [ms-python.python]: editor/content is a proposed menu identifier. It requires 'package.json#enabledApiProposals: ["contribEditorContentMenu"]' and is only available when running out of dev or with the following command line switch: --enable-proposed-api ms-python.python
2023-07-21 14:56:05.634 [info] [perf] Render performance baseline is 151ms
2023-07-21 16:39:02.783 [error] Expected [a-zA-Z] but end of input found.: SyntaxError: Expected [a-zA-Z] but end of input found.
    at peg$buildStructuredError (/home/aiden/.vscode-oss/extensions/james-yu.latex-workshop-9.12.3-universal/node_modules/latex-utensils/out/src/bibtex/bibtex_parser_simple.js:366:12)
    at Object.peg$parse [as parse] (/home/aiden/.vscode-oss/extensions/james-yu.latex-workshop-9.12.3-universal/node_modules/latex-utensils/out/src/bibtex/bibtex_parser_simple.js:2011:11)
    at Object.parse (/home/aiden/.vscode-oss/extensions/james-yu.latex-workshop-9.12.3-universal/node_modules/latex-utensils/out/src/bibtex/bibtex_parser.js:36:30)
    at Function.parseBibTeX (/home/aiden/.vscode-oss/extensions/james-yu.latex-workshop-9.12.3-universal/out/src/components/parserlib/unified.js:41:42)
    at MessagePort.<anonymous> (/home/aiden/.vscode-oss/extensions/james-yu.latex-workshop-9.12.3-universal/node_modules/workerpool/src/worker.js:157:27)
    at [nodejs.internal.kHybridDispatch] (node:internal/event_target:694:20)
    at exports.emitMessage (node:internal/per_context/messageport:23:28)
2023-07-21 17:02:24.872 [error] Expected [a-zA-Z] but end of input found.: SyntaxError: Expected [a-zA-Z] but end of input found.
    at peg$buildStructuredError (/home/aiden/.vscode-oss/extensions/james-yu.latex-workshop-9.12.3-universal/node_modules/latex-utensils/out/src/bibtex/bibtex_parser_simple.js:366:12)
    at Object.peg$parse [as parse] (/home/aiden/.vscode-oss/extensions/james-yu.latex-workshop-9.12.3-universal/node_modules/latex-utensils/out/src/bibtex/bibtex_parser_simple.js:2011:11)
    at Object.parse (/home/aiden/.vscode-oss/extensions/james-yu.latex-workshop-9.12.3-universal/node_modules/latex-utensils/out/src/bibtex/bibtex_parser.js:36:30)
    at Function.parseBibTeX (/home/aiden/.vscode-oss/extensions/james-yu.latex-workshop-9.12.3-universal/out/src/components/parserlib/unified.js:41:42)
    at MessagePort.<anonymous> (/home/aiden/.vscode-oss/extensions/james-yu.latex-workshop-9.12.3-universal/node_modules/workerpool/src/worker.js:157:27)
    at [nodejs.internal.kHybridDispatch] (node:internal/event_target:694:20)
    at exports.emitMessage (node:internal/per_context/messageport:23:28)
2023-07-21 17:02:27.044 [error] Expected "(", "\r\n", "{", [ \t\n], or [a-zA-Z] but end of input found.: SyntaxError: Expected "(", "\r\n", "{", [ \t\n], or [a-zA-Z] but end of input found.
    at peg$buildStructuredError (/home/aiden/.vscode-oss/extensions/james-yu.latex-workshop-9.12.3-universal/node_modules/latex-utensils/out/src/bibtex/bibtex_parser_simple.js:366:12)
    at Object.peg$parse [as parse] (/home/aiden/.vscode-oss/extensions/james-yu.latex-workshop-9.12.3-universal/node_modules/latex-utensils/out/src/bibtex/bibtex_parser_simple.js:2011:11)
    at Object.parse (/home/aiden/.vscode-oss/extensions/james-yu.latex-workshop-9.12.3-universal/node_modules/latex-utensils/out/src/bibtex/bibtex_parser.js:36:30)
    at Function.parseBibTeX (/home/aiden/.vscode-oss/extensions/james-yu.latex-workshop-9.12.3-universal/out/src/components/parserlib/unified.js:41:42)
    at MessagePort.<anonymous> (/home/aiden/.vscode-oss/extensions/james-yu.latex-workshop-9.12.3-universal/node_modules/workerpool/src/worker.js:157:27)
    at [nodejs.internal.kHybridDispatch] (node:internal/event_target:694:20)
    at exports.emitMessage (node:internal/per_context/messageport:23:28)
