[14:51:57.871][Logger] New log placeholder %WS1% registered for /home/aiden/Repos/timetable-project .
[14:51:57.871][Config] latex-workshop.linting.chktex.enabled: true .
[14:51:58.109][Manager] Set $LATEXWORKSHOP_DOCKER_LATEX: ""
[14:51:58.190][Server] Creating LaTeX Workshop http and websocket server.
[14:51:58.471][Server] Server successfully started: {"address":"127.0.0.1","family":"IPv4","port":44149} .
[14:51:58.674][Extension] Initializing LaTeX Workshop.
[14:51:58.674][Extension] Extension root: /home/aiden/.vscode-oss/extensions/james-yu.latex-workshop-9.12.3-universal
[14:51:58.675][Extension] $PATH: /usr/local/bin:/usr/bin:/bin:/usr/local/sbin:/usr/bin/site_perl:/usr/bin/vendor_perl:/usr/bin/core_perl
[14:51:58.675][Extension] $SHELL: /bin/zsh
[14:51:58.676][Extension] $LANG: en_GB.UTF-8
[14:51:58.676][Extension] $LC_ALL: undefined
[14:51:58.677][Extension] process.platform: linux
[14:51:58.677][Extension] process.arch: x64
[14:51:58.678][Extension] vscode.env.appName: Code - OSS
[14:51:58.679][Extension] vscode.env.remoteName: undefined
[14:51:58.680][Extension] vscode.env.uiKind: 1
[14:51:58.681][Extension] LaTeX Workshop initialized.
[14:51:58.698][Format][Bib] Bibtex format config: {"tab":"  ","case":"lowercase","left":"{","right":"}","trailingComma":false,"sort":["key"],"alignOnEqual":true,"sortFields":false,"fieldsOrder":[],"firstEntries":["string","xdata"]}
[14:51:58.702][Extension] Trigger characters for intellisense of LaTeX documents: ["\\",",","{"]
[14:51:58.707][Manager] Current workspace folders: ["file://%WS1%"]
[14:51:58.709][Manager] Found root file from active editor: %WS1%/doc.tex
[14:51:58.710][Manager] Root file changed: from undefined to %WS1%/doc.tex
[14:51:58.710][Manager] Start to find all dependencies.
[14:51:58.711][Manager] Root file languageId: latex
[14:51:58.711][Event] ROOT_FILE_CHANGED: "%WS1%/doc.tex"
[14:51:58.712][Cacher][Watcher] Reset.
[14:51:58.720][Cacher] Adding %WS1%/doc.tex .
[14:51:58.723][Cacher][Watcher] Watched %WS1%/doc.tex with a new watcher on %WS1% .
[14:51:58.724][Event] FILE_WATCHED: "%WS1%/doc.tex"
[14:51:58.728][Cacher] Caching %WS1%/doc.tex .
[14:51:58.730][Cacher] Updated inputs of %WS1%/doc.tex .
[14:51:58.730][Cacher] Parse LaTeX AST: %WS1%/doc.tex .
[14:51:58.731][Event] ROOT_FILE_SEARCHED
[14:51:58.732][Linter] ChkTeX lints root %WS1%/doc.tex .
[14:51:58.734][Linter][ChkTeX] Linter for ChkTeX command The command is chktex:["-wall","-n22","-n30","-e16","-q","-f%f:%l:%c:%d:%k:%n:%m\n","%WS1%/doc.tex"].
[14:51:59.027][Linter] Linter for root successfully finished in 0s 261ms
[14:51:59.030][Linter][ChkTeX] No .chktexrc file is found to determine TabSize.
[14:51:59.031][Linter][ChkTeX] Logged 0 messages.
[14:51:59.551][Cacher] Parsed LaTeX AST: %WS1%/doc.tex .
[14:51:59.596][Cacher] Updated elements in 43.86 ms: %WS1%/doc.tex .
[14:51:59.596][Event] FILE_PARSED: "%WS1%/doc.tex"
[14:51:59.601][Cacher] Parsing .fls %WS1%/doc.fls .
[14:51:59.635][Cacher] Found .aux %WS1%/doc.tex from .fls %WS1%/doc.fls , parsing.
[14:51:59.636][Cacher] Parsed .aux %WS1%/doc.tex .
[14:51:59.637][Cacher] Parsed .fls %WS1%/doc.fls .
[14:51:59.642][Structure] Structure force updated with 6 root sections for %WS1%/doc.tex .
[14:51:59.644][Event] STRUCTURE_UPDATED
[14:51:59.647][Server] valdOrigin is http://127.0.0.1:44149
[14:55:57.480][Cacher][Watcher] Reset.
[14:55:57.481][Cacher][Watcher] Reset.
[14:55:57.481][Cacher][Watcher] Reset.
