2023-07-20 13:15:51.693 [info] [perf] Render performance baseline is 106ms
2023-07-20 13:16:28.006 [info] [perf] Render performance baseline is 122ms
2023-07-20 13:16:43.100 [info] [perf] Render performance baseline is 55ms
2023-07-20 13:20:58.104 [error] Extension 'ms-python.python CANNOT USE these API proposals 'contribEditorContentMenu, quickPickSortByLabel, envShellEvent, testObserver, quickPickItemTooltip, envCollectionWorkspace, saveEditor, envCollectionOptions'. You MUST start in extension development mode or use the --enable-proposed-api command line flag
2023-07-20 13:20:58.163 [error] [ms-python.python]: editor/content is a proposed menu identifier. It requires 'package.json#enabledApiProposals: ["contribEditorContentMenu"]' and is only available when running out of dev or with the following command line switch: --enable-proposed-api ms-python.python
2023-07-20 13:21:00.638 [error] [ms-python.python]: editor/content is a proposed menu identifier. It requires 'package.json#enabledApiProposals: ["contribEditorContentMenu"]' and is only available when running out of dev or with the following command line switch: --enable-proposed-api ms-python.python
2023-07-20 13:22:31.720 [error] [ms-python.python]: editor/content is a proposed menu identifier. It requires 'package.json#enabledApiProposals: ["contribEditorContentMenu"]' and is only available when running out of dev or with the following command line switch: --enable-proposed-api ms-python.python
2023-07-20 14:12:21.377 [error] Cannot read properties of undefined (reading 'slice'): TypeError: Cannot read properties of undefined (reading 'slice')
	at insertCursor (/home/aiden/.vscode-oss/extensions/james-yu.latex-workshop-9.12.3-universal/out/src/providers/preview/mathpreviewlib/cursorrenderer.js:65:57)
	at async MathPreview.provideHoverOnTex (/home/aiden/.vscode-oss/extensions/james-yu.latex-workshop-9.12.3-universal/out/src/providers/preview/mathpreview.js:48:17)
	at async HoverProvider.provideHover (/home/aiden/.vscode-oss/extensions/james-yu.latex-workshop-9.12.3-universal/out/src/providers/hover.js:43:31)
	at async S.provideHover (/usr/lib/code/out/vs/workbench/api/node/extensionHostProcess.js:101:40721)
2023-07-20 14:12:22.929 [error] Cannot read properties of undefined (reading 'slice'): TypeError: Cannot read properties of undefined (reading 'slice')
	at insertCursor (/home/aiden/.vscode-oss/extensions/james-yu.latex-workshop-9.12.3-universal/out/src/providers/preview/mathpreviewlib/cursorrenderer.js:65:57)
2023-07-20 14:12:23.380 [error] Cannot read properties of undefined (reading 'slice'): TypeError: Cannot read properties of undefined (reading 'slice')
	at insertCursor (/home/aiden/.vscode-oss/extensions/james-yu.latex-workshop-9.12.3-universal/out/src/providers/preview/mathpreviewlib/cursorrenderer.js:65:57)
	at async MathPreview.provideHoverOnTex (/home/aiden/.vscode-oss/extensions/james-yu.latex-workshop-9.12.3-universal/out/src/providers/preview/mathpreview.js:48:17)
	at async HoverProvider.provideHover (/home/aiden/.vscode-oss/extensions/james-yu.latex-workshop-9.12.3-universal/out/src/providers/hover.js:43:31)
	at async S.provideHover (/usr/lib/code/out/vs/workbench/api/node/extensionHostProcess.js:101:40721)
2023-07-20 14:15:26.752 [error] Cannot read properties of undefined (reading 'slice'): TypeError: Cannot read properties of undefined (reading 'slice')
	at insertCursor (/home/aiden/.vscode-oss/extensions/james-yu.latex-workshop-9.12.3-universal/out/src/providers/preview/mathpreviewlib/cursorrenderer.js:65:57)
	at async MathPreview.provideHoverOnTex (/home/aiden/.vscode-oss/extensions/james-yu.latex-workshop-9.12.3-universal/out/src/providers/preview/mathpreview.js:48:17)
	at async HoverProvider.provideHover (/home/aiden/.vscode-oss/extensions/james-yu.latex-workshop-9.12.3-universal/out/src/providers/hover.js:43:31)
	at async S.provideHover (/usr/lib/code/out/vs/workbench/api/node/extensionHostProcess.js:101:40721)
2023-07-20 14:44:06.328 [error] Cannot read properties of undefined (reading 'slice'): TypeError: Cannot read properties of undefined (reading 'slice')
	at insertCursor (/home/aiden/.vscode-oss/extensions/james-yu.latex-workshop-9.12.3-universal/out/src/providers/preview/mathpreviewlib/cursorrenderer.js:65:57)
	at async MathPreview.provideHoverOnTex (/home/aiden/.vscode-oss/extensions/james-yu.latex-workshop-9.12.3-universal/out/src/providers/preview/mathpreview.js:48:17)
	at async HoverProvider.provideHover (/home/aiden/.vscode-oss/extensions/james-yu.latex-workshop-9.12.3-universal/out/src/providers/hover.js:43:31)
	at async S.provideHover (/usr/lib/code/out/vs/workbench/api/node/extensionHostProcess.js:101:40721)
2023-07-20 14:44:27.752 [error] Cannot read properties of undefined (reading 'slice'): TypeError: Cannot read properties of undefined (reading 'slice')
	at insertCursor (/home/aiden/.vscode-oss/extensions/james-yu.latex-workshop-9.12.3-universal/out/src/providers/preview/mathpreviewlib/cursorrenderer.js:65:57)
	at async MathPreview.provideHoverOnTex (/home/aiden/.vscode-oss/extensions/james-yu.latex-workshop-9.12.3-universal/out/src/providers/preview/mathpreview.js:48:17)
	at async HoverProvider.provideHover (/home/aiden/.vscode-oss/extensions/james-yu.latex-workshop-9.12.3-universal/out/src/providers/hover.js:43:31)
	at async S.provideHover (/usr/lib/code/out/vs/workbench/api/node/extensionHostProcess.js:101:40721)
2023-07-20 14:44:28.202 [error] Cannot read properties of undefined (reading 'slice'): TypeError: Cannot read properties of undefined (reading 'slice')
	at insertCursor (/home/aiden/.vscode-oss/extensions/james-yu.latex-workshop-9.12.3-universal/out/src/providers/preview/mathpreviewlib/cursorrenderer.js:65:57)
2023-07-20 14:45:44.367 [error] Cannot read properties of undefined (reading 'slice'): TypeError: Cannot read properties of undefined (reading 'slice')
	at insertCursor (/home/aiden/.vscode-oss/extensions/james-yu.latex-workshop-9.12.3-universal/out/src/providers/preview/mathpreviewlib/cursorrenderer.js:65:57)
	at async MathPreview.provideHoverOnTex (/home/aiden/.vscode-oss/extensions/james-yu.latex-workshop-9.12.3-universal/out/src/providers/preview/mathpreview.js:48:17)
	at async HoverProvider.provideHover (/home/aiden/.vscode-oss/extensions/james-yu.latex-workshop-9.12.3-universal/out/src/providers/hover.js:43:31)
	at async S.provideHover (/usr/lib/code/out/vs/workbench/api/node/extensionHostProcess.js:101:40721)
2023-07-20 15:51:23.939 [error] Cannot read properties of undefined (reading 'slice'): TypeError: Cannot read properties of undefined (reading 'slice')
	at insertCursor (/home/aiden/.vscode-oss/extensions/james-yu.latex-workshop-9.12.3-universal/out/src/providers/preview/mathpreviewlib/cursorrenderer.js:65:57)
	at async MathPreview.provideHoverOnTex (/home/aiden/.vscode-oss/extensions/james-yu.latex-workshop-9.12.3-universal/out/src/providers/preview/mathpreview.js:48:17)
	at async HoverProvider.provideHover (/home/aiden/.vscode-oss/extensions/james-yu.latex-workshop-9.12.3-universal/out/src/providers/hover.js:43:31)
	at async S.provideHover (/usr/lib/code/out/vs/workbench/api/node/extensionHostProcess.js:101:40721)
2023-07-20 15:51:25.419 [error] Cannot read properties of undefined (reading 'slice'): TypeError: Cannot read properties of undefined (reading 'slice')
	at insertCursor (/home/aiden/.vscode-oss/extensions/james-yu.latex-workshop-9.12.3-universal/out/src/providers/preview/mathpreviewlib/cursorrenderer.js:65:57)
	at async MathPreview.provideHoverOnTex (/home/aiden/.vscode-oss/extensions/james-yu.latex-workshop-9.12.3-universal/out/src/providers/preview/mathpreview.js:48:17)
	at async HoverProvider.provideHover (/home/aiden/.vscode-oss/extensions/james-yu.latex-workshop-9.12.3-universal/out/src/providers/hover.js:43:31)
	at async S.provideHover (/usr/lib/code/out/vs/workbench/api/node/extensionHostProcess.js:101:40721)
2023-07-20 15:51:25.666 [error] Cannot read properties of undefined (reading 'slice'): TypeError: Cannot read properties of undefined (reading 'slice')
	at insertCursor (/home/aiden/.vscode-oss/extensions/james-yu.latex-workshop-9.12.3-universal/out/src/providers/preview/mathpreviewlib/cursorrenderer.js:65:57)
2023-07-20 15:52:08.467 [error] Cannot read properties of undefined (reading 'slice'): TypeError: Cannot read properties of undefined (reading 'slice')
	at insertCursor (/home/aiden/.vscode-oss/extensions/james-yu.latex-workshop-9.12.3-universal/out/src/providers/preview/mathpreviewlib/cursorrenderer.js:65:57)
	at async MathPreview.provideHoverOnTex (/home/aiden/.vscode-oss/extensions/james-yu.latex-workshop-9.12.3-universal/out/src/providers/preview/mathpreview.js:48:17)
	at async HoverProvider.provideHover (/home/aiden/.vscode-oss/extensions/james-yu.latex-workshop-9.12.3-universal/out/src/providers/hover.js:43:31)
	at async S.provideHover (/usr/lib/code/out/vs/workbench/api/node/extensionHostProcess.js:101:40721)
2023-07-20 15:52:12.332 [error] Cannot read properties of undefined (reading 'slice'): TypeError: Cannot read properties of undefined (reading 'slice')
	at insertCursor (/home/aiden/.vscode-oss/extensions/james-yu.latex-workshop-9.12.3-universal/out/src/providers/preview/mathpreviewlib/cursorrenderer.js:65:57)
	at async MathPreview.provideHoverOnTex (/home/aiden/.vscode-oss/extensions/james-yu.latex-workshop-9.12.3-universal/out/src/providers/preview/mathpreview.js:48:17)
	at async HoverProvider.provideHover (/home/aiden/.vscode-oss/extensions/james-yu.latex-workshop-9.12.3-universal/out/src/providers/hover.js:43:31)
	at async S.provideHover (/usr/lib/code/out/vs/workbench/api/node/extensionHostProcess.js:101:40721)
2023-07-20 15:52:18.018 [error] Cannot read properties of undefined (reading 'slice'): TypeError: Cannot read properties of undefined (reading 'slice')
	at insertCursor (/home/aiden/.vscode-oss/extensions/james-yu.latex-workshop-9.12.3-universal/out/src/providers/preview/mathpreviewlib/cursorrenderer.js:65:57)
	at async MathPreview.provideHoverOnTex (/home/aiden/.vscode-oss/extensions/james-yu.latex-workshop-9.12.3-universal/out/src/providers/preview/mathpreview.js:48:17)
	at async HoverProvider.provideHover (/home/aiden/.vscode-oss/extensions/james-yu.latex-workshop-9.12.3-universal/out/src/providers/hover.js:43:31)
	at async S.provideHover (/usr/lib/code/out/vs/workbench/api/node/extensionHostProcess.js:101:40721)
2023-07-20 17:28:50.898 [error] Cannot read properties of undefined (reading 'slice'): TypeError: Cannot read properties of undefined (reading 'slice')
	at insertCursor (/home/aiden/.vscode-oss/extensions/james-yu.latex-workshop-9.12.3-universal/out/src/providers/preview/mathpreviewlib/cursorrenderer.js:65:57)
	at async MathPreview.provideHoverOnTex (/home/aiden/.vscode-oss/extensions/james-yu.latex-workshop-9.12.3-universal/out/src/providers/preview/mathpreview.js:48:17)
	at async HoverProvider.provideHover (/home/aiden/.vscode-oss/extensions/james-yu.latex-workshop-9.12.3-universal/out/src/providers/hover.js:43:31)
	at async S.provideHover (/usr/lib/code/out/vs/workbench/api/node/extensionHostProcess.js:101:40721)
2023-07-20 17:28:51.280 [error] Cannot read properties of undefined (reading 'slice'): TypeError: Cannot read properties of undefined (reading 'slice')
	at insertCursor (/home/aiden/.vscode-oss/extensions/james-yu.latex-workshop-9.12.3-universal/out/src/providers/preview/mathpreviewlib/cursorrenderer.js:65:57)
2023-07-20 19:13:24.172 [error] Cannot read properties of undefined (reading 'slice'): TypeError: Cannot read properties of undefined (reading 'slice')
	at insertCursor (/home/aiden/.vscode-oss/extensions/james-yu.latex-workshop-9.12.3-universal/out/src/providers/preview/mathpreviewlib/cursorrenderer.js:65:57)
	at async MathPreview.provideHoverOnTex (/home/aiden/.vscode-oss/extensions/james-yu.latex-workshop-9.12.3-universal/out/src/providers/preview/mathpreview.js:48:17)
	at async HoverProvider.provideHover (/home/aiden/.vscode-oss/extensions/james-yu.latex-workshop-9.12.3-universal/out/src/providers/hover.js:43:31)
	at async S.provideHover (/usr/lib/code/out/vs/workbench/api/node/extensionHostProcess.js:101:40721)
2023-07-20 19:13:27.487 [error] Cannot read properties of undefined (reading 'slice'): TypeError: Cannot read properties of undefined (reading 'slice')
	at insertCursor (/home/aiden/.vscode-oss/extensions/james-yu.latex-workshop-9.12.3-universal/out/src/providers/preview/mathpreviewlib/cursorrenderer.js:65:57)
	at async MathPreview.provideHoverOnTex (/home/aiden/.vscode-oss/extensions/james-yu.latex-workshop-9.12.3-universal/out/src/providers/preview/mathpreview.js:48:17)
	at async HoverProvider.provideHover (/home/aiden/.vscode-oss/extensions/james-yu.latex-workshop-9.12.3-universal/out/src/providers/hover.js:43:31)
	at async S.provideHover (/usr/lib/code/out/vs/workbench/api/node/extensionHostProcess.js:101:40721)
2023-07-20 19:13:32.206 [error] Cannot read properties of undefined (reading 'slice'): TypeError: Cannot read properties of undefined (reading 'slice')
	at insertCursor (/home/aiden/.vscode-oss/extensions/james-yu.latex-workshop-9.12.3-universal/out/src/providers/preview/mathpreviewlib/cursorrenderer.js:65:57)
	at async MathPreview.provideHoverOnTex (/home/aiden/.vscode-oss/extensions/james-yu.latex-workshop-9.12.3-universal/out/src/providers/preview/mathpreview.js:48:17)
	at async HoverProvider.provideHover (/home/aiden/.vscode-oss/extensions/james-yu.latex-workshop-9.12.3-universal/out/src/providers/hover.js:43:31)
	at async S.provideHover (/usr/lib/code/out/vs/workbench/api/node/extensionHostProcess.js:101:40721)
2023-07-20 19:15:01.710 [error] Cannot read properties of undefined (reading 'slice'): TypeError: Cannot read properties of undefined (reading 'slice')
	at insertCursor (/home/aiden/.vscode-oss/extensions/james-yu.latex-workshop-9.12.3-universal/out/src/providers/preview/mathpreviewlib/cursorrenderer.js:65:57)
	at async MathPreview.provideHoverOnTex (/home/aiden/.vscode-oss/extensions/james-yu.latex-workshop-9.12.3-universal/out/src/providers/preview/mathpreview.js:48:17)
	at async HoverProvider.provideHover (/home/aiden/.vscode-oss/extensions/james-yu.latex-workshop-9.12.3-universal/out/src/providers/hover.js:43:31)
	at async S.provideHover (/usr/lib/code/out/vs/workbench/api/node/extensionHostProcess.js:101:40721)
2023-07-20 19:31:45.367 [error] B.filterText.toLowerCase is not a function: TypeError: B.filterText.toLowerCase is not a function
    at new u (vscode-file://vscode-app/usr/lib/code/out/vs/workbench/workbench.desktop.main.js:651:24941)
    at Q (vscode-file://vscode-app/usr/lib/code/out/vs/workbench/workbench.desktop.main.js:651:27626)
    at vscode-file://vscode-app/usr/lib/code/out/vs/workbench/workbench.desktop.main.js:651:28412
    at async Promise.all (index 1)
    at async c (vscode-file://vscode-app/usr/lib/code/out/vs/workbench/workbench.desktop.main.js:651:28124)
    at async Promise.all (index 0)
2023-07-20 19:31:52.797 [error] B.filterText.toLowerCase is not a function: TypeError: B.filterText.toLowerCase is not a function
    at new u (vscode-file://vscode-app/usr/lib/code/out/vs/workbench/workbench.desktop.main.js:651:24941)
    at Q (vscode-file://vscode-app/usr/lib/code/out/vs/workbench/workbench.desktop.main.js:651:27626)
    at vscode-file://vscode-app/usr/lib/code/out/vs/workbench/workbench.desktop.main.js:651:28412
    at async Promise.all (index 1)
    at async c (vscode-file://vscode-app/usr/lib/code/out/vs/workbench/workbench.desktop.main.js:651:28124)
    at async Promise.all (index 0)
2023-07-20 19:34:11.351 [error] B.filterText.toLowerCase is not a function: TypeError: B.filterText.toLowerCase is not a function
    at new u (vscode-file://vscode-app/usr/lib/code/out/vs/workbench/workbench.desktop.main.js:651:24941)
    at Q (vscode-file://vscode-app/usr/lib/code/out/vs/workbench/workbench.desktop.main.js:651:27626)
    at vscode-file://vscode-app/usr/lib/code/out/vs/workbench/workbench.desktop.main.js:651:28412
    at async Promise.all (index 1)
    at async c (vscode-file://vscode-app/usr/lib/code/out/vs/workbench/workbench.desktop.main.js:651:28124)
    at async Promise.all (index 0)
2023-07-20 19:35:15.214 [error] B.filterText.toLowerCase is not a function: TypeError: B.filterText.toLowerCase is not a function
    at new u (vscode-file://vscode-app/usr/lib/code/out/vs/workbench/workbench.desktop.main.js:651:24941)
    at Q (vscode-file://vscode-app/usr/lib/code/out/vs/workbench/workbench.desktop.main.js:651:27626)
    at vscode-file://vscode-app/usr/lib/code/out/vs/workbench/workbench.desktop.main.js:651:28412
    at async Promise.all (index 1)
    at async c (vscode-file://vscode-app/usr/lib/code/out/vs/workbench/workbench.desktop.main.js:651:28124)
    at async Promise.all (index 0)
2023-07-20 19:35:41.289 [error] B.filterText.toLowerCase is not a function: TypeError: B.filterText.toLowerCase is not a function
    at new u (vscode-file://vscode-app/usr/lib/code/out/vs/workbench/workbench.desktop.main.js:651:24941)
    at Q (vscode-file://vscode-app/usr/lib/code/out/vs/workbench/workbench.desktop.main.js:651:27626)
    at vscode-file://vscode-app/usr/lib/code/out/vs/workbench/workbench.desktop.main.js:651:28412
    at async Promise.all (index 1)
    at async c (vscode-file://vscode-app/usr/lib/code/out/vs/workbench/workbench.desktop.main.js:651:28124)
    at async Promise.all (index 0)
2023-07-20 19:36:03.157 [error] B.filterText.toLowerCase is not a function: TypeError: B.filterText.toLowerCase is not a function
    at new u (vscode-file://vscode-app/usr/lib/code/out/vs/workbench/workbench.desktop.main.js:651:24941)
    at Q (vscode-file://vscode-app/usr/lib/code/out/vs/workbench/workbench.desktop.main.js:651:27626)
    at vscode-file://vscode-app/usr/lib/code/out/vs/workbench/workbench.desktop.main.js:651:28412
    at async Promise.all (index 1)
    at async c (vscode-file://vscode-app/usr/lib/code/out/vs/workbench/workbench.desktop.main.js:651:28124)
    at async Promise.all (index 0)
2023-07-20 19:37:49.997 [error] B.filterText.toLowerCase is not a function: TypeError: B.filterText.toLowerCase is not a function
    at new u (vscode-file://vscode-app/usr/lib/code/out/vs/workbench/workbench.desktop.main.js:651:24941)
    at Q (vscode-file://vscode-app/usr/lib/code/out/vs/workbench/workbench.desktop.main.js:651:27626)
    at vscode-file://vscode-app/usr/lib/code/out/vs/workbench/workbench.desktop.main.js:651:28412
    at async Promise.all (index 1)
    at async c (vscode-file://vscode-app/usr/lib/code/out/vs/workbench/workbench.desktop.main.js:651:28124)
    at async Promise.all (index 0)
2023-07-20 19:39:48.627 [error] B.filterText.toLowerCase is not a function: TypeError: B.filterText.toLowerCase is not a function
    at new u (vscode-file://vscode-app/usr/lib/code/out/vs/workbench/workbench.desktop.main.js:651:24941)
    at Q (vscode-file://vscode-app/usr/lib/code/out/vs/workbench/workbench.desktop.main.js:651:27626)
    at vscode-file://vscode-app/usr/lib/code/out/vs/workbench/workbench.desktop.main.js:651:28412
    at async Promise.all (index 1)
    at async c (vscode-file://vscode-app/usr/lib/code/out/vs/workbench/workbench.desktop.main.js:651:28124)
    at async Promise.all (index 0)
2023-07-20 19:39:53.344 [error] B.filterText.toLowerCase is not a function: TypeError: B.filterText.toLowerCase is not a function
    at new u (vscode-file://vscode-app/usr/lib/code/out/vs/workbench/workbench.desktop.main.js:651:24941)
    at Q (vscode-file://vscode-app/usr/lib/code/out/vs/workbench/workbench.desktop.main.js:651:27626)
    at vscode-file://vscode-app/usr/lib/code/out/vs/workbench/workbench.desktop.main.js:651:28412
    at async Promise.all (index 1)
    at async c (vscode-file://vscode-app/usr/lib/code/out/vs/workbench/workbench.desktop.main.js:651:28124)
    at async Promise.all (index 0)
2023-07-20 19:56:03.472 [error] Cannot read properties of undefined (reading 'slice'): TypeError: Cannot read properties of undefined (reading 'slice')
	at insertCursor (/home/aiden/.vscode-oss/extensions/james-yu.latex-workshop-9.12.3-universal/out/src/providers/preview/mathpreviewlib/cursorrenderer.js:65:57)
	at async MathPreview.provideHoverOnTex (/home/aiden/.vscode-oss/extensions/james-yu.latex-workshop-9.12.3-universal/out/src/providers/preview/mathpreview.js:48:17)
	at async HoverProvider.provideHover (/home/aiden/.vscode-oss/extensions/james-yu.latex-workshop-9.12.3-universal/out/src/providers/hover.js:43:31)
	at async S.provideHover (/usr/lib/code/out/vs/workbench/api/node/extensionHostProcess.js:101:40721)
2023-07-20 19:56:09.285 [error] B.filterText.toLowerCase is not a function: TypeError: B.filterText.toLowerCase is not a function
    at new u (vscode-file://vscode-app/usr/lib/code/out/vs/workbench/workbench.desktop.main.js:651:24941)
    at Q (vscode-file://vscode-app/usr/lib/code/out/vs/workbench/workbench.desktop.main.js:651:27626)
    at vscode-file://vscode-app/usr/lib/code/out/vs/workbench/workbench.desktop.main.js:651:28412
    at async Promise.all (index 1)
    at async c (vscode-file://vscode-app/usr/lib/code/out/vs/workbench/workbench.desktop.main.js:651:28124)
    at async Promise.all (index 0)
2023-07-20 19:56:37.423 [error] B.filterText.toLowerCase is not a function: TypeError: B.filterText.toLowerCase is not a function
    at new u (vscode-file://vscode-app/usr/lib/code/out/vs/workbench/workbench.desktop.main.js:651:24941)
    at Q (vscode-file://vscode-app/usr/lib/code/out/vs/workbench/workbench.desktop.main.js:651:27626)
    at vscode-file://vscode-app/usr/lib/code/out/vs/workbench/workbench.desktop.main.js:651:28412
    at async Promise.all (index 1)
    at async c (vscode-file://vscode-app/usr/lib/code/out/vs/workbench/workbench.desktop.main.js:651:28124)
    at async Promise.all (index 0)
2023-07-20 19:57:08.468 [error] B.filterText.toLowerCase is not a function: TypeError: B.filterText.toLowerCase is not a function
    at new u (vscode-file://vscode-app/usr/lib/code/out/vs/workbench/workbench.desktop.main.js:651:24941)
    at Q (vscode-file://vscode-app/usr/lib/code/out/vs/workbench/workbench.desktop.main.js:651:27626)
    at vscode-file://vscode-app/usr/lib/code/out/vs/workbench/workbench.desktop.main.js:651:28412
    at async Promise.all (index 1)
    at async c (vscode-file://vscode-app/usr/lib/code/out/vs/workbench/workbench.desktop.main.js:651:28124)
    at async Promise.all (index 0)
2023-07-20 19:57:54.928 [error] B.filterText.toLowerCase is not a function: TypeError: B.filterText.toLowerCase is not a function
    at new u (vscode-file://vscode-app/usr/lib/code/out/vs/workbench/workbench.desktop.main.js:651:24941)
    at Q (vscode-file://vscode-app/usr/lib/code/out/vs/workbench/workbench.desktop.main.js:651:27626)
    at vscode-file://vscode-app/usr/lib/code/out/vs/workbench/workbench.desktop.main.js:651:28412
    at async Promise.all (index 1)
    at async c (vscode-file://vscode-app/usr/lib/code/out/vs/workbench/workbench.desktop.main.js:651:28124)
    at async Promise.all (index 0)
2023-07-20 19:58:29.301 [error] B.filterText.toLowerCase is not a function: TypeError: B.filterText.toLowerCase is not a function
    at new u (vscode-file://vscode-app/usr/lib/code/out/vs/workbench/workbench.desktop.main.js:651:24941)
    at Q (vscode-file://vscode-app/usr/lib/code/out/vs/workbench/workbench.desktop.main.js:651:27626)
    at vscode-file://vscode-app/usr/lib/code/out/vs/workbench/workbench.desktop.main.js:651:28412
    at async Promise.all (index 1)
    at async c (vscode-file://vscode-app/usr/lib/code/out/vs/workbench/workbench.desktop.main.js:651:28124)
    at async Promise.all (index 0)
2023-07-20 19:59:10.905 [error] B.filterText.toLowerCase is not a function: TypeError: B.filterText.toLowerCase is not a function
    at new u (vscode-file://vscode-app/usr/lib/code/out/vs/workbench/workbench.desktop.main.js:651:24941)
    at Q (vscode-file://vscode-app/usr/lib/code/out/vs/workbench/workbench.desktop.main.js:651:27626)
    at vscode-file://vscode-app/usr/lib/code/out/vs/workbench/workbench.desktop.main.js:651:28412
    at async Promise.all (index 1)
    at async c (vscode-file://vscode-app/usr/lib/code/out/vs/workbench/workbench.desktop.main.js:651:28124)
    at async Promise.all (index 0)
2023-07-20 19:59:54.356 [error] B.filterText.toLowerCase is not a function: TypeError: B.filterText.toLowerCase is not a function
    at new u (vscode-file://vscode-app/usr/lib/code/out/vs/workbench/workbench.desktop.main.js:651:24941)
    at Q (vscode-file://vscode-app/usr/lib/code/out/vs/workbench/workbench.desktop.main.js:651:27626)
    at vscode-file://vscode-app/usr/lib/code/out/vs/workbench/workbench.desktop.main.js:651:28412
    at async Promise.all (index 1)
    at async c (vscode-file://vscode-app/usr/lib/code/out/vs/workbench/workbench.desktop.main.js:651:28124)
    at async Promise.all (index 0)
2023-07-20 20:04:46.811 [error] B.filterText.toLowerCase is not a function: TypeError: B.filterText.toLowerCase is not a function
    at new u (vscode-file://vscode-app/usr/lib/code/out/vs/workbench/workbench.desktop.main.js:651:24941)
    at Q (vscode-file://vscode-app/usr/lib/code/out/vs/workbench/workbench.desktop.main.js:651:27626)
    at vscode-file://vscode-app/usr/lib/code/out/vs/workbench/workbench.desktop.main.js:651:28412
    at async Promise.all (index 1)
    at async c (vscode-file://vscode-app/usr/lib/code/out/vs/workbench/workbench.desktop.main.js:651:28124)
    at async Promise.all (index 0)
2023-07-20 20:04:52.110 [error] B.filterText.toLowerCase is not a function: TypeError: B.filterText.toLowerCase is not a function
    at new u (vscode-file://vscode-app/usr/lib/code/out/vs/workbench/workbench.desktop.main.js:651:24941)
    at Q (vscode-file://vscode-app/usr/lib/code/out/vs/workbench/workbench.desktop.main.js:651:27626)
    at vscode-file://vscode-app/usr/lib/code/out/vs/workbench/workbench.desktop.main.js:651:28412
    at async Promise.all (index 1)
    at async c (vscode-file://vscode-app/usr/lib/code/out/vs/workbench/workbench.desktop.main.js:651:28124)
    at async Promise.all (index 0)
2023-07-20 20:11:17.908 [error] B.filterText.toLowerCase is not a function: TypeError: B.filterText.toLowerCase is not a function
    at new u (vscode-file://vscode-app/usr/lib/code/out/vs/workbench/workbench.desktop.main.js:651:24941)
    at Q (vscode-file://vscode-app/usr/lib/code/out/vs/workbench/workbench.desktop.main.js:651:27626)
    at vscode-file://vscode-app/usr/lib/code/out/vs/workbench/workbench.desktop.main.js:651:28412
    at async Promise.all (index 1)
    at async c (vscode-file://vscode-app/usr/lib/code/out/vs/workbench/workbench.desktop.main.js:651:28124)
    at async Promise.all (index 0)
2023-07-20 20:11:38.337 [error] B.filterText.toLowerCase is not a function: TypeError: B.filterText.toLowerCase is not a function
    at new u (vscode-file://vscode-app/usr/lib/code/out/vs/workbench/workbench.desktop.main.js:651:24941)
    at Q (vscode-file://vscode-app/usr/lib/code/out/vs/workbench/workbench.desktop.main.js:651:27626)
    at vscode-file://vscode-app/usr/lib/code/out/vs/workbench/workbench.desktop.main.js:651:28412
    at async Promise.all (index 1)
    at async c (vscode-file://vscode-app/usr/lib/code/out/vs/workbench/workbench.desktop.main.js:651:28124)
    at async Promise.all (index 0)
2023-07-20 20:12:20.006 [error] B.filterText.toLowerCase is not a function: TypeError: B.filterText.toLowerCase is not a function
    at new u (vscode-file://vscode-app/usr/lib/code/out/vs/workbench/workbench.desktop.main.js:651:24941)
    at Q (vscode-file://vscode-app/usr/lib/code/out/vs/workbench/workbench.desktop.main.js:651:27626)
    at vscode-file://vscode-app/usr/lib/code/out/vs/workbench/workbench.desktop.main.js:651:28412
    at async Promise.all (index 1)
    at async c (vscode-file://vscode-app/usr/lib/code/out/vs/workbench/workbench.desktop.main.js:651:28124)
    at async Promise.all (index 0)
2023-07-20 20:13:06.304 [error] B.filterText.toLowerCase is not a function: TypeError: B.filterText.toLowerCase is not a function
    at new u (vscode-file://vscode-app/usr/lib/code/out/vs/workbench/workbench.desktop.main.js:651:24941)
    at Q (vscode-file://vscode-app/usr/lib/code/out/vs/workbench/workbench.desktop.main.js:651:27626)
    at vscode-file://vscode-app/usr/lib/code/out/vs/workbench/workbench.desktop.main.js:651:28412
    at async Promise.all (index 1)
    at async c (vscode-file://vscode-app/usr/lib/code/out/vs/workbench/workbench.desktop.main.js:651:28124)
    at async Promise.all (index 0)
