2023-07-18 18:47:58.967 [info] Extension host with pid 4497 started
2023-07-18 18:47:59.179 [info] ExtensionService#_doActivateExtension vscode.git-base, startup: true, activationEvent: '*', root cause: vscode.git
2023-07-18 18:47:59.292 [info] ExtensionService#_doActivateExtension vscode.git, startup: true, activationEvent: '*'
2023-07-18 18:47:59.534 [info] ExtensionService#_doActivateExtension vscode.github, startup: true, activationEvent: '*'
2023-07-18 18:47:59.855 [info] Eager extensions activated
2023-07-18 18:47:59.977 [info] ExtensionService#_doActivateExtension vscode.debug-auto-launch, startup: false, activationEvent: 'onStartupFinished'
2023-07-18 18:48:00.000 [info] ExtensionService#_doActivateExtension vscode.merge-conflict, startup: false, activationEvent: 'onStartupFinished'
2023-07-18 18:48:10.888 [info] ExtensionService#_doActivateExtension vscode.emmet, startup: false, activationEvent: 'onLanguage'
2023-07-18 18:48:50.736 [info] ExtensionService#_doActivateExtension vscode.json-language-features, startup: false, activationEvent: 'onLanguage:jsonc'
2023-07-18 18:48:50.922 [info] ExtensionService#_doActivateExtension vscode.typescript-language-features, startup: false, activationEvent: 'onLanguage:jsonc'
2023-07-18 19:06:30.544 [info] Extension host terminating: renderer closed the MessagePort
2023-07-18 19:06:30.570 [info] Extension host with pid 4497 exiting with code 0
2023-07-18 19:06:33.526 [info] Extension host with pid 7750 started
2023-07-18 19:06:33.526 [info] Skipping acquiring lock for /home/aiden/.config/Code - OSS/User/workspaceStorage/80aa2cad6adca87669ea83fb45fe56c5.
2023-07-18 19:06:33.784 [info] ExtensionService#_doActivateExtension vscode.git-base, startup: true, activationEvent: '*'
2023-07-18 19:06:33.845 [info] ExtensionService#_doActivateExtension vscode.github, startup: true, activationEvent: '*'
2023-07-18 19:06:33.859 [info] Eager extensions activated
2023-07-18 19:06:33.865 [info] ExtensionService#_doActivateExtension vscode.debug-auto-launch, startup: false, activationEvent: 'onStartupFinished'
2023-07-18 19:06:33.871 [info] ExtensionService#_doActivateExtension vscode.merge-conflict, startup: false, activationEvent: 'onStartupFinished'
2023-07-18 19:06:37.623 [info] ExtensionService#_doActivateExtension vscode.git, startup: false, activationEvent: 'api', root cause: vscode.github
2023-07-18 19:06:41.182 [info] ExtensionService#_doActivateExtension vscode.emmet, startup: false, activationEvent: 'onLanguage'
2023-07-18 22:10:36.169 [info] ExtensionService#_doActivateExtension vscode.json-language-features, startup: false, activationEvent: 'onLanguage:jsonc'
2023-07-18 22:10:36.200 [info] ExtensionService#_doActivateExtension vscode.typescript-language-features, startup: false, activationEvent: 'onLanguage:jsonc'
2023-07-18 22:20:38.627 [info] ExtensionService#_doActivateExtension naumovs.color-highlight, startup: false, activationEvent: '*'
2023-07-18 22:23:00.635 [info] ExtensionService#_doActivateExtension PKief.material-icon-theme, startup: false, activationEvent: 'onStartupFinished'
2023-07-18 22:25:10.375 [info] ExtensionService#_doActivateExtension Gruntfuggly.todo-tree, startup: false, activationEvent: 'onStartupFinished'
2023-07-18 22:25:20.770 [error] TypeError: Class constructors cannot be invoked without 'new'
	at p (/home/aiden/.vscode-oss/extensions/gruntfuggly.todo-tree-0.0.215-universal/dist/extension.js:99:15012)
	at /home/aiden/.vscode-oss/extensions/gruntfuggly.todo-tree-0.0.215-universal/dist/extension.js:99:18316
	at Array.forEach (<anonymous>)
	at Timeout.k [as _onTimeout] (/home/aiden/.vscode-oss/extensions/gruntfuggly.todo-tree-0.0.215-universal/dist/extension.js:99:18289)
	at listOnTimeout (node:internal/timers:561:11)
	at process.processTimers (node:internal/timers:502:7)
2023-07-18 22:25:23.112 [error] TypeError: Class constructors cannot be invoked without 'new'
	at p (/home/aiden/.vscode-oss/extensions/gruntfuggly.todo-tree-0.0.215-universal/dist/extension.js:99:15012)
	at /home/aiden/.vscode-oss/extensions/gruntfuggly.todo-tree-0.0.215-universal/dist/extension.js:99:18316
	at Array.forEach (<anonymous>)
	at Timeout.k [as _onTimeout] (/home/aiden/.vscode-oss/extensions/gruntfuggly.todo-tree-0.0.215-universal/dist/extension.js:99:18289)
	at listOnTimeout (node:internal/timers:561:11)
	at process.processTimers (node:internal/timers:502:7)
2023-07-18 22:25:24.011 [error] TypeError: Class constructors cannot be invoked without 'new'
	at p (/home/aiden/.vscode-oss/extensions/gruntfuggly.todo-tree-0.0.215-universal/dist/extension.js:99:15012)
	at /home/aiden/.vscode-oss/extensions/gruntfuggly.todo-tree-0.0.215-universal/dist/extension.js:99:18316
	at Array.forEach (<anonymous>)
	at Timeout.k [as _onTimeout] (/home/aiden/.vscode-oss/extensions/gruntfuggly.todo-tree-0.0.215-universal/dist/extension.js:99:18289)
	at listOnTimeout (node:internal/timers:561:11)
	at process.processTimers (node:internal/timers:502:7)
2023-07-18 22:25:26.529 [error] TypeError: Class constructors cannot be invoked without 'new'
	at p (/home/aiden/.vscode-oss/extensions/gruntfuggly.todo-tree-0.0.215-universal/dist/extension.js:99:15012)
	at /home/aiden/.vscode-oss/extensions/gruntfuggly.todo-tree-0.0.215-universal/dist/extension.js:99:18316
	at Array.forEach (<anonymous>)
	at Timeout.k [as _onTimeout] (/home/aiden/.vscode-oss/extensions/gruntfuggly.todo-tree-0.0.215-universal/dist/extension.js:99:18289)
	at listOnTimeout (node:internal/timers:561:11)
	at process.processTimers (node:internal/timers:502:7)
2023-07-18 22:25:27.918 [error] TypeError: Class constructors cannot be invoked without 'new'
	at p (/home/aiden/.vscode-oss/extensions/gruntfuggly.todo-tree-0.0.215-universal/dist/extension.js:99:15012)
	at /home/aiden/.vscode-oss/extensions/gruntfuggly.todo-tree-0.0.215-universal/dist/extension.js:99:18316
	at Array.forEach (<anonymous>)
	at Timeout.k [as _onTimeout] (/home/aiden/.vscode-oss/extensions/gruntfuggly.todo-tree-0.0.215-universal/dist/extension.js:99:18289)
	at listOnTimeout (node:internal/timers:561:11)
	at process.processTimers (node:internal/timers:502:7)
2023-07-18 22:25:28.998 [error] TypeError: Class constructors cannot be invoked without 'new'
	at p (/home/aiden/.vscode-oss/extensions/gruntfuggly.todo-tree-0.0.215-universal/dist/extension.js:99:15012)
	at /home/aiden/.vscode-oss/extensions/gruntfuggly.todo-tree-0.0.215-universal/dist/extension.js:99:18316
	at Array.forEach (<anonymous>)
	at Timeout.k [as _onTimeout] (/home/aiden/.vscode-oss/extensions/gruntfuggly.todo-tree-0.0.215-universal/dist/extension.js:99:18289)
	at listOnTimeout (node:internal/timers:561:11)
	at process.processTimers (node:internal/timers:502:7)
2023-07-18 22:25:29.837 [error] TypeError: Class constructors cannot be invoked without 'new'
	at p (/home/aiden/.vscode-oss/extensions/gruntfuggly.todo-tree-0.0.215-universal/dist/extension.js:99:15012)
	at /home/aiden/.vscode-oss/extensions/gruntfuggly.todo-tree-0.0.215-universal/dist/extension.js:99:18316
	at Array.forEach (<anonymous>)
	at Timeout.k [as _onTimeout] (/home/aiden/.vscode-oss/extensions/gruntfuggly.todo-tree-0.0.215-universal/dist/extension.js:99:18289)
	at listOnTimeout (node:internal/timers:561:11)
	at process.processTimers (node:internal/timers:502:7)
2023-07-18 22:25:30.888 [error] TypeError: Class constructors cannot be invoked without 'new'
	at p (/home/aiden/.vscode-oss/extensions/gruntfuggly.todo-tree-0.0.215-universal/dist/extension.js:99:15012)
	at /home/aiden/.vscode-oss/extensions/gruntfuggly.todo-tree-0.0.215-universal/dist/extension.js:99:18316
	at Array.forEach (<anonymous>)
	at Timeout.k [as _onTimeout] (/home/aiden/.vscode-oss/extensions/gruntfuggly.todo-tree-0.0.215-universal/dist/extension.js:99:18289)
	at listOnTimeout (node:internal/timers:561:11)
	at process.processTimers (node:internal/timers:502:7)
2023-07-18 22:25:32.332 [error] TypeError: Class constructors cannot be invoked without 'new'
	at p (/home/aiden/.vscode-oss/extensions/gruntfuggly.todo-tree-0.0.215-universal/dist/extension.js:99:15012)
	at /home/aiden/.vscode-oss/extensions/gruntfuggly.todo-tree-0.0.215-universal/dist/extension.js:99:18316
	at Array.forEach (<anonymous>)
	at Timeout.k [as _onTimeout] (/home/aiden/.vscode-oss/extensions/gruntfuggly.todo-tree-0.0.215-universal/dist/extension.js:99:18289)
	at listOnTimeout (node:internal/timers:561:11)
	at process.processTimers (node:internal/timers:502:7)
2023-07-18 22:25:33.637 [error] TypeError: Class constructors cannot be invoked without 'new'
	at p (/home/aiden/.vscode-oss/extensions/gruntfuggly.todo-tree-0.0.215-universal/dist/extension.js:99:15012)
	at /home/aiden/.vscode-oss/extensions/gruntfuggly.todo-tree-0.0.215-universal/dist/extension.js:99:18316
	at Array.forEach (<anonymous>)
	at Timeout.k [as _onTimeout] (/home/aiden/.vscode-oss/extensions/gruntfuggly.todo-tree-0.0.215-universal/dist/extension.js:99:18289)
	at listOnTimeout (node:internal/timers:561:11)
	at process.processTimers (node:internal/timers:502:7)
2023-07-18 22:25:34.825 [error] TypeError: Class constructors cannot be invoked without 'new'
	at p (/home/aiden/.vscode-oss/extensions/gruntfuggly.todo-tree-0.0.215-universal/dist/extension.js:99:15012)
	at /home/aiden/.vscode-oss/extensions/gruntfuggly.todo-tree-0.0.215-universal/dist/extension.js:99:18316
	at Array.forEach (<anonymous>)
	at Timeout.k [as _onTimeout] (/home/aiden/.vscode-oss/extensions/gruntfuggly.todo-tree-0.0.215-universal/dist/extension.js:99:18289)
	at listOnTimeout (node:internal/timers:561:11)
	at process.processTimers (node:internal/timers:502:7)
2023-07-18 22:25:36.079 [error] TypeError: Class constructors cannot be invoked without 'new'
	at p (/home/aiden/.vscode-oss/extensions/gruntfuggly.todo-tree-0.0.215-universal/dist/extension.js:99:15012)
	at /home/aiden/.vscode-oss/extensions/gruntfuggly.todo-tree-0.0.215-universal/dist/extension.js:99:18316
	at Array.forEach (<anonymous>)
	at Timeout.k [as _onTimeout] (/home/aiden/.vscode-oss/extensions/gruntfuggly.todo-tree-0.0.215-universal/dist/extension.js:99:18289)
	at listOnTimeout (node:internal/timers:561:11)
	at process.processTimers (node:internal/timers:502:7)
2023-07-18 22:25:36.776 [error] TypeError: Class constructors cannot be invoked without 'new'
	at p (/home/aiden/.vscode-oss/extensions/gruntfuggly.todo-tree-0.0.215-universal/dist/extension.js:99:15012)
	at /home/aiden/.vscode-oss/extensions/gruntfuggly.todo-tree-0.0.215-universal/dist/extension.js:99:18316
	at Array.forEach (<anonymous>)
	at Timeout.k [as _onTimeout] (/home/aiden/.vscode-oss/extensions/gruntfuggly.todo-tree-0.0.215-universal/dist/extension.js:99:18289)
	at listOnTimeout (node:internal/timers:561:11)
	at process.processTimers (node:internal/timers:502:7)
2023-07-18 22:25:38.913 [error] TypeError: Class constructors cannot be invoked without 'new'
	at p (/home/aiden/.vscode-oss/extensions/gruntfuggly.todo-tree-0.0.215-universal/dist/extension.js:99:15012)
	at /home/aiden/.vscode-oss/extensions/gruntfuggly.todo-tree-0.0.215-universal/dist/extension.js:99:18316
	at Array.forEach (<anonymous>)
	at Timeout.k [as _onTimeout] (/home/aiden/.vscode-oss/extensions/gruntfuggly.todo-tree-0.0.215-universal/dist/extension.js:99:18289)
	at listOnTimeout (node:internal/timers:561:11)
	at process.processTimers (node:internal/timers:502:7)
2023-07-18 22:25:40.140 [error] TypeError: Class constructors cannot be invoked without 'new'
	at p (/home/aiden/.vscode-oss/extensions/gruntfuggly.todo-tree-0.0.215-universal/dist/extension.js:99:15012)
	at /home/aiden/.vscode-oss/extensions/gruntfuggly.todo-tree-0.0.215-universal/dist/extension.js:99:18316
	at Array.forEach (<anonymous>)
	at Timeout.k [as _onTimeout] (/home/aiden/.vscode-oss/extensions/gruntfuggly.todo-tree-0.0.215-universal/dist/extension.js:99:18289)
	at listOnTimeout (node:internal/timers:561:11)
	at process.processTimers (node:internal/timers:502:7)
2023-07-18 22:25:41.274 [error] TypeError: Class constructors cannot be invoked without 'new'
	at p (/home/aiden/.vscode-oss/extensions/gruntfuggly.todo-tree-0.0.215-universal/dist/extension.js:99:15012)
	at /home/aiden/.vscode-oss/extensions/gruntfuggly.todo-tree-0.0.215-universal/dist/extension.js:99:18316
	at Array.forEach (<anonymous>)
	at Timeout.k [as _onTimeout] (/home/aiden/.vscode-oss/extensions/gruntfuggly.todo-tree-0.0.215-universal/dist/extension.js:99:18289)
	at listOnTimeout (node:internal/timers:561:11)
	at process.processTimers (node:internal/timers:502:7)
2023-07-18 22:25:42.015 [error] TypeError: Class constructors cannot be invoked without 'new'
	at p (/home/aiden/.vscode-oss/extensions/gruntfuggly.todo-tree-0.0.215-universal/dist/extension.js:99:15012)
	at /home/aiden/.vscode-oss/extensions/gruntfuggly.todo-tree-0.0.215-universal/dist/extension.js:99:18316
	at Array.forEach (<anonymous>)
	at Timeout.k [as _onTimeout] (/home/aiden/.vscode-oss/extensions/gruntfuggly.todo-tree-0.0.215-universal/dist/extension.js:99:18289)
	at listOnTimeout (node:internal/timers:561:11)
	at process.processTimers (node:internal/timers:502:7)
2023-07-18 22:25:42.822 [error] TypeError: Class constructors cannot be invoked without 'new'
	at p (/home/aiden/.vscode-oss/extensions/gruntfuggly.todo-tree-0.0.215-universal/dist/extension.js:99:15012)
	at /home/aiden/.vscode-oss/extensions/gruntfuggly.todo-tree-0.0.215-universal/dist/extension.js:99:18316
	at Array.forEach (<anonymous>)
	at Timeout.k [as _onTimeout] (/home/aiden/.vscode-oss/extensions/gruntfuggly.todo-tree-0.0.215-universal/dist/extension.js:99:18289)
	at listOnTimeout (node:internal/timers:561:11)
	at process.processTimers (node:internal/timers:502:7)
2023-07-18 22:25:43.589 [error] TypeError: Class constructors cannot be invoked without 'new'
	at p (/home/aiden/.vscode-oss/extensions/gruntfuggly.todo-tree-0.0.215-universal/dist/extension.js:99:15012)
	at /home/aiden/.vscode-oss/extensions/gruntfuggly.todo-tree-0.0.215-universal/dist/extension.js:99:18316
	at Array.forEach (<anonymous>)
	at Timeout.k [as _onTimeout] (/home/aiden/.vscode-oss/extensions/gruntfuggly.todo-tree-0.0.215-universal/dist/extension.js:99:18289)
	at listOnTimeout (node:internal/timers:561:11)
	at process.processTimers (node:internal/timers:502:7)
2023-07-18 22:25:44.162 [error] TypeError: Class constructors cannot be invoked without 'new'
	at p (/home/aiden/.vscode-oss/extensions/gruntfuggly.todo-tree-0.0.215-universal/dist/extension.js:99:15012)
	at /home/aiden/.vscode-oss/extensions/gruntfuggly.todo-tree-0.0.215-universal/dist/extension.js:99:18316
	at Array.forEach (<anonymous>)
	at Timeout.k [as _onTimeout] (/home/aiden/.vscode-oss/extensions/gruntfuggly.todo-tree-0.0.215-universal/dist/extension.js:99:18289)
	at listOnTimeout (node:internal/timers:561:11)
	at process.processTimers (node:internal/timers:502:7)
2023-07-18 22:25:44.691 [error] TypeError: Class constructors cannot be invoked without 'new'
	at p (/home/aiden/.vscode-oss/extensions/gruntfuggly.todo-tree-0.0.215-universal/dist/extension.js:99:15012)
	at /home/aiden/.vscode-oss/extensions/gruntfuggly.todo-tree-0.0.215-universal/dist/extension.js:99:18316
	at Array.forEach (<anonymous>)
	at Timeout.k [as _onTimeout] (/home/aiden/.vscode-oss/extensions/gruntfuggly.todo-tree-0.0.215-universal/dist/extension.js:99:18289)
	at listOnTimeout (node:internal/timers:561:11)
	at process.processTimers (node:internal/timers:502:7)
2023-07-18 22:25:45.741 [error] TypeError: Class constructors cannot be invoked without 'new'
	at p (/home/aiden/.vscode-oss/extensions/gruntfuggly.todo-tree-0.0.215-universal/dist/extension.js:99:15012)
	at /home/aiden/.vscode-oss/extensions/gruntfuggly.todo-tree-0.0.215-universal/dist/extension.js:99:18316
	at Array.forEach (<anonymous>)
	at Timeout.k [as _onTimeout] (/home/aiden/.vscode-oss/extensions/gruntfuggly.todo-tree-0.0.215-universal/dist/extension.js:99:18289)
	at listOnTimeout (node:internal/timers:561:11)
	at process.processTimers (node:internal/timers:502:7)
2023-07-18 22:25:46.308 [error] TypeError: Class constructors cannot be invoked without 'new'
	at p (/home/aiden/.vscode-oss/extensions/gruntfuggly.todo-tree-0.0.215-universal/dist/extension.js:99:15012)
	at /home/aiden/.vscode-oss/extensions/gruntfuggly.todo-tree-0.0.215-universal/dist/extension.js:99:18316
	at Array.forEach (<anonymous>)
	at Timeout.k [as _onTimeout] (/home/aiden/.vscode-oss/extensions/gruntfuggly.todo-tree-0.0.215-universal/dist/extension.js:99:18289)
	at listOnTimeout (node:internal/timers:561:11)
	at process.processTimers (node:internal/timers:502:7)
2023-07-18 22:25:47.545 [error] TypeError: Class constructors cannot be invoked without 'new'
	at p (/home/aiden/.vscode-oss/extensions/gruntfuggly.todo-tree-0.0.215-universal/dist/extension.js:99:15012)
	at /home/aiden/.vscode-oss/extensions/gruntfuggly.todo-tree-0.0.215-universal/dist/extension.js:99:18316
	at Array.forEach (<anonymous>)
	at Timeout.k [as _onTimeout] (/home/aiden/.vscode-oss/extensions/gruntfuggly.todo-tree-0.0.215-universal/dist/extension.js:99:18289)
	at listOnTimeout (node:internal/timers:561:11)
	at process.processTimers (node:internal/timers:502:7)
2023-07-18 22:25:51.146 [error] TypeError: Class constructors cannot be invoked without 'new'
	at p (/home/aiden/.vscode-oss/extensions/gruntfuggly.todo-tree-0.0.215-universal/dist/extension.js:99:15012)
	at /home/aiden/.vscode-oss/extensions/gruntfuggly.todo-tree-0.0.215-universal/dist/extension.js:99:18316
	at Array.forEach (<anonymous>)
	at Timeout.k [as _onTimeout] (/home/aiden/.vscode-oss/extensions/gruntfuggly.todo-tree-0.0.215-universal/dist/extension.js:99:18289)
	at listOnTimeout (node:internal/timers:561:11)
	at process.processTimers (node:internal/timers:502:7)
2023-07-18 22:25:51.897 [error] TypeError: Class constructors cannot be invoked without 'new'
	at p (/home/aiden/.vscode-oss/extensions/gruntfuggly.todo-tree-0.0.215-universal/dist/extension.js:99:15012)
	at /home/aiden/.vscode-oss/extensions/gruntfuggly.todo-tree-0.0.215-universal/dist/extension.js:99:18316
	at Array.forEach (<anonymous>)
	at Timeout.k [as _onTimeout] (/home/aiden/.vscode-oss/extensions/gruntfuggly.todo-tree-0.0.215-universal/dist/extension.js:99:18289)
	at listOnTimeout (node:internal/timers:561:11)
	at process.processTimers (node:internal/timers:502:7)
2023-07-18 22:25:52.522 [error] TypeError: Class constructors cannot be invoked without 'new'
	at p (/home/aiden/.vscode-oss/extensions/gruntfuggly.todo-tree-0.0.215-universal/dist/extension.js:99:15012)
	at /home/aiden/.vscode-oss/extensions/gruntfuggly.todo-tree-0.0.215-universal/dist/extension.js:99:18316
	at Array.forEach (<anonymous>)
	at Timeout.k [as _onTimeout] (/home/aiden/.vscode-oss/extensions/gruntfuggly.todo-tree-0.0.215-universal/dist/extension.js:99:18289)
	at listOnTimeout (node:internal/timers:561:11)
	at process.processTimers (node:internal/timers:502:7)
2023-07-18 22:25:53.899 [error] TypeError: Class constructors cannot be invoked without 'new'
	at p (/home/aiden/.vscode-oss/extensions/gruntfuggly.todo-tree-0.0.215-universal/dist/extension.js:99:15012)
	at /home/aiden/.vscode-oss/extensions/gruntfuggly.todo-tree-0.0.215-universal/dist/extension.js:99:18316
	at Array.forEach (<anonymous>)
	at Timeout.k [as _onTimeout] (/home/aiden/.vscode-oss/extensions/gruntfuggly.todo-tree-0.0.215-universal/dist/extension.js:99:18289)
	at listOnTimeout (node:internal/timers:561:11)
	at process.processTimers (node:internal/timers:502:7)
2023-07-18 22:25:54.594 [error] TypeError: Class constructors cannot be invoked without 'new'
	at p (/home/aiden/.vscode-oss/extensions/gruntfuggly.todo-tree-0.0.215-universal/dist/extension.js:99:15012)
	at /home/aiden/.vscode-oss/extensions/gruntfuggly.todo-tree-0.0.215-universal/dist/extension.js:99:18316
	at Array.forEach (<anonymous>)
	at Timeout.k [as _onTimeout] (/home/aiden/.vscode-oss/extensions/gruntfuggly.todo-tree-0.0.215-universal/dist/extension.js:99:18289)
	at listOnTimeout (node:internal/timers:561:11)
	at process.processTimers (node:internal/timers:502:7)
2023-07-18 22:25:58.782 [error] TypeError: Class constructors cannot be invoked without 'new'
	at p (/home/aiden/.vscode-oss/extensions/gruntfuggly.todo-tree-0.0.215-universal/dist/extension.js:99:15012)
	at /home/aiden/.vscode-oss/extensions/gruntfuggly.todo-tree-0.0.215-universal/dist/extension.js:99:18316
	at Array.forEach (<anonymous>)
	at Timeout.k [as _onTimeout] (/home/aiden/.vscode-oss/extensions/gruntfuggly.todo-tree-0.0.215-universal/dist/extension.js:99:18289)
	at listOnTimeout (node:internal/timers:561:11)
	at process.processTimers (node:internal/timers:502:7)
2023-07-18 22:26:01.307 [error] TypeError: Class constructors cannot be invoked without 'new'
	at p (/home/aiden/.vscode-oss/extensions/gruntfuggly.todo-tree-0.0.215-universal/dist/extension.js:99:15012)
	at /home/aiden/.vscode-oss/extensions/gruntfuggly.todo-tree-0.0.215-universal/dist/extension.js:99:18316
	at Array.forEach (<anonymous>)
	at Timeout.k [as _onTimeout] (/home/aiden/.vscode-oss/extensions/gruntfuggly.todo-tree-0.0.215-universal/dist/extension.js:99:18289)
	at listOnTimeout (node:internal/timers:561:11)
	at process.processTimers (node:internal/timers:502:7)
2023-07-18 22:26:43.032 [error] TypeError: Class constructors cannot be invoked without 'new'
	at p (/home/aiden/.vscode-oss/extensions/gruntfuggly.todo-tree-0.0.215-universal/dist/extension.js:99:15012)
	at /home/aiden/.vscode-oss/extensions/gruntfuggly.todo-tree-0.0.215-universal/dist/extension.js:99:18316
	at Array.forEach (<anonymous>)
	at Timeout.k [as _onTimeout] (/home/aiden/.vscode-oss/extensions/gruntfuggly.todo-tree-0.0.215-universal/dist/extension.js:99:18289)
	at listOnTimeout (node:internal/timers:561:11)
	at process.processTimers (node:internal/timers:502:7)
2023-07-18 22:26:44.324 [error] TypeError: Class constructors cannot be invoked without 'new'
	at p (/home/aiden/.vscode-oss/extensions/gruntfuggly.todo-tree-0.0.215-universal/dist/extension.js:99:15012)
	at /home/aiden/.vscode-oss/extensions/gruntfuggly.todo-tree-0.0.215-universal/dist/extension.js:99:18316
	at Array.forEach (<anonymous>)
	at Timeout.k [as _onTimeout] (/home/aiden/.vscode-oss/extensions/gruntfuggly.todo-tree-0.0.215-universal/dist/extension.js:99:18289)
	at listOnTimeout (node:internal/timers:561:11)
	at process.processTimers (node:internal/timers:502:7)
2023-07-18 22:26:46.556 [error] TypeError: Class constructors cannot be invoked without 'new'
	at p (/home/aiden/.vscode-oss/extensions/gruntfuggly.todo-tree-0.0.215-universal/dist/extension.js:99:15012)
	at /home/aiden/.vscode-oss/extensions/gruntfuggly.todo-tree-0.0.215-universal/dist/extension.js:99:18316
	at Array.forEach (<anonymous>)
	at Timeout.k [as _onTimeout] (/home/aiden/.vscode-oss/extensions/gruntfuggly.todo-tree-0.0.215-universal/dist/extension.js:99:18289)
	at listOnTimeout (node:internal/timers:561:11)
	at process.processTimers (node:internal/timers:502:7)
2023-07-18 22:26:47.389 [error] TypeError: Class constructors cannot be invoked without 'new'
	at p (/home/aiden/.vscode-oss/extensions/gruntfuggly.todo-tree-0.0.215-universal/dist/extension.js:99:15012)
	at /home/aiden/.vscode-oss/extensions/gruntfuggly.todo-tree-0.0.215-universal/dist/extension.js:99:18316
	at Array.forEach (<anonymous>)
	at Timeout.k [as _onTimeout] (/home/aiden/.vscode-oss/extensions/gruntfuggly.todo-tree-0.0.215-universal/dist/extension.js:99:18289)
	at listOnTimeout (node:internal/timers:561:11)
	at process.processTimers (node:internal/timers:502:7)
2023-07-18 22:26:48.839 [error] TypeError: Class constructors cannot be invoked without 'new'
	at p (/home/aiden/.vscode-oss/extensions/gruntfuggly.todo-tree-0.0.215-universal/dist/extension.js:99:15012)
	at /home/aiden/.vscode-oss/extensions/gruntfuggly.todo-tree-0.0.215-universal/dist/extension.js:99:18316
	at Array.forEach (<anonymous>)
	at Timeout.k [as _onTimeout] (/home/aiden/.vscode-oss/extensions/gruntfuggly.todo-tree-0.0.215-universal/dist/extension.js:99:18289)
	at listOnTimeout (node:internal/timers:561:11)
	at process.processTimers (node:internal/timers:502:7)
2023-07-18 22:26:49.370 [error] TypeError: Class constructors cannot be invoked without 'new'
	at p (/home/aiden/.vscode-oss/extensions/gruntfuggly.todo-tree-0.0.215-universal/dist/extension.js:99:15012)
	at /home/aiden/.vscode-oss/extensions/gruntfuggly.todo-tree-0.0.215-universal/dist/extension.js:99:18316
	at Array.forEach (<anonymous>)
	at Timeout.k [as _onTimeout] (/home/aiden/.vscode-oss/extensions/gruntfuggly.todo-tree-0.0.215-universal/dist/extension.js:99:18289)
	at listOnTimeout (node:internal/timers:561:11)
	at process.processTimers (node:internal/timers:502:7)
2023-07-18 22:26:50.424 [error] TypeError: Class constructors cannot be invoked without 'new'
	at p (/home/aiden/.vscode-oss/extensions/gruntfuggly.todo-tree-0.0.215-universal/dist/extension.js:99:15012)
	at /home/aiden/.vscode-oss/extensions/gruntfuggly.todo-tree-0.0.215-universal/dist/extension.js:99:18316
	at Array.forEach (<anonymous>)
	at Timeout.k [as _onTimeout] (/home/aiden/.vscode-oss/extensions/gruntfuggly.todo-tree-0.0.215-universal/dist/extension.js:99:18289)
	at listOnTimeout (node:internal/timers:561:11)
	at process.processTimers (node:internal/timers:502:7)
2023-07-18 22:26:53.069 [error] TypeError: Class constructors cannot be invoked without 'new'
	at p (/home/aiden/.vscode-oss/extensions/gruntfuggly.todo-tree-0.0.215-universal/dist/extension.js:99:15012)
	at /home/aiden/.vscode-oss/extensions/gruntfuggly.todo-tree-0.0.215-universal/dist/extension.js:99:18316
	at Array.forEach (<anonymous>)
	at Timeout.k [as _onTimeout] (/home/aiden/.vscode-oss/extensions/gruntfuggly.todo-tree-0.0.215-universal/dist/extension.js:99:18289)
	at listOnTimeout (node:internal/timers:561:11)
	at process.processTimers (node:internal/timers:502:7)
2023-07-18 22:26:54.302 [error] TypeError: Class constructors cannot be invoked without 'new'
	at p (/home/aiden/.vscode-oss/extensions/gruntfuggly.todo-tree-0.0.215-universal/dist/extension.js:99:15012)
	at /home/aiden/.vscode-oss/extensions/gruntfuggly.todo-tree-0.0.215-universal/dist/extension.js:99:18316
	at Array.forEach (<anonymous>)
	at Timeout.k [as _onTimeout] (/home/aiden/.vscode-oss/extensions/gruntfuggly.todo-tree-0.0.215-universal/dist/extension.js:99:18289)
	at listOnTimeout (node:internal/timers:561:11)
	at process.processTimers (node:internal/timers:502:7)
2023-07-18 22:26:56.250 [error] TypeError: Class constructors cannot be invoked without 'new'
	at p (/home/aiden/.vscode-oss/extensions/gruntfuggly.todo-tree-0.0.215-universal/dist/extension.js:99:15012)
	at /home/aiden/.vscode-oss/extensions/gruntfuggly.todo-tree-0.0.215-universal/dist/extension.js:99:18316
	at Array.forEach (<anonymous>)
	at Timeout.k [as _onTimeout] (/home/aiden/.vscode-oss/extensions/gruntfuggly.todo-tree-0.0.215-universal/dist/extension.js:99:18289)
	at listOnTimeout (node:internal/timers:561:11)
	at process.processTimers (node:internal/timers:502:7)
2023-07-18 22:26:57.729 [error] TypeError: Class constructors cannot be invoked without 'new'
	at p (/home/aiden/.vscode-oss/extensions/gruntfuggly.todo-tree-0.0.215-universal/dist/extension.js:99:15012)
	at /home/aiden/.vscode-oss/extensions/gruntfuggly.todo-tree-0.0.215-universal/dist/extension.js:99:18316
	at Array.forEach (<anonymous>)
	at Timeout.k [as _onTimeout] (/home/aiden/.vscode-oss/extensions/gruntfuggly.todo-tree-0.0.215-universal/dist/extension.js:99:18289)
	at listOnTimeout (node:internal/timers:561:11)
	at process.processTimers (node:internal/timers:502:7)
2023-07-18 22:26:58.355 [error] TypeError: Class constructors cannot be invoked without 'new'
	at p (/home/aiden/.vscode-oss/extensions/gruntfuggly.todo-tree-0.0.215-universal/dist/extension.js:99:15012)
	at /home/aiden/.vscode-oss/extensions/gruntfuggly.todo-tree-0.0.215-universal/dist/extension.js:99:18316
	at Array.forEach (<anonymous>)
	at Timeout.k [as _onTimeout] (/home/aiden/.vscode-oss/extensions/gruntfuggly.todo-tree-0.0.215-universal/dist/extension.js:99:18289)
	at listOnTimeout (node:internal/timers:561:11)
	at process.processTimers (node:internal/timers:502:7)
2023-07-18 22:26:59.733 [error] TypeError: Class constructors cannot be invoked without 'new'
	at p (/home/aiden/.vscode-oss/extensions/gruntfuggly.todo-tree-0.0.215-universal/dist/extension.js:99:15012)
	at /home/aiden/.vscode-oss/extensions/gruntfuggly.todo-tree-0.0.215-universal/dist/extension.js:99:18316
	at Array.forEach (<anonymous>)
	at Timeout.k [as _onTimeout] (/home/aiden/.vscode-oss/extensions/gruntfuggly.todo-tree-0.0.215-universal/dist/extension.js:99:18289)
	at listOnTimeout (node:internal/timers:561:11)
	at process.processTimers (node:internal/timers:502:7)
2023-07-18 22:27:01.294 [error] TypeError: Class constructors cannot be invoked without 'new'
	at p (/home/aiden/.vscode-oss/extensions/gruntfuggly.todo-tree-0.0.215-universal/dist/extension.js:99:15012)
	at /home/aiden/.vscode-oss/extensions/gruntfuggly.todo-tree-0.0.215-universal/dist/extension.js:99:18316
	at Array.forEach (<anonymous>)
	at Timeout.k [as _onTimeout] (/home/aiden/.vscode-oss/extensions/gruntfuggly.todo-tree-0.0.215-universal/dist/extension.js:99:18289)
	at listOnTimeout (node:internal/timers:561:11)
	at process.processTimers (node:internal/timers:502:7)
2023-07-18 22:27:02.158 [error] TypeError: Class constructors cannot be invoked without 'new'
	at p (/home/aiden/.vscode-oss/extensions/gruntfuggly.todo-tree-0.0.215-universal/dist/extension.js:99:15012)
	at /home/aiden/.vscode-oss/extensions/gruntfuggly.todo-tree-0.0.215-universal/dist/extension.js:99:18316
	at Array.forEach (<anonymous>)
	at Timeout.k [as _onTimeout] (/home/aiden/.vscode-oss/extensions/gruntfuggly.todo-tree-0.0.215-universal/dist/extension.js:99:18289)
	at listOnTimeout (node:internal/timers:561:11)
	at process.processTimers (node:internal/timers:502:7)
2023-07-18 22:27:03.292 [error] TypeError: Class constructors cannot be invoked without 'new'
	at p (/home/aiden/.vscode-oss/extensions/gruntfuggly.todo-tree-0.0.215-universal/dist/extension.js:99:15012)
	at /home/aiden/.vscode-oss/extensions/gruntfuggly.todo-tree-0.0.215-universal/dist/extension.js:99:18316
	at Array.forEach (<anonymous>)
	at Timeout.k [as _onTimeout] (/home/aiden/.vscode-oss/extensions/gruntfuggly.todo-tree-0.0.215-universal/dist/extension.js:99:18289)
	at listOnTimeout (node:internal/timers:561:11)
	at process.processTimers (node:internal/timers:502:7)
2023-07-18 22:27:34.779 [error] TypeError: Class constructors cannot be invoked without 'new'
	at p (/home/aiden/.vscode-oss/extensions/gruntfuggly.todo-tree-0.0.215-universal/dist/extension.js:99:15012)
	at /home/aiden/.vscode-oss/extensions/gruntfuggly.todo-tree-0.0.215-universal/dist/extension.js:99:18316
	at Array.forEach (<anonymous>)
	at Timeout.k [as _onTimeout] (/home/aiden/.vscode-oss/extensions/gruntfuggly.todo-tree-0.0.215-universal/dist/extension.js:99:18289)
	at listOnTimeout (node:internal/timers:561:11)
	at process.processTimers (node:internal/timers:502:7)
2023-07-18 22:27:35.956 [error] TypeError: Class constructors cannot be invoked without 'new'
	at p (/home/aiden/.vscode-oss/extensions/gruntfuggly.todo-tree-0.0.215-universal/dist/extension.js:99:15012)
	at /home/aiden/.vscode-oss/extensions/gruntfuggly.todo-tree-0.0.215-universal/dist/extension.js:99:18316
	at Array.forEach (<anonymous>)
	at Timeout.k [as _onTimeout] (/home/aiden/.vscode-oss/extensions/gruntfuggly.todo-tree-0.0.215-universal/dist/extension.js:99:18289)
	at listOnTimeout (node:internal/timers:561:11)
	at process.processTimers (node:internal/timers:502:7)
2023-07-18 22:27:36.755 [error] TypeError: Class constructors cannot be invoked without 'new'
	at p (/home/aiden/.vscode-oss/extensions/gruntfuggly.todo-tree-0.0.215-universal/dist/extension.js:99:15012)
	at /home/aiden/.vscode-oss/extensions/gruntfuggly.todo-tree-0.0.215-universal/dist/extension.js:99:18316
	at Array.forEach (<anonymous>)
	at Timeout.k [as _onTimeout] (/home/aiden/.vscode-oss/extensions/gruntfuggly.todo-tree-0.0.215-universal/dist/extension.js:99:18289)
	at listOnTimeout (node:internal/timers:561:11)
	at process.processTimers (node:internal/timers:502:7)
2023-07-18 22:27:37.692 [error] TypeError: Class constructors cannot be invoked without 'new'
	at p (/home/aiden/.vscode-oss/extensions/gruntfuggly.todo-tree-0.0.215-universal/dist/extension.js:99:15012)
	at /home/aiden/.vscode-oss/extensions/gruntfuggly.todo-tree-0.0.215-universal/dist/extension.js:99:18316
	at Array.forEach (<anonymous>)
	at Timeout.k [as _onTimeout] (/home/aiden/.vscode-oss/extensions/gruntfuggly.todo-tree-0.0.215-universal/dist/extension.js:99:18289)
	at listOnTimeout (node:internal/timers:561:11)
	at process.processTimers (node:internal/timers:502:7)
2023-07-18 22:27:38.692 [error] TypeError: Class constructors cannot be invoked without 'new'
	at p (/home/aiden/.vscode-oss/extensions/gruntfuggly.todo-tree-0.0.215-universal/dist/extension.js:99:15012)
	at /home/aiden/.vscode-oss/extensions/gruntfuggly.todo-tree-0.0.215-universal/dist/extension.js:99:18316
	at Array.forEach (<anonymous>)
	at Timeout.k [as _onTimeout] (/home/aiden/.vscode-oss/extensions/gruntfuggly.todo-tree-0.0.215-universal/dist/extension.js:99:18289)
	at listOnTimeout (node:internal/timers:561:11)
	at process.processTimers (node:internal/timers:502:7)
2023-07-18 22:27:39.250 [error] TypeError: Class constructors cannot be invoked without 'new'
	at p (/home/aiden/.vscode-oss/extensions/gruntfuggly.todo-tree-0.0.215-universal/dist/extension.js:99:15012)
	at /home/aiden/.vscode-oss/extensions/gruntfuggly.todo-tree-0.0.215-universal/dist/extension.js:99:18316
	at Array.forEach (<anonymous>)
	at Timeout.k [as _onTimeout] (/home/aiden/.vscode-oss/extensions/gruntfuggly.todo-tree-0.0.215-universal/dist/extension.js:99:18289)
	at listOnTimeout (node:internal/timers:561:11)
	at process.processTimers (node:internal/timers:502:7)
2023-07-18 22:27:40.303 [error] TypeError: Class constructors cannot be invoked without 'new'
	at p (/home/aiden/.vscode-oss/extensions/gruntfuggly.todo-tree-0.0.215-universal/dist/extension.js:99:15012)
	at /home/aiden/.vscode-oss/extensions/gruntfuggly.todo-tree-0.0.215-universal/dist/extension.js:99:18316
	at Array.forEach (<anonymous>)
	at Timeout.k [as _onTimeout] (/home/aiden/.vscode-oss/extensions/gruntfuggly.todo-tree-0.0.215-universal/dist/extension.js:99:18289)
	at listOnTimeout (node:internal/timers:561:11)
	at process.processTimers (node:internal/timers:502:7)
2023-07-18 22:27:54.661 [error] TypeError: Class constructors cannot be invoked without 'new'
	at p (/home/aiden/.vscode-oss/extensions/gruntfuggly.todo-tree-0.0.215-universal/dist/extension.js:99:15012)
	at /home/aiden/.vscode-oss/extensions/gruntfuggly.todo-tree-0.0.215-universal/dist/extension.js:99:18316
	at Array.forEach (<anonymous>)
	at Timeout.k [as _onTimeout] (/home/aiden/.vscode-oss/extensions/gruntfuggly.todo-tree-0.0.215-universal/dist/extension.js:99:18289)
	at listOnTimeout (node:internal/timers:561:11)
	at process.processTimers (node:internal/timers:502:7)
2023-07-18 22:27:55.542 [error] TypeError: Class constructors cannot be invoked without 'new'
	at p (/home/aiden/.vscode-oss/extensions/gruntfuggly.todo-tree-0.0.215-universal/dist/extension.js:99:15012)
	at /home/aiden/.vscode-oss/extensions/gruntfuggly.todo-tree-0.0.215-universal/dist/extension.js:99:18316
	at Array.forEach (<anonymous>)
	at Timeout.k [as _onTimeout] (/home/aiden/.vscode-oss/extensions/gruntfuggly.todo-tree-0.0.215-universal/dist/extension.js:99:18289)
	at listOnTimeout (node:internal/timers:561:11)
	at process.processTimers (node:internal/timers:502:7)
2023-07-18 22:27:56.453 [error] TypeError: Class constructors cannot be invoked without 'new'
	at p (/home/aiden/.vscode-oss/extensions/gruntfuggly.todo-tree-0.0.215-universal/dist/extension.js:99:15012)
	at /home/aiden/.vscode-oss/extensions/gruntfuggly.todo-tree-0.0.215-universal/dist/extension.js:99:18316
	at Array.forEach (<anonymous>)
	at Timeout.k [as _onTimeout] (/home/aiden/.vscode-oss/extensions/gruntfuggly.todo-tree-0.0.215-universal/dist/extension.js:99:18289)
	at listOnTimeout (node:internal/timers:561:11)
	at process.processTimers (node:internal/timers:502:7)
2023-07-18 22:27:56.972 [error] TypeError: Class constructors cannot be invoked without 'new'
	at p (/home/aiden/.vscode-oss/extensions/gruntfuggly.todo-tree-0.0.215-universal/dist/extension.js:99:15012)
	at /home/aiden/.vscode-oss/extensions/gruntfuggly.todo-tree-0.0.215-universal/dist/extension.js:99:18316
	at Array.forEach (<anonymous>)
	at Timeout.k [as _onTimeout] (/home/aiden/.vscode-oss/extensions/gruntfuggly.todo-tree-0.0.215-universal/dist/extension.js:99:18289)
	at listOnTimeout (node:internal/timers:561:11)
	at process.processTimers (node:internal/timers:502:7)
2023-07-18 22:27:58.277 [error] TypeError: Class constructors cannot be invoked without 'new'
	at p (/home/aiden/.vscode-oss/extensions/gruntfuggly.todo-tree-0.0.215-universal/dist/extension.js:99:15012)
	at /home/aiden/.vscode-oss/extensions/gruntfuggly.todo-tree-0.0.215-universal/dist/extension.js:99:18316
	at Array.forEach (<anonymous>)
	at Timeout.k [as _onTimeout] (/home/aiden/.vscode-oss/extensions/gruntfuggly.todo-tree-0.0.215-universal/dist/extension.js:99:18289)
	at listOnTimeout (node:internal/timers:561:11)
	at process.processTimers (node:internal/timers:502:7)
2023-07-18 22:28:00.014 [error] TypeError: Class constructors cannot be invoked without 'new'
	at p (/home/aiden/.vscode-oss/extensions/gruntfuggly.todo-tree-0.0.215-universal/dist/extension.js:99:15012)
	at /home/aiden/.vscode-oss/extensions/gruntfuggly.todo-tree-0.0.215-universal/dist/extension.js:99:18316
	at Array.forEach (<anonymous>)
	at Timeout.k [as _onTimeout] (/home/aiden/.vscode-oss/extensions/gruntfuggly.todo-tree-0.0.215-universal/dist/extension.js:99:18289)
	at listOnTimeout (node:internal/timers:561:11)
	at process.processTimers (node:internal/timers:502:7)
2023-07-18 22:28:01.797 [error] TypeError: Class constructors cannot be invoked without 'new'
	at p (/home/aiden/.vscode-oss/extensions/gruntfuggly.todo-tree-0.0.215-universal/dist/extension.js:99:15012)
	at /home/aiden/.vscode-oss/extensions/gruntfuggly.todo-tree-0.0.215-universal/dist/extension.js:99:18316
	at Array.forEach (<anonymous>)
	at Timeout.k [as _onTimeout] (/home/aiden/.vscode-oss/extensions/gruntfuggly.todo-tree-0.0.215-universal/dist/extension.js:99:18289)
	at listOnTimeout (node:internal/timers:561:11)
	at process.processTimers (node:internal/timers:502:7)
2023-07-18 22:28:02.945 [error] TypeError: Class constructors cannot be invoked without 'new'
	at p (/home/aiden/.vscode-oss/extensions/gruntfuggly.todo-tree-0.0.215-universal/dist/extension.js:99:15012)
	at /home/aiden/.vscode-oss/extensions/gruntfuggly.todo-tree-0.0.215-universal/dist/extension.js:99:18316
	at Array.forEach (<anonymous>)
	at Timeout.k [as _onTimeout] (/home/aiden/.vscode-oss/extensions/gruntfuggly.todo-tree-0.0.215-universal/dist/extension.js:99:18289)
	at listOnTimeout (node:internal/timers:561:11)
	at process.processTimers (node:internal/timers:502:7)
2023-07-18 22:28:03.605 [error] TypeError: Class constructors cannot be invoked without 'new'
	at p (/home/aiden/.vscode-oss/extensions/gruntfuggly.todo-tree-0.0.215-universal/dist/extension.js:99:15012)
	at /home/aiden/.vscode-oss/extensions/gruntfuggly.todo-tree-0.0.215-universal/dist/extension.js:99:18316
	at Array.forEach (<anonymous>)
	at Timeout.k [as _onTimeout] (/home/aiden/.vscode-oss/extensions/gruntfuggly.todo-tree-0.0.215-universal/dist/extension.js:99:18289)
	at listOnTimeout (node:internal/timers:561:11)
	at process.processTimers (node:internal/timers:502:7)
2023-07-18 22:28:04.208 [error] TypeError: Class constructors cannot be invoked without 'new'
	at p (/home/aiden/.vscode-oss/extensions/gruntfuggly.todo-tree-0.0.215-universal/dist/extension.js:99:15012)
	at /home/aiden/.vscode-oss/extensions/gruntfuggly.todo-tree-0.0.215-universal/dist/extension.js:99:18316
	at Array.forEach (<anonymous>)
	at Timeout.k [as _onTimeout] (/home/aiden/.vscode-oss/extensions/gruntfuggly.todo-tree-0.0.215-universal/dist/extension.js:99:18289)
	at listOnTimeout (node:internal/timers:561:11)
	at process.processTimers (node:internal/timers:502:7)
2023-07-18 22:28:04.908 [error] TypeError: Class constructors cannot be invoked without 'new'
	at p (/home/aiden/.vscode-oss/extensions/gruntfuggly.todo-tree-0.0.215-universal/dist/extension.js:99:15012)
	at /home/aiden/.vscode-oss/extensions/gruntfuggly.todo-tree-0.0.215-universal/dist/extension.js:99:18316
	at Array.forEach (<anonymous>)
	at Timeout.k [as _onTimeout] (/home/aiden/.vscode-oss/extensions/gruntfuggly.todo-tree-0.0.215-universal/dist/extension.js:99:18289)
	at listOnTimeout (node:internal/timers:561:11)
	at process.processTimers (node:internal/timers:502:7)
2023-07-18 22:28:05.974 [error] TypeError: Class constructors cannot be invoked without 'new'
	at p (/home/aiden/.vscode-oss/extensions/gruntfuggly.todo-tree-0.0.215-universal/dist/extension.js:99:15012)
	at /home/aiden/.vscode-oss/extensions/gruntfuggly.todo-tree-0.0.215-universal/dist/extension.js:99:18316
	at Array.forEach (<anonymous>)
	at Timeout.k [as _onTimeout] (/home/aiden/.vscode-oss/extensions/gruntfuggly.todo-tree-0.0.215-universal/dist/extension.js:99:18289)
	at listOnTimeout (node:internal/timers:561:11)
	at process.processTimers (node:internal/timers:502:7)
2023-07-18 22:28:07.549 [error] TypeError: Class constructors cannot be invoked without 'new'
	at p (/home/aiden/.vscode-oss/extensions/gruntfuggly.todo-tree-0.0.215-universal/dist/extension.js:99:15012)
	at /home/aiden/.vscode-oss/extensions/gruntfuggly.todo-tree-0.0.215-universal/dist/extension.js:99:18316
	at Array.forEach (<anonymous>)
	at Timeout.k [as _onTimeout] (/home/aiden/.vscode-oss/extensions/gruntfuggly.todo-tree-0.0.215-universal/dist/extension.js:99:18289)
	at listOnTimeout (node:internal/timers:561:11)
	at process.processTimers (node:internal/timers:502:7)
2023-07-18 22:28:08.758 [error] TypeError: Class constructors cannot be invoked without 'new'
	at p (/home/aiden/.vscode-oss/extensions/gruntfuggly.todo-tree-0.0.215-universal/dist/extension.js:99:15012)
	at /home/aiden/.vscode-oss/extensions/gruntfuggly.todo-tree-0.0.215-universal/dist/extension.js:99:18316
	at Array.forEach (<anonymous>)
	at Timeout.k [as _onTimeout] (/home/aiden/.vscode-oss/extensions/gruntfuggly.todo-tree-0.0.215-universal/dist/extension.js:99:18289)
	at listOnTimeout (node:internal/timers:561:11)
	at process.processTimers (node:internal/timers:502:7)
2023-07-18 22:28:10.305 [error] TypeError: Class constructors cannot be invoked without 'new'
	at p (/home/aiden/.vscode-oss/extensions/gruntfuggly.todo-tree-0.0.215-universal/dist/extension.js:99:15012)
	at /home/aiden/.vscode-oss/extensions/gruntfuggly.todo-tree-0.0.215-universal/dist/extension.js:99:18316
	at Array.forEach (<anonymous>)
	at Timeout.k [as _onTimeout] (/home/aiden/.vscode-oss/extensions/gruntfuggly.todo-tree-0.0.215-universal/dist/extension.js:99:18289)
	at listOnTimeout (node:internal/timers:561:11)
	at process.processTimers (node:internal/timers:502:7)
2023-07-18 22:28:10.946 [error] TypeError: Class constructors cannot be invoked without 'new'
	at p (/home/aiden/.vscode-oss/extensions/gruntfuggly.todo-tree-0.0.215-universal/dist/extension.js:99:15012)
	at /home/aiden/.vscode-oss/extensions/gruntfuggly.todo-tree-0.0.215-universal/dist/extension.js:99:18316
	at Array.forEach (<anonymous>)
	at Timeout.k [as _onTimeout] (/home/aiden/.vscode-oss/extensions/gruntfuggly.todo-tree-0.0.215-universal/dist/extension.js:99:18289)
	at listOnTimeout (node:internal/timers:561:11)
	at process.processTimers (node:internal/timers:502:7)
2023-07-18 22:28:11.960 [error] TypeError: Class constructors cannot be invoked without 'new'
	at p (/home/aiden/.vscode-oss/extensions/gruntfuggly.todo-tree-0.0.215-universal/dist/extension.js:99:15012)
	at /home/aiden/.vscode-oss/extensions/gruntfuggly.todo-tree-0.0.215-universal/dist/extension.js:99:18316
	at Array.forEach (<anonymous>)
	at Timeout.k [as _onTimeout] (/home/aiden/.vscode-oss/extensions/gruntfuggly.todo-tree-0.0.215-universal/dist/extension.js:99:18289)
	at listOnTimeout (node:internal/timers:561:11)
	at process.processTimers (node:internal/timers:502:7)
2023-07-18 22:28:14.357 [error] TypeError: Class constructors cannot be invoked without 'new'
	at p (/home/aiden/.vscode-oss/extensions/gruntfuggly.todo-tree-0.0.215-universal/dist/extension.js:99:15012)
	at /home/aiden/.vscode-oss/extensions/gruntfuggly.todo-tree-0.0.215-universal/dist/extension.js:99:18316
	at Array.forEach (<anonymous>)
	at Timeout.k [as _onTimeout] (/home/aiden/.vscode-oss/extensions/gruntfuggly.todo-tree-0.0.215-universal/dist/extension.js:99:18289)
	at listOnTimeout (node:internal/timers:561:11)
	at process.processTimers (node:internal/timers:502:7)
2023-07-18 22:28:16.044 [error] TypeError: Class constructors cannot be invoked without 'new'
	at p (/home/aiden/.vscode-oss/extensions/gruntfuggly.todo-tree-0.0.215-universal/dist/extension.js:99:15012)
	at /home/aiden/.vscode-oss/extensions/gruntfuggly.todo-tree-0.0.215-universal/dist/extension.js:99:18316
	at Array.forEach (<anonymous>)
	at Timeout.k [as _onTimeout] (/home/aiden/.vscode-oss/extensions/gruntfuggly.todo-tree-0.0.215-universal/dist/extension.js:99:18289)
	at listOnTimeout (node:internal/timers:561:11)
	at process.processTimers (node:internal/timers:502:7)
2023-07-18 22:28:17.157 [error] TypeError: Class constructors cannot be invoked without 'new'
	at p (/home/aiden/.vscode-oss/extensions/gruntfuggly.todo-tree-0.0.215-universal/dist/extension.js:99:15012)
	at /home/aiden/.vscode-oss/extensions/gruntfuggly.todo-tree-0.0.215-universal/dist/extension.js:99:18316
	at Array.forEach (<anonymous>)
	at Timeout.k [as _onTimeout] (/home/aiden/.vscode-oss/extensions/gruntfuggly.todo-tree-0.0.215-universal/dist/extension.js:99:18289)
	at listOnTimeout (node:internal/timers:561:11)
	at process.processTimers (node:internal/timers:502:7)
2023-07-18 22:28:17.740 [error] TypeError: Class constructors cannot be invoked without 'new'
	at p (/home/aiden/.vscode-oss/extensions/gruntfuggly.todo-tree-0.0.215-universal/dist/extension.js:99:15012)
	at /home/aiden/.vscode-oss/extensions/gruntfuggly.todo-tree-0.0.215-universal/dist/extension.js:99:18316
	at Array.forEach (<anonymous>)
	at Timeout.k [as _onTimeout] (/home/aiden/.vscode-oss/extensions/gruntfuggly.todo-tree-0.0.215-universal/dist/extension.js:99:18289)
	at listOnTimeout (node:internal/timers:561:11)
	at process.processTimers (node:internal/timers:502:7)
2023-07-18 22:28:19.450 [error] TypeError: Class constructors cannot be invoked without 'new'
	at p (/home/aiden/.vscode-oss/extensions/gruntfuggly.todo-tree-0.0.215-universal/dist/extension.js:99:15012)
	at /home/aiden/.vscode-oss/extensions/gruntfuggly.todo-tree-0.0.215-universal/dist/extension.js:99:18316
	at Array.forEach (<anonymous>)
	at Timeout.k [as _onTimeout] (/home/aiden/.vscode-oss/extensions/gruntfuggly.todo-tree-0.0.215-universal/dist/extension.js:99:18289)
	at listOnTimeout (node:internal/timers:561:11)
	at process.processTimers (node:internal/timers:502:7)
2023-07-18 22:28:24.775 [error] TypeError: Class constructors cannot be invoked without 'new'
	at p (/home/aiden/.vscode-oss/extensions/gruntfuggly.todo-tree-0.0.215-universal/dist/extension.js:99:15012)
	at /home/aiden/.vscode-oss/extensions/gruntfuggly.todo-tree-0.0.215-universal/dist/extension.js:99:18316
	at Array.forEach (<anonymous>)
	at Timeout.k [as _onTimeout] (/home/aiden/.vscode-oss/extensions/gruntfuggly.todo-tree-0.0.215-universal/dist/extension.js:99:18289)
	at listOnTimeout (node:internal/timers:561:11)
	at process.processTimers (node:internal/timers:502:7)
2023-07-18 22:28:27.028 [error] TypeError: Class constructors cannot be invoked without 'new'
	at p (/home/aiden/.vscode-oss/extensions/gruntfuggly.todo-tree-0.0.215-universal/dist/extension.js:99:15012)
	at /home/aiden/.vscode-oss/extensions/gruntfuggly.todo-tree-0.0.215-universal/dist/extension.js:99:18316
	at Array.forEach (<anonymous>)
	at Timeout.k [as _onTimeout] (/home/aiden/.vscode-oss/extensions/gruntfuggly.todo-tree-0.0.215-universal/dist/extension.js:99:18289)
	at listOnTimeout (node:internal/timers:561:11)
	at process.processTimers (node:internal/timers:502:7)
2023-07-18 22:29:13.656 [error] TypeError: Class constructors cannot be invoked without 'new'
	at p (/home/aiden/.vscode-oss/extensions/gruntfuggly.todo-tree-0.0.215-universal/dist/extension.js:99:15012)
	at /home/aiden/.vscode-oss/extensions/gruntfuggly.todo-tree-0.0.215-universal/dist/extension.js:99:18316
	at Array.forEach (<anonymous>)
	at Timeout.k [as _onTimeout] (/home/aiden/.vscode-oss/extensions/gruntfuggly.todo-tree-0.0.215-universal/dist/extension.js:99:18289)
	at listOnTimeout (node:internal/timers:561:11)
	at process.processTimers (node:internal/timers:502:7)
2023-07-18 22:29:14.444 [error] TypeError: Class constructors cannot be invoked without 'new'
	at p (/home/aiden/.vscode-oss/extensions/gruntfuggly.todo-tree-0.0.215-universal/dist/extension.js:99:15012)
	at /home/aiden/.vscode-oss/extensions/gruntfuggly.todo-tree-0.0.215-universal/dist/extension.js:99:18316
	at Array.forEach (<anonymous>)
	at Timeout.k [as _onTimeout] (/home/aiden/.vscode-oss/extensions/gruntfuggly.todo-tree-0.0.215-universal/dist/extension.js:99:18289)
	at listOnTimeout (node:internal/timers:561:11)
	at process.processTimers (node:internal/timers:502:7)
2023-07-18 22:29:35.088 [error] TypeError: Class constructors cannot be invoked without 'new'
	at p (/home/aiden/.vscode-oss/extensions/gruntfuggly.todo-tree-0.0.215-universal/dist/extension.js:99:15012)
	at /home/aiden/.vscode-oss/extensions/gruntfuggly.todo-tree-0.0.215-universal/dist/extension.js:99:18316
	at Array.forEach (<anonymous>)
	at Timeout.k [as _onTimeout] (/home/aiden/.vscode-oss/extensions/gruntfuggly.todo-tree-0.0.215-universal/dist/extension.js:99:18289)
	at listOnTimeout (node:internal/timers:561:11)
	at process.processTimers (node:internal/timers:502:7)
2023-07-18 22:29:36.578 [error] TypeError: Class constructors cannot be invoked without 'new'
	at p (/home/aiden/.vscode-oss/extensions/gruntfuggly.todo-tree-0.0.215-universal/dist/extension.js:99:15012)
	at /home/aiden/.vscode-oss/extensions/gruntfuggly.todo-tree-0.0.215-universal/dist/extension.js:99:18316
	at Array.forEach (<anonymous>)
	at Timeout.k [as _onTimeout] (/home/aiden/.vscode-oss/extensions/gruntfuggly.todo-tree-0.0.215-universal/dist/extension.js:99:18289)
	at listOnTimeout (node:internal/timers:561:11)
	at process.processTimers (node:internal/timers:502:7)
2023-07-18 22:36:35.663 [error] TypeError: Class constructors cannot be invoked without 'new'
	at p (/home/aiden/.vscode-oss/extensions/gruntfuggly.todo-tree-0.0.215-universal/dist/extension.js:99:15012)
	at /home/aiden/.vscode-oss/extensions/gruntfuggly.todo-tree-0.0.215-universal/dist/extension.js:99:18316
	at Array.forEach (<anonymous>)
	at Timeout.k [as _onTimeout] (/home/aiden/.vscode-oss/extensions/gruntfuggly.todo-tree-0.0.215-universal/dist/extension.js:99:18289)
	at listOnTimeout (node:internal/timers:561:11)
	at process.processTimers (node:internal/timers:502:7)
2023-07-18 22:36:36.532 [error] TypeError: Class constructors cannot be invoked without 'new'
	at p (/home/aiden/.vscode-oss/extensions/gruntfuggly.todo-tree-0.0.215-universal/dist/extension.js:99:15012)
	at /home/aiden/.vscode-oss/extensions/gruntfuggly.todo-tree-0.0.215-universal/dist/extension.js:99:18316
	at Array.forEach (<anonymous>)
	at Timeout.k [as _onTimeout] (/home/aiden/.vscode-oss/extensions/gruntfuggly.todo-tree-0.0.215-universal/dist/extension.js:99:18289)
	at listOnTimeout (node:internal/timers:561:11)
	at process.processTimers (node:internal/timers:502:7)
2023-07-18 22:38:06.696 [error] TypeError: Class constructors cannot be invoked without 'new'
	at p (/home/aiden/.vscode-oss/extensions/gruntfuggly.todo-tree-0.0.215-universal/dist/extension.js:99:15012)
	at /home/aiden/.vscode-oss/extensions/gruntfuggly.todo-tree-0.0.215-universal/dist/extension.js:99:18316
	at Array.forEach (<anonymous>)
	at Timeout.k [as _onTimeout] (/home/aiden/.vscode-oss/extensions/gruntfuggly.todo-tree-0.0.215-universal/dist/extension.js:99:18289)
	at listOnTimeout (node:internal/timers:561:11)
	at process.processTimers (node:internal/timers:502:7)
2023-07-18 22:38:08.740 [error] TypeError: Class constructors cannot be invoked without 'new'
	at p (/home/aiden/.vscode-oss/extensions/gruntfuggly.todo-tree-0.0.215-universal/dist/extension.js:99:15012)
	at /home/aiden/.vscode-oss/extensions/gruntfuggly.todo-tree-0.0.215-universal/dist/extension.js:99:18316
	at Array.forEach (<anonymous>)
	at Timeout.k [as _onTimeout] (/home/aiden/.vscode-oss/extensions/gruntfuggly.todo-tree-0.0.215-universal/dist/extension.js:99:18289)
	at listOnTimeout (node:internal/timers:561:11)
	at process.processTimers (node:internal/timers:502:7)
2023-07-18 22:38:56.812 [error] TypeError: Class constructors cannot be invoked without 'new'
	at p (/home/aiden/.vscode-oss/extensions/gruntfuggly.todo-tree-0.0.215-universal/dist/extension.js:99:15012)
	at /home/aiden/.vscode-oss/extensions/gruntfuggly.todo-tree-0.0.215-universal/dist/extension.js:99:18316
	at Array.forEach (<anonymous>)
	at Timeout.k [as _onTimeout] (/home/aiden/.vscode-oss/extensions/gruntfuggly.todo-tree-0.0.215-universal/dist/extension.js:99:18289)
	at listOnTimeout (node:internal/timers:561:11)
	at process.processTimers (node:internal/timers:502:7)
2023-07-18 22:38:57.697 [error] TypeError: Class constructors cannot be invoked without 'new'
	at p (/home/aiden/.vscode-oss/extensions/gruntfuggly.todo-tree-0.0.215-universal/dist/extension.js:99:15012)
	at /home/aiden/.vscode-oss/extensions/gruntfuggly.todo-tree-0.0.215-universal/dist/extension.js:99:18316
	at Array.forEach (<anonymous>)
	at Timeout.k [as _onTimeout] (/home/aiden/.vscode-oss/extensions/gruntfuggly.todo-tree-0.0.215-universal/dist/extension.js:99:18289)
	at listOnTimeout (node:internal/timers:561:11)
	at process.processTimers (node:internal/timers:502:7)
2023-07-18 22:39:08.694 [error] TypeError: Class constructors cannot be invoked without 'new'
	at p (/home/aiden/.vscode-oss/extensions/gruntfuggly.todo-tree-0.0.215-universal/dist/extension.js:99:15012)
	at /home/aiden/.vscode-oss/extensions/gruntfuggly.todo-tree-0.0.215-universal/dist/extension.js:99:18316
	at Array.forEach (<anonymous>)
	at Timeout.k [as _onTimeout] (/home/aiden/.vscode-oss/extensions/gruntfuggly.todo-tree-0.0.215-universal/dist/extension.js:99:18289)
	at listOnTimeout (node:internal/timers:561:11)
	at process.processTimers (node:internal/timers:502:7)
2023-07-18 22:40:03.862 [error] TypeError: Class constructors cannot be invoked without 'new'
	at p (/home/aiden/.vscode-oss/extensions/gruntfuggly.todo-tree-0.0.215-universal/dist/extension.js:99:15012)
	at /home/aiden/.vscode-oss/extensions/gruntfuggly.todo-tree-0.0.215-universal/dist/extension.js:99:18316
	at Array.forEach (<anonymous>)
	at Timeout.k [as _onTimeout] (/home/aiden/.vscode-oss/extensions/gruntfuggly.todo-tree-0.0.215-universal/dist/extension.js:99:18289)
	at listOnTimeout (node:internal/timers:561:11)
	at process.processTimers (node:internal/timers:502:7)
2023-07-18 22:40:04.759 [error] TypeError: Class constructors cannot be invoked without 'new'
	at p (/home/aiden/.vscode-oss/extensions/gruntfuggly.todo-tree-0.0.215-universal/dist/extension.js:99:15012)
	at /home/aiden/.vscode-oss/extensions/gruntfuggly.todo-tree-0.0.215-universal/dist/extension.js:99:18316
	at Array.forEach (<anonymous>)
	at Timeout.k [as _onTimeout] (/home/aiden/.vscode-oss/extensions/gruntfuggly.todo-tree-0.0.215-universal/dist/extension.js:99:18289)
	at listOnTimeout (node:internal/timers:561:11)
	at process.processTimers (node:internal/timers:502:7)
2023-07-18 22:40:05.415 [error] TypeError: Class constructors cannot be invoked without 'new'
	at p (/home/aiden/.vscode-oss/extensions/gruntfuggly.todo-tree-0.0.215-universal/dist/extension.js:99:15012)
	at /home/aiden/.vscode-oss/extensions/gruntfuggly.todo-tree-0.0.215-universal/dist/extension.js:99:18316
	at Array.forEach (<anonymous>)
	at Timeout.k [as _onTimeout] (/home/aiden/.vscode-oss/extensions/gruntfuggly.todo-tree-0.0.215-universal/dist/extension.js:99:18289)
	at listOnTimeout (node:internal/timers:561:11)
	at process.processTimers (node:internal/timers:502:7)
2023-07-18 22:40:11.223 [error] TypeError: Class constructors cannot be invoked without 'new'
	at p (/home/aiden/.vscode-oss/extensions/gruntfuggly.todo-tree-0.0.215-universal/dist/extension.js:99:15012)
	at /home/aiden/.vscode-oss/extensions/gruntfuggly.todo-tree-0.0.215-universal/dist/extension.js:99:18316
	at Array.forEach (<anonymous>)
	at Timeout.k [as _onTimeout] (/home/aiden/.vscode-oss/extensions/gruntfuggly.todo-tree-0.0.215-universal/dist/extension.js:99:18289)
	at listOnTimeout (node:internal/timers:561:11)
	at process.processTimers (node:internal/timers:502:7)
2023-07-18 22:40:32.840 [error] TypeError: Class constructors cannot be invoked without 'new'
	at p (/home/aiden/.vscode-oss/extensions/gruntfuggly.todo-tree-0.0.215-universal/dist/extension.js:99:15012)
	at /home/aiden/.vscode-oss/extensions/gruntfuggly.todo-tree-0.0.215-universal/dist/extension.js:99:18316
	at Array.forEach (<anonymous>)
	at Timeout.k [as _onTimeout] (/home/aiden/.vscode-oss/extensions/gruntfuggly.todo-tree-0.0.215-universal/dist/extension.js:99:18289)
	at listOnTimeout (node:internal/timers:561:11)
	at process.processTimers (node:internal/timers:502:7)
2023-07-18 22:40:33.487 [error] TypeError: Class constructors cannot be invoked without 'new'
	at p (/home/aiden/.vscode-oss/extensions/gruntfuggly.todo-tree-0.0.215-universal/dist/extension.js:99:15012)
	at /home/aiden/.vscode-oss/extensions/gruntfuggly.todo-tree-0.0.215-universal/dist/extension.js:99:18316
	at Array.forEach (<anonymous>)
	at Timeout.k [as _onTimeout] (/home/aiden/.vscode-oss/extensions/gruntfuggly.todo-tree-0.0.215-universal/dist/extension.js:99:18289)
	at listOnTimeout (node:internal/timers:561:11)
	at process.processTimers (node:internal/timers:502:7)
2023-07-18 22:40:38.470 [error] TypeError: Class constructors cannot be invoked without 'new'
	at p (/home/aiden/.vscode-oss/extensions/gruntfuggly.todo-tree-0.0.215-universal/dist/extension.js:99:15012)
	at /home/aiden/.vscode-oss/extensions/gruntfuggly.todo-tree-0.0.215-universal/dist/extension.js:99:18316
	at Array.forEach (<anonymous>)
	at Timeout.k [as _onTimeout] (/home/aiden/.vscode-oss/extensions/gruntfuggly.todo-tree-0.0.215-universal/dist/extension.js:99:18289)
	at listOnTimeout (node:internal/timers:561:11)
	at process.processTimers (node:internal/timers:502:7)
2023-07-18 22:41:22.764 [error] TypeError: Class constructors cannot be invoked without 'new'
	at p (/home/aiden/.vscode-oss/extensions/gruntfuggly.todo-tree-0.0.215-universal/dist/extension.js:99:15012)
	at /home/aiden/.vscode-oss/extensions/gruntfuggly.todo-tree-0.0.215-universal/dist/extension.js:99:18316
	at Array.forEach (<anonymous>)
	at Timeout.k [as _onTimeout] (/home/aiden/.vscode-oss/extensions/gruntfuggly.todo-tree-0.0.215-universal/dist/extension.js:99:18289)
	at listOnTimeout (node:internal/timers:561:11)
	at process.processTimers (node:internal/timers:502:7)
2023-07-18 22:41:23.466 [error] TypeError: Class constructors cannot be invoked without 'new'
	at p (/home/aiden/.vscode-oss/extensions/gruntfuggly.todo-tree-0.0.215-universal/dist/extension.js:99:15012)
	at /home/aiden/.vscode-oss/extensions/gruntfuggly.todo-tree-0.0.215-universal/dist/extension.js:99:18316
	at Array.forEach (<anonymous>)
	at Timeout.k [as _onTimeout] (/home/aiden/.vscode-oss/extensions/gruntfuggly.todo-tree-0.0.215-universal/dist/extension.js:99:18289)
	at listOnTimeout (node:internal/timers:561:11)
	at process.processTimers (node:internal/timers:502:7)
2023-07-18 22:41:31.365 [error] TypeError: Class constructors cannot be invoked without 'new'
	at p (/home/aiden/.vscode-oss/extensions/gruntfuggly.todo-tree-0.0.215-universal/dist/extension.js:99:15012)
	at /home/aiden/.vscode-oss/extensions/gruntfuggly.todo-tree-0.0.215-universal/dist/extension.js:99:18316
	at Array.forEach (<anonymous>)
	at Timeout.k [as _onTimeout] (/home/aiden/.vscode-oss/extensions/gruntfuggly.todo-tree-0.0.215-universal/dist/extension.js:99:18289)
	at listOnTimeout (node:internal/timers:561:11)
	at process.processTimers (node:internal/timers:502:7)
2023-07-18 22:41:54.691 [error] TypeError: Class constructors cannot be invoked without 'new'
	at p (/home/aiden/.vscode-oss/extensions/gruntfuggly.todo-tree-0.0.215-universal/dist/extension.js:99:15012)
	at /home/aiden/.vscode-oss/extensions/gruntfuggly.todo-tree-0.0.215-universal/dist/extension.js:99:18316
	at Array.forEach (<anonymous>)
	at Timeout.k [as _onTimeout] (/home/aiden/.vscode-oss/extensions/gruntfuggly.todo-tree-0.0.215-universal/dist/extension.js:99:18289)
	at listOnTimeout (node:internal/timers:561:11)
	at process.processTimers (node:internal/timers:502:7)
2023-07-18 22:41:56.745 [error] TypeError: Class constructors cannot be invoked without 'new'
	at p (/home/aiden/.vscode-oss/extensions/gruntfuggly.todo-tree-0.0.215-universal/dist/extension.js:99:15012)
	at /home/aiden/.vscode-oss/extensions/gruntfuggly.todo-tree-0.0.215-universal/dist/extension.js:99:18316
	at Array.forEach (<anonymous>)
	at Timeout.k [as _onTimeout] (/home/aiden/.vscode-oss/extensions/gruntfuggly.todo-tree-0.0.215-universal/dist/extension.js:99:18289)
	at listOnTimeout (node:internal/timers:561:11)
	at process.processTimers (node:internal/timers:502:7)
2023-07-18 22:42:27.121 [error] TypeError: Class constructors cannot be invoked without 'new'
	at p (/home/aiden/.vscode-oss/extensions/gruntfuggly.todo-tree-0.0.215-universal/dist/extension.js:99:15012)
	at /home/aiden/.vscode-oss/extensions/gruntfuggly.todo-tree-0.0.215-universal/dist/extension.js:99:18316
	at Array.forEach (<anonymous>)
	at Timeout.k [as _onTimeout] (/home/aiden/.vscode-oss/extensions/gruntfuggly.todo-tree-0.0.215-universal/dist/extension.js:99:18289)
	at listOnTimeout (node:internal/timers:561:11)
	at process.processTimers (node:internal/timers:502:7)
2023-07-18 22:42:27.828 [error] TypeError: Class constructors cannot be invoked without 'new'
	at p (/home/aiden/.vscode-oss/extensions/gruntfuggly.todo-tree-0.0.215-universal/dist/extension.js:99:15012)
	at /home/aiden/.vscode-oss/extensions/gruntfuggly.todo-tree-0.0.215-universal/dist/extension.js:99:18316
	at Array.forEach (<anonymous>)
	at Timeout.k [as _onTimeout] (/home/aiden/.vscode-oss/extensions/gruntfuggly.todo-tree-0.0.215-universal/dist/extension.js:99:18289)
	at listOnTimeout (node:internal/timers:561:11)
	at process.processTimers (node:internal/timers:502:7)
2023-07-18 22:44:21.793 [error] TypeError: Class constructors cannot be invoked without 'new'
	at p (/home/aiden/.vscode-oss/extensions/gruntfuggly.todo-tree-0.0.215-universal/dist/extension.js:99:15012)
	at /home/aiden/.vscode-oss/extensions/gruntfuggly.todo-tree-0.0.215-universal/dist/extension.js:99:18316
	at Array.forEach (<anonymous>)
	at Timeout.k [as _onTimeout] (/home/aiden/.vscode-oss/extensions/gruntfuggly.todo-tree-0.0.215-universal/dist/extension.js:99:18289)
	at listOnTimeout (node:internal/timers:561:11)
	at process.processTimers (node:internal/timers:502:7)
2023-07-18 22:44:22.565 [error] TypeError: Class constructors cannot be invoked without 'new'
	at p (/home/aiden/.vscode-oss/extensions/gruntfuggly.todo-tree-0.0.215-universal/dist/extension.js:99:15012)
	at /home/aiden/.vscode-oss/extensions/gruntfuggly.todo-tree-0.0.215-universal/dist/extension.js:99:18316
	at Array.forEach (<anonymous>)
	at Timeout.k [as _onTimeout] (/home/aiden/.vscode-oss/extensions/gruntfuggly.todo-tree-0.0.215-universal/dist/extension.js:99:18289)
	at listOnTimeout (node:internal/timers:561:11)
	at process.processTimers (node:internal/timers:502:7)
2023-07-18 22:44:25.725 [error] TypeError: Class constructors cannot be invoked without 'new'
	at p (/home/aiden/.vscode-oss/extensions/gruntfuggly.todo-tree-0.0.215-universal/dist/extension.js:99:15012)
	at /home/aiden/.vscode-oss/extensions/gruntfuggly.todo-tree-0.0.215-universal/dist/extension.js:99:18316
	at Array.forEach (<anonymous>)
	at Timeout.k [as _onTimeout] (/home/aiden/.vscode-oss/extensions/gruntfuggly.todo-tree-0.0.215-universal/dist/extension.js:99:18289)
	at listOnTimeout (node:internal/timers:561:11)
	at process.processTimers (node:internal/timers:502:7)
2023-07-18 22:44:27.491 [error] TypeError: Class constructors cannot be invoked without 'new'
	at p (/home/aiden/.vscode-oss/extensions/gruntfuggly.todo-tree-0.0.215-universal/dist/extension.js:99:15012)
	at /home/aiden/.vscode-oss/extensions/gruntfuggly.todo-tree-0.0.215-universal/dist/extension.js:99:18316
	at Array.forEach (<anonymous>)
	at Timeout.k [as _onTimeout] (/home/aiden/.vscode-oss/extensions/gruntfuggly.todo-tree-0.0.215-universal/dist/extension.js:99:18289)
	at listOnTimeout (node:internal/timers:561:11)
	at process.processTimers (node:internal/timers:502:7)
2023-07-18 22:45:29.517 [error] TypeError: Class constructors cannot be invoked without 'new'
	at p (/home/aiden/.vscode-oss/extensions/gruntfuggly.todo-tree-0.0.215-universal/dist/extension.js:99:15012)
	at /home/aiden/.vscode-oss/extensions/gruntfuggly.todo-tree-0.0.215-universal/dist/extension.js:99:18316
	at Array.forEach (<anonymous>)
	at Timeout.k [as _onTimeout] (/home/aiden/.vscode-oss/extensions/gruntfuggly.todo-tree-0.0.215-universal/dist/extension.js:99:18289)
	at listOnTimeout (node:internal/timers:561:11)
	at process.processTimers (node:internal/timers:502:7)
2023-07-18 22:45:30.164 [error] TypeError: Class constructors cannot be invoked without 'new'
	at p (/home/aiden/.vscode-oss/extensions/gruntfuggly.todo-tree-0.0.215-universal/dist/extension.js:99:15012)
	at /home/aiden/.vscode-oss/extensions/gruntfuggly.todo-tree-0.0.215-universal/dist/extension.js:99:18316
	at Array.forEach (<anonymous>)
	at Timeout.k [as _onTimeout] (/home/aiden/.vscode-oss/extensions/gruntfuggly.todo-tree-0.0.215-universal/dist/extension.js:99:18289)
	at listOnTimeout (node:internal/timers:561:11)
	at process.processTimers (node:internal/timers:502:7)
2023-07-18 22:45:32.546 [error] TypeError: Class constructors cannot be invoked without 'new'
	at p (/home/aiden/.vscode-oss/extensions/gruntfuggly.todo-tree-0.0.215-universal/dist/extension.js:99:15012)
	at /home/aiden/.vscode-oss/extensions/gruntfuggly.todo-tree-0.0.215-universal/dist/extension.js:99:18316
	at Array.forEach (<anonymous>)
	at Timeout.k [as _onTimeout] (/home/aiden/.vscode-oss/extensions/gruntfuggly.todo-tree-0.0.215-universal/dist/extension.js:99:18289)
	at listOnTimeout (node:internal/timers:561:11)
	at process.processTimers (node:internal/timers:502:7)
2023-07-18 22:45:34.530 [error] TypeError: Class constructors cannot be invoked without 'new'
	at p (/home/aiden/.vscode-oss/extensions/gruntfuggly.todo-tree-0.0.215-universal/dist/extension.js:99:15012)
	at /home/aiden/.vscode-oss/extensions/gruntfuggly.todo-tree-0.0.215-universal/dist/extension.js:99:18316
	at Array.forEach (<anonymous>)
	at Timeout.k [as _onTimeout] (/home/aiden/.vscode-oss/extensions/gruntfuggly.todo-tree-0.0.215-universal/dist/extension.js:99:18289)
	at listOnTimeout (node:internal/timers:561:11)
	at process.processTimers (node:internal/timers:502:7)
2023-07-18 22:46:12.983 [error] TypeError: Class constructors cannot be invoked without 'new'
	at p (/home/aiden/.vscode-oss/extensions/gruntfuggly.todo-tree-0.0.215-universal/dist/extension.js:99:15012)
	at /home/aiden/.vscode-oss/extensions/gruntfuggly.todo-tree-0.0.215-universal/dist/extension.js:99:18316
	at Array.forEach (<anonymous>)
	at Timeout.k [as _onTimeout] (/home/aiden/.vscode-oss/extensions/gruntfuggly.todo-tree-0.0.215-universal/dist/extension.js:99:18289)
	at listOnTimeout (node:internal/timers:561:11)
	at process.processTimers (node:internal/timers:502:7)
2023-07-18 22:46:25.036 [error] TypeError: Class constructors cannot be invoked without 'new'
	at p (/home/aiden/.vscode-oss/extensions/gruntfuggly.todo-tree-0.0.215-universal/dist/extension.js:99:15012)
	at /home/aiden/.vscode-oss/extensions/gruntfuggly.todo-tree-0.0.215-universal/dist/extension.js:99:18316
	at Array.forEach (<anonymous>)
	at Timeout.k [as _onTimeout] (/home/aiden/.vscode-oss/extensions/gruntfuggly.todo-tree-0.0.215-universal/dist/extension.js:99:18289)
	at listOnTimeout (node:internal/timers:561:11)
	at process.processTimers (node:internal/timers:502:7)
2023-07-18 22:46:55.344 [error] TypeError: Class constructors cannot be invoked without 'new'
	at p (/home/aiden/.vscode-oss/extensions/gruntfuggly.todo-tree-0.0.215-universal/dist/extension.js:99:15012)
	at /home/aiden/.vscode-oss/extensions/gruntfuggly.todo-tree-0.0.215-universal/dist/extension.js:99:18316
	at Array.forEach (<anonymous>)
	at Timeout.k [as _onTimeout] (/home/aiden/.vscode-oss/extensions/gruntfuggly.todo-tree-0.0.215-universal/dist/extension.js:99:18289)
	at listOnTimeout (node:internal/timers:561:11)
	at process.processTimers (node:internal/timers:502:7)
2023-07-18 22:47:29.490 [error] TypeError: Class constructors cannot be invoked without 'new'
	at p (/home/aiden/.vscode-oss/extensions/gruntfuggly.todo-tree-0.0.215-universal/dist/extension.js:99:15012)
	at /home/aiden/.vscode-oss/extensions/gruntfuggly.todo-tree-0.0.215-universal/dist/extension.js:99:18316
	at Array.forEach (<anonymous>)
	at Timeout.k [as _onTimeout] (/home/aiden/.vscode-oss/extensions/gruntfuggly.todo-tree-0.0.215-universal/dist/extension.js:99:18289)
	at listOnTimeout (node:internal/timers:561:11)
	at process.processTimers (node:internal/timers:502:7)
2023-07-18 22:47:32.421 [error] TypeError: Class constructors cannot be invoked without 'new'
	at p (/home/aiden/.vscode-oss/extensions/gruntfuggly.todo-tree-0.0.215-universal/dist/extension.js:99:15012)
	at /home/aiden/.vscode-oss/extensions/gruntfuggly.todo-tree-0.0.215-universal/dist/extension.js:99:18316
	at Array.forEach (<anonymous>)
	at Timeout.k [as _onTimeout] (/home/aiden/.vscode-oss/extensions/gruntfuggly.todo-tree-0.0.215-universal/dist/extension.js:99:18289)
	at listOnTimeout (node:internal/timers:561:11)
	at process.processTimers (node:internal/timers:502:7)
2023-07-18 22:47:36.187 [error] TypeError: Class constructors cannot be invoked without 'new'
	at p (/home/aiden/.vscode-oss/extensions/gruntfuggly.todo-tree-0.0.215-universal/dist/extension.js:99:15012)
	at /home/aiden/.vscode-oss/extensions/gruntfuggly.todo-tree-0.0.215-universal/dist/extension.js:99:18316
	at Array.forEach (<anonymous>)
	at Timeout.k [as _onTimeout] (/home/aiden/.vscode-oss/extensions/gruntfuggly.todo-tree-0.0.215-universal/dist/extension.js:99:18289)
	at listOnTimeout (node:internal/timers:561:11)
	at process.processTimers (node:internal/timers:502:7)
2023-07-18 22:47:36.707 [error] TypeError: Class constructors cannot be invoked without 'new'
	at p (/home/aiden/.vscode-oss/extensions/gruntfuggly.todo-tree-0.0.215-universal/dist/extension.js:99:15012)
	at /home/aiden/.vscode-oss/extensions/gruntfuggly.todo-tree-0.0.215-universal/dist/extension.js:99:18316
	at Array.forEach (<anonymous>)
	at Timeout.k [as _onTimeout] (/home/aiden/.vscode-oss/extensions/gruntfuggly.todo-tree-0.0.215-universal/dist/extension.js:99:18289)
	at listOnTimeout (node:internal/timers:561:11)
	at process.processTimers (node:internal/timers:502:7)
2023-07-18 22:48:04.885 [error] TypeError: Class constructors cannot be invoked without 'new'
	at p (/home/aiden/.vscode-oss/extensions/gruntfuggly.todo-tree-0.0.215-universal/dist/extension.js:99:15012)
	at /home/aiden/.vscode-oss/extensions/gruntfuggly.todo-tree-0.0.215-universal/dist/extension.js:99:18316
	at Array.forEach (<anonymous>)
	at Timeout.k [as _onTimeout] (/home/aiden/.vscode-oss/extensions/gruntfuggly.todo-tree-0.0.215-universal/dist/extension.js:99:18289)
	at listOnTimeout (node:internal/timers:561:11)
	at process.processTimers (node:internal/timers:502:7)
2023-07-18 22:48:05.475 [error] TypeError: Class constructors cannot be invoked without 'new'
	at p (/home/aiden/.vscode-oss/extensions/gruntfuggly.todo-tree-0.0.215-universal/dist/extension.js:99:15012)
	at /home/aiden/.vscode-oss/extensions/gruntfuggly.todo-tree-0.0.215-universal/dist/extension.js:99:18316
	at Array.forEach (<anonymous>)
	at Timeout.k [as _onTimeout] (/home/aiden/.vscode-oss/extensions/gruntfuggly.todo-tree-0.0.215-universal/dist/extension.js:99:18289)
	at listOnTimeout (node:internal/timers:561:11)
	at process.processTimers (node:internal/timers:502:7)
2023-07-18 22:48:09.897 [error] TypeError: Class constructors cannot be invoked without 'new'
	at p (/home/aiden/.vscode-oss/extensions/gruntfuggly.todo-tree-0.0.215-universal/dist/extension.js:99:15012)
	at /home/aiden/.vscode-oss/extensions/gruntfuggly.todo-tree-0.0.215-universal/dist/extension.js:99:18316
	at Array.forEach (<anonymous>)
	at Timeout.k [as _onTimeout] (/home/aiden/.vscode-oss/extensions/gruntfuggly.todo-tree-0.0.215-universal/dist/extension.js:99:18289)
	at listOnTimeout (node:internal/timers:561:11)
	at process.processTimers (node:internal/timers:502:7)
2023-07-18 22:48:10.904 [error] TypeError: Class constructors cannot be invoked without 'new'
	at p (/home/aiden/.vscode-oss/extensions/gruntfuggly.todo-tree-0.0.215-universal/dist/extension.js:99:15012)
	at /home/aiden/.vscode-oss/extensions/gruntfuggly.todo-tree-0.0.215-universal/dist/extension.js:99:18316
	at Array.forEach (<anonymous>)
	at Timeout.k [as _onTimeout] (/home/aiden/.vscode-oss/extensions/gruntfuggly.todo-tree-0.0.215-universal/dist/extension.js:99:18289)
	at listOnTimeout (node:internal/timers:561:11)
	at process.processTimers (node:internal/timers:502:7)
2023-07-18 22:48:11.893 [error] TypeError: Class constructors cannot be invoked without 'new'
	at p (/home/aiden/.vscode-oss/extensions/gruntfuggly.todo-tree-0.0.215-universal/dist/extension.js:99:15012)
	at /home/aiden/.vscode-oss/extensions/gruntfuggly.todo-tree-0.0.215-universal/dist/extension.js:99:18316
	at Array.forEach (<anonymous>)
	at Timeout.k [as _onTimeout] (/home/aiden/.vscode-oss/extensions/gruntfuggly.todo-tree-0.0.215-universal/dist/extension.js:99:18289)
	at listOnTimeout (node:internal/timers:561:11)
	at process.processTimers (node:internal/timers:502:7)
2023-07-18 22:48:13.886 [error] TypeError: Class constructors cannot be invoked without 'new'
	at p (/home/aiden/.vscode-oss/extensions/gruntfuggly.todo-tree-0.0.215-universal/dist/extension.js:99:15012)
	at /home/aiden/.vscode-oss/extensions/gruntfuggly.todo-tree-0.0.215-universal/dist/extension.js:99:18316
	at Array.forEach (<anonymous>)
	at Timeout.k [as _onTimeout] (/home/aiden/.vscode-oss/extensions/gruntfuggly.todo-tree-0.0.215-universal/dist/extension.js:99:18289)
	at listOnTimeout (node:internal/timers:561:11)
	at process.processTimers (node:internal/timers:502:7)
2023-07-18 22:48:15.286 [error] TypeError: Class constructors cannot be invoked without 'new'
	at p (/home/aiden/.vscode-oss/extensions/gruntfuggly.todo-tree-0.0.215-universal/dist/extension.js:99:15012)
	at /home/aiden/.vscode-oss/extensions/gruntfuggly.todo-tree-0.0.215-universal/dist/extension.js:99:18316
	at Array.forEach (<anonymous>)
	at Timeout.k [as _onTimeout] (/home/aiden/.vscode-oss/extensions/gruntfuggly.todo-tree-0.0.215-universal/dist/extension.js:99:18289)
	at listOnTimeout (node:internal/timers:561:11)
	at process.processTimers (node:internal/timers:502:7)
2023-07-18 22:48:21.710 [error] TypeError: Class constructors cannot be invoked without 'new'
	at p (/home/aiden/.vscode-oss/extensions/gruntfuggly.todo-tree-0.0.215-universal/dist/extension.js:99:15012)
	at /home/aiden/.vscode-oss/extensions/gruntfuggly.todo-tree-0.0.215-universal/dist/extension.js:99:18316
	at Array.forEach (<anonymous>)
	at Timeout.k [as _onTimeout] (/home/aiden/.vscode-oss/extensions/gruntfuggly.todo-tree-0.0.215-universal/dist/extension.js:99:18289)
	at listOnTimeout (node:internal/timers:561:11)
	at process.processTimers (node:internal/timers:502:7)
2023-07-18 22:48:22.479 [error] TypeError: Class constructors cannot be invoked without 'new'
	at p (/home/aiden/.vscode-oss/extensions/gruntfuggly.todo-tree-0.0.215-universal/dist/extension.js:99:15012)
	at /home/aiden/.vscode-oss/extensions/gruntfuggly.todo-tree-0.0.215-universal/dist/extension.js:99:18316
	at Array.forEach (<anonymous>)
	at Timeout.k [as _onTimeout] (/home/aiden/.vscode-oss/extensions/gruntfuggly.todo-tree-0.0.215-universal/dist/extension.js:99:18289)
	at listOnTimeout (node:internal/timers:561:11)
	at process.processTimers (node:internal/timers:502:7)
2023-07-18 22:48:30.321 [error] TypeError: Class constructors cannot be invoked without 'new'
	at p (/home/aiden/.vscode-oss/extensions/gruntfuggly.todo-tree-0.0.215-universal/dist/extension.js:99:15012)
	at /home/aiden/.vscode-oss/extensions/gruntfuggly.todo-tree-0.0.215-universal/dist/extension.js:99:18316
	at Array.forEach (<anonymous>)
	at Timeout.k [as _onTimeout] (/home/aiden/.vscode-oss/extensions/gruntfuggly.todo-tree-0.0.215-universal/dist/extension.js:99:18289)
	at listOnTimeout (node:internal/timers:561:11)
	at process.processTimers (node:internal/timers:502:7)
2023-07-18 22:55:00.388 [error] TypeError: Class constructors cannot be invoked without 'new'
	at p (/home/aiden/.vscode-oss/extensions/gruntfuggly.todo-tree-0.0.215-universal/dist/extension.js:99:15012)
	at /home/aiden/.vscode-oss/extensions/gruntfuggly.todo-tree-0.0.215-universal/dist/extension.js:99:18316
	at Array.forEach (<anonymous>)
	at Timeout.k [as _onTimeout] (/home/aiden/.vscode-oss/extensions/gruntfuggly.todo-tree-0.0.215-universal/dist/extension.js:99:18289)
	at listOnTimeout (node:internal/timers:561:11)
	at process.processTimers (node:internal/timers:502:7)
2023-07-18 22:55:01.585 [error] TypeError: Class constructors cannot be invoked without 'new'
	at p (/home/aiden/.vscode-oss/extensions/gruntfuggly.todo-tree-0.0.215-universal/dist/extension.js:99:15012)
	at /home/aiden/.vscode-oss/extensions/gruntfuggly.todo-tree-0.0.215-universal/dist/extension.js:99:18316
	at Array.forEach (<anonymous>)
	at Timeout.k [as _onTimeout] (/home/aiden/.vscode-oss/extensions/gruntfuggly.todo-tree-0.0.215-universal/dist/extension.js:99:18289)
	at listOnTimeout (node:internal/timers:561:11)
	at process.processTimers (node:internal/timers:502:7)
2023-07-18 22:55:10.709 [error] TypeError: Class constructors cannot be invoked without 'new'
	at p (/home/aiden/.vscode-oss/extensions/gruntfuggly.todo-tree-0.0.215-universal/dist/extension.js:99:15012)
	at /home/aiden/.vscode-oss/extensions/gruntfuggly.todo-tree-0.0.215-universal/dist/extension.js:99:18316
	at Array.forEach (<anonymous>)
	at Timeout.k [as _onTimeout] (/home/aiden/.vscode-oss/extensions/gruntfuggly.todo-tree-0.0.215-universal/dist/extension.js:99:18289)
	at listOnTimeout (node:internal/timers:561:11)
	at process.processTimers (node:internal/timers:502:7)
2023-07-18 22:55:12.622 [error] TypeError: Class constructors cannot be invoked without 'new'
	at p (/home/aiden/.vscode-oss/extensions/gruntfuggly.todo-tree-0.0.215-universal/dist/extension.js:99:15012)
	at /home/aiden/.vscode-oss/extensions/gruntfuggly.todo-tree-0.0.215-universal/dist/extension.js:99:18316
	at Array.forEach (<anonymous>)
	at Timeout.k [as _onTimeout] (/home/aiden/.vscode-oss/extensions/gruntfuggly.todo-tree-0.0.215-universal/dist/extension.js:99:18289)
	at listOnTimeout (node:internal/timers:561:11)
	at process.processTimers (node:internal/timers:502:7)
2023-07-18 22:57:27.383 [error] TypeError: Class constructors cannot be invoked without 'new'
	at p (/home/aiden/.vscode-oss/extensions/gruntfuggly.todo-tree-0.0.215-universal/dist/extension.js:99:15012)
	at /home/aiden/.vscode-oss/extensions/gruntfuggly.todo-tree-0.0.215-universal/dist/extension.js:99:18316
	at Array.forEach (<anonymous>)
	at Timeout.k [as _onTimeout] (/home/aiden/.vscode-oss/extensions/gruntfuggly.todo-tree-0.0.215-universal/dist/extension.js:99:18289)
	at listOnTimeout (node:internal/timers:561:11)
	at process.processTimers (node:internal/timers:502:7)
2023-07-18 22:57:28.954 [error] TypeError: Class constructors cannot be invoked without 'new'
	at p (/home/aiden/.vscode-oss/extensions/gruntfuggly.todo-tree-0.0.215-universal/dist/extension.js:99:15012)
	at /home/aiden/.vscode-oss/extensions/gruntfuggly.todo-tree-0.0.215-universal/dist/extension.js:99:18316
	at Array.forEach (<anonymous>)
	at Timeout.k [as _onTimeout] (/home/aiden/.vscode-oss/extensions/gruntfuggly.todo-tree-0.0.215-universal/dist/extension.js:99:18289)
	at listOnTimeout (node:internal/timers:561:11)
	at process.processTimers (node:internal/timers:502:7)
2023-07-18 22:57:30.002 [error] TypeError: Class constructors cannot be invoked without 'new'
	at p (/home/aiden/.vscode-oss/extensions/gruntfuggly.todo-tree-0.0.215-universal/dist/extension.js:99:15012)
	at /home/aiden/.vscode-oss/extensions/gruntfuggly.todo-tree-0.0.215-universal/dist/extension.js:99:18316
	at Array.forEach (<anonymous>)
	at Timeout.k [as _onTimeout] (/home/aiden/.vscode-oss/extensions/gruntfuggly.todo-tree-0.0.215-universal/dist/extension.js:99:18289)
	at listOnTimeout (node:internal/timers:561:11)
	at process.processTimers (node:internal/timers:502:7)
2023-07-18 22:57:32.449 [error] TypeError: Class constructors cannot be invoked without 'new'
	at p (/home/aiden/.vscode-oss/extensions/gruntfuggly.todo-tree-0.0.215-universal/dist/extension.js:99:15012)
	at /home/aiden/.vscode-oss/extensions/gruntfuggly.todo-tree-0.0.215-universal/dist/extension.js:99:18316
	at Array.forEach (<anonymous>)
	at Timeout.k [as _onTimeout] (/home/aiden/.vscode-oss/extensions/gruntfuggly.todo-tree-0.0.215-universal/dist/extension.js:99:18289)
	at listOnTimeout (node:internal/timers:561:11)
	at process.processTimers (node:internal/timers:502:7)
2023-07-18 22:57:41.492 [error] TypeError: Class constructors cannot be invoked without 'new'
	at p (/home/aiden/.vscode-oss/extensions/gruntfuggly.todo-tree-0.0.215-universal/dist/extension.js:99:15012)
	at /home/aiden/.vscode-oss/extensions/gruntfuggly.todo-tree-0.0.215-universal/dist/extension.js:99:18316
	at Array.forEach (<anonymous>)
	at Timeout.k [as _onTimeout] (/home/aiden/.vscode-oss/extensions/gruntfuggly.todo-tree-0.0.215-universal/dist/extension.js:99:18289)
	at listOnTimeout (node:internal/timers:561:11)
	at process.processTimers (node:internal/timers:502:7)
2023-07-18 22:57:43.512 [error] TypeError: Class constructors cannot be invoked without 'new'
	at p (/home/aiden/.vscode-oss/extensions/gruntfuggly.todo-tree-0.0.215-universal/dist/extension.js:99:15012)
	at /home/aiden/.vscode-oss/extensions/gruntfuggly.todo-tree-0.0.215-universal/dist/extension.js:99:18316
	at Array.forEach (<anonymous>)
	at Timeout.k [as _onTimeout] (/home/aiden/.vscode-oss/extensions/gruntfuggly.todo-tree-0.0.215-universal/dist/extension.js:99:18289)
	at listOnTimeout (node:internal/timers:561:11)
	at process.processTimers (node:internal/timers:502:7)
2023-07-18 22:58:01.697 [error] TypeError: Class constructors cannot be invoked without 'new'
	at p (/home/aiden/.vscode-oss/extensions/gruntfuggly.todo-tree-0.0.215-universal/dist/extension.js:99:15012)
	at /home/aiden/.vscode-oss/extensions/gruntfuggly.todo-tree-0.0.215-universal/dist/extension.js:99:18316
	at Array.forEach (<anonymous>)
	at Timeout.k [as _onTimeout] (/home/aiden/.vscode-oss/extensions/gruntfuggly.todo-tree-0.0.215-universal/dist/extension.js:99:18289)
	at listOnTimeout (node:internal/timers:561:11)
	at process.processTimers (node:internal/timers:502:7)
2023-07-18 23:00:58.696 [error] TypeError: Class constructors cannot be invoked without 'new'
	at p (/home/aiden/.vscode-oss/extensions/gruntfuggly.todo-tree-0.0.215-universal/dist/extension.js:99:15012)
	at /home/aiden/.vscode-oss/extensions/gruntfuggly.todo-tree-0.0.215-universal/dist/extension.js:99:18316
	at Array.forEach (<anonymous>)
	at Timeout.k [as _onTimeout] (/home/aiden/.vscode-oss/extensions/gruntfuggly.todo-tree-0.0.215-universal/dist/extension.js:99:18289)
	at listOnTimeout (node:internal/timers:561:11)
	at process.processTimers (node:internal/timers:502:7)
2023-07-18 23:01:00.030 [error] TypeError: Class constructors cannot be invoked without 'new'
	at p (/home/aiden/.vscode-oss/extensions/gruntfuggly.todo-tree-0.0.215-universal/dist/extension.js:99:15012)
	at /home/aiden/.vscode-oss/extensions/gruntfuggly.todo-tree-0.0.215-universal/dist/extension.js:99:18316
	at Array.forEach (<anonymous>)
	at Timeout.k [as _onTimeout] (/home/aiden/.vscode-oss/extensions/gruntfuggly.todo-tree-0.0.215-universal/dist/extension.js:99:18289)
	at listOnTimeout (node:internal/timers:561:11)
	at process.processTimers (node:internal/timers:502:7)
2023-07-18 23:02:07.510 [info] ExtensionService#_doActivateExtension vscode.npm, startup: false, activationEvent: 'onTerminalQuickFixRequest:ms-vscode.npm-command'
2023-07-18 23:07:13.342 [info] ExtensionService#_doActivateExtension vscode.github-authentication, startup: false, activationEvent: 'onAuthenticationRequest:github'
2023-07-18 23:07:58.080 [info] Extension host terminating: renderer closed the MessagePort
2023-07-18 23:07:58.100 [error] An error occurred when deactivating the subscriptions for extension 'Gruntfuggly.todo-tree':
2023-07-18 23:07:58.101 [error] AggregateError: Encountered errors while disposing of store
	at I (/usr/lib/code/out/vs/workbench/api/node/extensionHostProcess.js:10:12159)
	at n.Z (/usr/lib/code/out/vs/workbench/api/node/extensionHostProcess.js:113:11285)
	at /usr/lib/code/out/vs/workbench/api/node/extensionHostProcess.js:113:9187
	at Array.map (<anonymous>)
	at n.S (/usr/lib/code/out/vs/workbench/api/node/extensionHostProcess.js:113:9175)
	at n.terminate (/usr/lib/code/out/vs/workbench/api/node/extensionHostProcess.js:113:9445)
	at h.terminate (/usr/lib/code/out/vs/workbench/api/node/extensionHostProcess.js:117:1544)
	at p (/usr/lib/code/out/vs/workbench/api/node/extensionHostProcess.js:127:34497)
	at MessagePortMain.<anonymous> (/usr/lib/code/out/vs/workbench/api/node/extensionHostProcess.js:127:30636)
	at MessagePortMain.emit (node:events:513:28)
	at MessagePortMain._internalPort.emit (node:electron/js2c/utility_init:2:367)
2023-07-18 23:07:58.110 [error] Canceled: Canceled
	at new l (/usr/lib/code/out/vs/workbench/api/node/extensionHostProcess.js:99:105905)
	at s.O (/usr/lib/code/out/vs/workbench/api/node/extensionHostProcess.js:111:11754)
	at $.<computed>.j.charCodeAt.$.<computed> (/usr/lib/code/out/vs/workbench/api/node/extensionHostProcess.js:111:9029)
	at e.ExtHostCommands.g (/usr/lib/code/out/vs/workbench/api/node/extensionHostProcess.js:99:130078)
	at e.ExtHostCommands.executeCommand (/usr/lib/code/out/vs/workbench/api/node/extensionHostProcess.js:99:129454)
	at k.registerCommand.description (/usr/lib/code/out/vs/workbench/api/node/extensionHostProcess.js:99:128747)
	at e.ExtHostCommands.h (/usr/lib/code/out/vs/workbench/api/node/extensionHostProcess.js:99:130664)
	at e.ExtHostCommands.g (/usr/lib/code/out/vs/workbench/api/node/extensionHostProcess.js:99:129554)
	at e.ExtHostCommands.executeCommand (/usr/lib/code/out/vs/workbench/api/node/extensionHostProcess.js:99:129454)
	at Object.executeCommand (/usr/lib/code/out/vs/workbench/api/node/extensionHostProcess.js:117:24230)
	at D (/usr/lib/code/extensions/git/dist/main.js:2:1261288)
	at b.invoke (/usr/lib/code/out/vs/workbench/api/node/extensionHostProcess.js:63:145)
	at d.deliver (/usr/lib/code/out/vs/workbench/api/node/extensionHostProcess.js:63:2121)
	at n.fire (/usr/lib/code/out/vs/workbench/api/node/extensionHostProcess.js:63:1729)
	at Object.m [as dispose] (/usr/lib/code/extensions/git/dist/main.js:2:1276121)
	at /usr/lib/code/extensions/git/dist/main.js:2:1280622
	at Array.forEach (<anonymous>)
	at g.dispose (/usr/lib/code/extensions/git/dist/main.js:2:1280608)
	at r.<anonymous> (/usr/lib/code/out/vs/workbench/api/node/extensionHostProcess.js:97:12552)
	at r.dispose (/usr/lib/code/out/vs/workbench/api/node/extensionHostProcess.js:97:12687)
	at r.<anonymous> (/usr/lib/code/extensions/git/dist/main.js:2:1263418)
	at r.dispose (/usr/lib/code/out/vs/workbench/api/node/extensionHostProcess.js:97:12687)
	at I (/usr/lib/code/out/vs/workbench/api/node/extensionHostProcess.js:10:12083)
	at n.Z (/usr/lib/code/out/vs/workbench/api/node/extensionHostProcess.js:113:11285)
	at /usr/lib/code/out/vs/workbench/api/node/extensionHostProcess.js:113:9187
	at Array.map (<anonymous>)
	at n.S (/usr/lib/code/out/vs/workbench/api/node/extensionHostProcess.js:113:9175)
	at n.terminate (/usr/lib/code/out/vs/workbench/api/node/extensionHostProcess.js:113:9445)
	at h.terminate (/usr/lib/code/out/vs/workbench/api/node/extensionHostProcess.js:117:1544)
	at p (/usr/lib/code/out/vs/workbench/api/node/extensionHostProcess.js:127:34497)
	at MessagePortMain.<anonymous> (/usr/lib/code/out/vs/workbench/api/node/extensionHostProcess.js:127:30636)
	at MessagePortMain.emit (node:events:513:28)
	at MessagePortMain._internalPort.emit (node:electron/js2c/utility_init:2:367) setContext undefined
2023-07-18 23:07:58.110 [error] Canceled: Canceled
	at new l (/usr/lib/code/out/vs/workbench/api/node/extensionHostProcess.js:99:105905)
	at s.O (/usr/lib/code/out/vs/workbench/api/node/extensionHostProcess.js:111:11754)
	at $.<computed>.j.charCodeAt.$.<computed> (/usr/lib/code/out/vs/workbench/api/node/extensionHostProcess.js:111:9029)
	at e.ExtHostCommands.g (/usr/lib/code/out/vs/workbench/api/node/extensionHostProcess.js:99:130078)
	at e.ExtHostCommands.executeCommand (/usr/lib/code/out/vs/workbench/api/node/extensionHostProcess.js:99:129454)
	at k.registerCommand.description (/usr/lib/code/out/vs/workbench/api/node/extensionHostProcess.js:99:128747)
	at e.ExtHostCommands.h (/usr/lib/code/out/vs/workbench/api/node/extensionHostProcess.js:99:130664)
	at e.ExtHostCommands.g (/usr/lib/code/out/vs/workbench/api/node/extensionHostProcess.js:99:129554)
	at e.ExtHostCommands.executeCommand (/usr/lib/code/out/vs/workbench/api/node/extensionHostProcess.js:99:129454)
	at Object.executeCommand (/usr/lib/code/out/vs/workbench/api/node/extensionHostProcess.js:117:24230)
	at set b [as b] (/usr/lib/code/extensions/github/dist/extension.js:2:152873)
	at /usr/lib/code/extensions/github/dist/extension.js:2:153583
	at /usr/lib/code/extensions/git/dist/main.js:2:1348881
	at b.invoke (/usr/lib/code/out/vs/workbench/api/node/extensionHostProcess.js:63:145)
	at d.deliver (/usr/lib/code/out/vs/workbench/api/node/extensionHostProcess.js:63:2121)
	at n.fire (/usr/lib/code/out/vs/workbench/api/node/extensionHostProcess.js:63:1729)
	at Object.m [as dispose] (/usr/lib/code/extensions/git/dist/main.js:2:1276121)
	at /usr/lib/code/extensions/git/dist/main.js:2:1280622
	at Array.forEach (<anonymous>)
	at g.dispose (/usr/lib/code/extensions/git/dist/main.js:2:1280608)
	at r.<anonymous> (/usr/lib/code/out/vs/workbench/api/node/extensionHostProcess.js:97:12552)
	at r.dispose (/usr/lib/code/out/vs/workbench/api/node/extensionHostProcess.js:97:12687)
	at r.<anonymous> (/usr/lib/code/extensions/git/dist/main.js:2:1263418)
	at r.dispose (/usr/lib/code/out/vs/workbench/api/node/extensionHostProcess.js:97:12687)
	at I (/usr/lib/code/out/vs/workbench/api/node/extensionHostProcess.js:10:12083)
	at n.Z (/usr/lib/code/out/vs/workbench/api/node/extensionHostProcess.js:113:11285)
	at /usr/lib/code/out/vs/workbench/api/node/extensionHostProcess.js:113:9187
	at Array.map (<anonymous>)
	at n.S (/usr/lib/code/out/vs/workbench/api/node/extensionHostProcess.js:113:9175)
	at n.terminate (/usr/lib/code/out/vs/workbench/api/node/extensionHostProcess.js:113:9445)
	at h.terminate (/usr/lib/code/out/vs/workbench/api/node/extensionHostProcess.js:117:1544)
	at p (/usr/lib/code/out/vs/workbench/api/node/extensionHostProcess.js:127:34497)
	at MessagePortMain.<anonymous> (/usr/lib/code/out/vs/workbench/api/node/extensionHostProcess.js:127:30636)
	at MessagePortMain.emit (node:events:513:28)
	at MessagePortMain._internalPort.emit (node:electron/js2c/utility_init:2:367) setContext undefined
2023-07-18 23:07:58.112 [info] Extension host with pid 7750 exiting with code 0
