ReadyRc files read:
  NONE
Latexmk: This is Latexmk, John Collins, 7 Jan. 2023. Version 4.79.
Latexmk: applying rule 'pdflatex'...
Rule 'pdflatex':  Reasons for rerun
Changed files or newly in use/created:
  /home/aiden/Repos/timetable-project/doc.tex
  /var/lib/texmf/web2c/pdftex/pdflatex.fmt
  doc.tex
Category 'changed_user':
  /home/aiden/Repos/timetable-project/doc.tex
  /var/lib/texmf/web2c/pdftex/pdflatex.fmt
  doc.tex

------------
Run number 1 of rule 'pdflatex'
------------
------------
Running 'pdflatex  -synctex=1 -interaction=nonstopmode -file-line-error -recorder  "/home/aiden/Repos/timetable-project/doc.tex"'
------------
This is pdfTeX, Version 3.141592653-2.6-1.40.25 (TeX Live 2023/Arch Linux) (preloaded format=pdflatex)
 restricted \write18 enabled.
entering extended mode
(/home/aiden/Repos/timetable-project/doc.tex
LaTeX2e <2022-11-01> patch level 1
L3 programming layer <2023-02-22> (/usr/share/texmf-dist/tex/latex/base/report.cls
Document Class: report 2022/07/02 v1.4n Standard LaTeX document class
(/usr/share/texmf-dist/tex/latex/base/size12.clo)) (/usr/share/texmf-dist/tex/latex/graphics/graphicx.sty (/usr/share/texmf-dist/tex/latex/graphics/keyval.sty) (/usr/share/texmf-dist/tex/latex/graphics/graphics.sty (/usr/share/texmf-dist/tex/latex/graphics/trig.sty) (/usr/share/texmf-dist/tex/latex/graphics-cfg/graphics.cfg) (/usr/share/texmf-dist/tex/latex/graphics-def/dvips.def))) (/usr/share/texmf-dist/tex/latex/listings/listings.sty (/usr/share/texmf-dist/tex/latex/listings/lstmisc.sty) (/usr/share/texmf-dist/tex/latex/listings/listings.cfg)) (/usr/share/texmf-dist/tex/latex/graphics/color.sty (/usr/share/texmf-dist/tex/latex/graphics-cfg/color.cfg) (/usr/share/texmf-dist/tex/latex/graphics-def/pdftex.def) (/usr/share/texmf-dist/tex/latex/graphics/mathcolor.ltx)) (/usr/share/texmf-dist/tex/latex/url/url.sty) (/usr/share/texmf-dist/tex/latex/fancybox/fancybox.sty
Style option: `fancybox' v1.4 <2010/05/15> (tvz)
) (/usr/share/texmf-dist/tex/latex/examplep/examplep.sty (/usr/share/texmf-dist/tex/latex/examplep/verbfwr.sty)) (/usr/share/texmf-dist/tex/latex/geometry/geometry.sty (/usr/share/texmf-dist/tex/generic/iftex/ifvtex.sty (/usr/share/texmf-dist/tex/generic/iftex/iftex.sty))) (/usr/share/texmf-dist/tex/latex/fancyhdr/fancyhdr.sty) (/usr/share/texmf-dist/tex/latex/titlesec/titlesec.sty) (/usr/share/texmf-dist/tex/latex/amsmath/amsmath.sty
For additional information on amsmath, use the `?' option.
(/usr/share/texmf-dist/tex/latex/amsmath/amstext.sty (/usr/share/texmf-dist/tex/latex/amsmath/amsgen.sty)) (/usr/share/texmf-dist/tex/latex/amsmath/amsbsy.sty) (/usr/share/texmf-dist/tex/latex/amsmath/amsopn.sty)) (/usr/share/texmf-dist/tex/latex/parskip/parskip.sty (/usr/share/texmf-dist/tex/latex/kvoptions/kvoptions.sty (/usr/share/texmf-dist/tex/generic/ltxcmds/ltxcmds.sty) (/usr/share/texmf-dist/tex/latex/kvsetkeys/kvsetkeys.sty)) (/usr/share/texmf-dist/tex/latex/etoolbox/etoolbox.sty)) (/usr/share/texmf-dist/tex/latex/l3backend/l3backend-pdftex.def) (./doc.aux) (/usr/share/texmf-dist/tex/context/base/mkii/supp-pdf.mkii
[Loading MPS to PDF converter (version 2006.09.02).]
) (/usr/share/texmf-dist/tex/latex/epstopdf-pkg/epstopdf-base.sty (/usr/share/texmf-dist/tex/latex/latexconfig/epstopdf-sys.cfg))
*geometry* driver: auto-detecting
*geometry* detected driver: pdftex
[1
Non-PDF special ignored!
<special> papersize=597.50787pt,845.04684pt
{/var/lib/texmf/fonts/map/pdftex/updmap/pdftex.map}] [1] (./doc.toc [1]) [2]
Chapter 1.
[3{/usr/share/texmf-dist/fonts/enc/dvips/cm-super/cm-super-ts1.enc}]

LaTeX Warning: Citation `ga_mitchell' on page 4 undefined on input line 129.

[4] [5] [6] [7] [8] (/usr/share/texmf-dist/tex/latex/base/omscmr.fd) [9] [10] [11] [12] [13] [14]
Chapter 2.
[15]
Chapter 3.
[16]
Chapter 4.
[17]
Chapter 5.
[18]
Chapter 6.
No file doc.bbl.
[19] (./doc.aux)

LaTeX Warning: There were undefined references.

 )</usr/share/texmf-dist/fonts/type1/public/amsfonts/cm/cmbx12.pfb></usr/share/texmf-dist/fonts/type1/public/amsfonts/cm/cmex10.pfb></usr/share/texmf-dist/fonts/type1/public/amsfonts/cm/cmmi12.pfb></usr/share/texmf-dist/fonts/type1/public/amsfonts/cm/cmmi8.pfb></usr/share/texmf-dist/fonts/type1/public/amsfonts/cm/cmr12.pfb></usr/share/texmf-dist/fonts/type1/public/amsfonts/cm/cmr17.pfb></usr/share/texmf-dist/fonts/type1/public/amsfonts/cm/cmr8.pfb></usr/share/texmf-dist/fonts/type1/public/amsfonts/cm/cmsy10.pfb></usr/share/texmf-dist/fonts/type1/public/amsfonts/cm/cmsy8.pfb></usr/share/texmf-dist/fonts/type1/public/amsfonts/cm/cmtt12.pfb></usr/share/texmf-dist/fonts/type1/public/cm-super/sfrm1200.pfb>
Output written on doc.pdf (21 pages, 153638 bytes).
SyncTeX written on doc.synctex.gz.
Transcript written on doc.log.
Latexmk: Missing bbl file 'doc.bbl' in following:
 No file doc.bbl.
Latexmk: Getting log file 'doc.log'
Latexmk: Examining 'doc.fls'
Latexmk: Examining 'doc.log'
Latexmk: Log file says output to 'doc.pdf'
Latexmk: Found bibliography file(s):
  ./references.bib
Latexmk: applying rule 'bibtex doc'...
Rule 'bibtex doc':  Reasons for rerun
Category 'other':
  Rerun of 'bibtex doc' forced or previously required

------------
Run number 1 of rule 'bibtex doc'
------------
------------
Running 'bibtex  "doc.aux"'
------------
This is BibTeX, Version 0.99d (TeX Live 2023/Arch Linux)
The top-level auxiliary file: doc.aux
The style file: apalike.bst
Database file #1: references.bib
Latexmk: applying rule 'pdflatex'...
Rule 'pdflatex':  Reasons for rerun
Changed files or newly in use/created:
  doc.aux
  doc.bbl

------------
Run number 2 of rule 'pdflatex'
------------
------------
Running 'pdflatex  -synctex=1 -interaction=nonstopmode -file-line-error -recorder  "/home/aiden/Repos/timetable-project/doc.tex"'
------------
This is pdfTeX, Version 3.141592653-2.6-1.40.25 (TeX Live 2023/Arch Linux) (preloaded format=pdflatex)
 restricted \write18 enabled.
entering extended mode
(/home/aiden/Repos/timetable-project/doc.tex
LaTeX2e <2022-11-01> patch level 1
L3 programming layer <2023-02-22> (/usr/share/texmf-dist/tex/latex/base/report.cls
Document Class: report 2022/07/02 v1.4n Standard LaTeX document class
(/usr/share/texmf-dist/tex/latex/base/size12.clo)) (/usr/share/texmf-dist/tex/latex/graphics/graphicx.sty (/usr/share/texmf-dist/tex/latex/graphics/keyval.sty) (/usr/share/texmf-dist/tex/latex/graphics/graphics.sty (/usr/share/texmf-dist/tex/latex/graphics/trig.sty) (/usr/share/texmf-dist/tex/latex/graphics-cfg/graphics.cfg) (/usr/share/texmf-dist/tex/latex/graphics-def/dvips.def))) (/usr/share/texmf-dist/tex/latex/listings/listings.sty (/usr/share/texmf-dist/tex/latex/listings/lstmisc.sty) (/usr/share/texmf-dist/tex/latex/listings/listings.cfg)) (/usr/share/texmf-dist/tex/latex/graphics/color.sty (/usr/share/texmf-dist/tex/latex/graphics-cfg/color.cfg) (/usr/share/texmf-dist/tex/latex/graphics-def/pdftex.def) (/usr/share/texmf-dist/tex/latex/graphics/mathcolor.ltx)) (/usr/share/texmf-dist/tex/latex/url/url.sty) (/usr/share/texmf-dist/tex/latex/fancybox/fancybox.sty
Style option: `fancybox' v1.4 <2010/05/15> (tvz)
) (/usr/share/texmf-dist/tex/latex/examplep/examplep.sty (/usr/share/texmf-dist/tex/latex/examplep/verbfwr.sty)) (/usr/share/texmf-dist/tex/latex/geometry/geometry.sty (/usr/share/texmf-dist/tex/generic/iftex/ifvtex.sty (/usr/share/texmf-dist/tex/generic/iftex/iftex.sty))) (/usr/share/texmf-dist/tex/latex/fancyhdr/fancyhdr.sty) (/usr/share/texmf-dist/tex/latex/titlesec/titlesec.sty) (/usr/share/texmf-dist/tex/latex/amsmath/amsmath.sty
For additional information on amsmath, use the `?' option.
(/usr/share/texmf-dist/tex/latex/amsmath/amstext.sty (/usr/share/texmf-dist/tex/latex/amsmath/amsgen.sty)) (/usr/share/texmf-dist/tex/latex/amsmath/amsbsy.sty) (/usr/share/texmf-dist/tex/latex/amsmath/amsopn.sty)) (/usr/share/texmf-dist/tex/latex/parskip/parskip.sty (/usr/share/texmf-dist/tex/latex/kvoptions/kvoptions.sty (/usr/share/texmf-dist/tex/generic/ltxcmds/ltxcmds.sty) (/usr/share/texmf-dist/tex/latex/kvsetkeys/kvsetkeys.sty)) (/usr/share/texmf-dist/tex/latex/etoolbox/etoolbox.sty)) (/usr/share/texmf-dist/tex/latex/l3backend/l3backend-pdftex.def) (./doc.aux) (/usr/share/texmf-dist/tex/context/base/mkii/supp-pdf.mkii
[Loading MPS to PDF converter (version 2006.09.02).]
) (/usr/share/texmf-dist/tex/latex/epstopdf-pkg/epstopdf-base.sty (/usr/share/texmf-dist/tex/latex/latexconfig/epstopdf-sys.cfg))
*geometry* driver: auto-detecting
*geometry* detected driver: pdftex
[1
Non-PDF special ignored!
<special> papersize=597.50787pt,845.04684pt
{/var/lib/texmf/fonts/map/pdftex/updmap/pdftex.map}] [1] (./doc.toc [1]) [2]
Chapter 1.
[3{/usr/share/texmf-dist/fonts/enc/dvips/cm-super/cm-super-ts1.enc}]

LaTeX Warning: Citation `ga_mitchell' on page 4 undefined on input line 129.

[4] [5] [6] [7] [8] (/usr/share/texmf-dist/tex/latex/base/omscmr.fd) [9] [10] [11] [12] [13] [14]
Chapter 2.
[15]
Chapter 3.
[16]
Chapter 4.
[17]
Chapter 5.
[18]
Chapter 6.
(./doc.bbl [19]) [20] (./doc.aux)

LaTeX Warning: There were undefined references.


LaTeX Warning: Label(s) may have changed. Rerun to get cross-references right.

 )</usr/share/texmf-dist/fonts/type1/public/amsfonts/cm/cmbx12.pfb></usr/share/texmf-dist/fonts/type1/public/amsfonts/cm/cmex10.pfb></usr/share/texmf-dist/fonts/type1/public/amsfonts/cm/cmmi12.pfb></usr/share/texmf-dist/fonts/type1/public/amsfonts/cm/cmmi8.pfb></usr/share/texmf-dist/fonts/type1/public/amsfonts/cm/cmr12.pfb></usr/share/texmf-dist/fonts/type1/public/amsfonts/cm/cmr17.pfb></usr/share/texmf-dist/fonts/type1/public/amsfonts/cm/cmr8.pfb></usr/share/texmf-dist/fonts/type1/public/amsfonts/cm/cmsy10.pfb></usr/share/texmf-dist/fonts/type1/public/amsfonts/cm/cmsy8.pfb></usr/share/texmf-dist/fonts/type1/public/amsfonts/cm/cmti12.pfb></usr/share/texmf-dist/fonts/type1/public/amsfonts/cm/cmtt12.pfb></usr/share/texmf-dist/fonts/type1/public/cm-super/sfrm1200.pfb>
Output written on doc.pdf (22 pages, 165455 bytes).
SyncTeX written on doc.synctex.gz.
Transcript written on doc.log.
Latexmk: Getting log file 'doc.log'
Latexmk: Examining 'doc.fls'
Latexmk: Examining 'doc.log'
Latexmk: Found input bbl file 'doc.bbl'
Latexmk: References changed.
Latexmk: Log file says output to 'doc.pdf'
Latexmk: Found bibliography file(s):
  ./references.bib
Latexmk: applying rule 'bibtex doc'...
Rule 'bibtex doc':  Reasons for rerun
Changed files or newly in use/created:
  doc.aux

------------
Run number 2 of rule 'bibtex doc'
------------
------------
Running 'bibtex  "doc.aux"'
------------
This is BibTeX, Version 0.99d (TeX Live 2023/Arch Linux)
The top-level auxiliary file: doc.aux
The style file: apalike.bst
Database file #1: references.bib
Latexmk: applying rule 'pdflatex'...
Rule 'pdflatex':  Reasons for rerun
Changed files or newly in use/created:
  doc.aux

------------
Run number 3 of rule 'pdflatex'
------------
------------
Running 'pdflatex  -synctex=1 -interaction=nonstopmode -file-line-error -recorder  "/home/aiden/Repos/timetable-project/doc.tex"'
------------
This is pdfTeX, Version 3.141592653-2.6-1.40.25 (TeX Live 2023/Arch Linux) (preloaded format=pdflatex)
 restricted \write18 enabled.
entering extended mode
(/home/aiden/Repos/timetable-project/doc.tex
LaTeX2e <2022-11-01> patch level 1
L3 programming layer <2023-02-22> (/usr/share/texmf-dist/tex/latex/base/report.cls
Document Class: report 2022/07/02 v1.4n Standard LaTeX document class
(/usr/share/texmf-dist/tex/latex/base/size12.clo)) (/usr/share/texmf-dist/tex/latex/graphics/graphicx.sty (/usr/share/texmf-dist/tex/latex/graphics/keyval.sty) (/usr/share/texmf-dist/tex/latex/graphics/graphics.sty (/usr/share/texmf-dist/tex/latex/graphics/trig.sty) (/usr/share/texmf-dist/tex/latex/graphics-cfg/graphics.cfg) (/usr/share/texmf-dist/tex/latex/graphics-def/dvips.def))) (/usr/share/texmf-dist/tex/latex/listings/listings.sty (/usr/share/texmf-dist/tex/latex/listings/lstmisc.sty) (/usr/share/texmf-dist/tex/latex/listings/listings.cfg)) (/usr/share/texmf-dist/tex/latex/graphics/color.sty (/usr/share/texmf-dist/tex/latex/graphics-cfg/color.cfg) (/usr/share/texmf-dist/tex/latex/graphics-def/pdftex.def) (/usr/share/texmf-dist/tex/latex/graphics/mathcolor.ltx)) (/usr/share/texmf-dist/tex/latex/url/url.sty) (/usr/share/texmf-dist/tex/latex/fancybox/fancybox.sty
Style option: `fancybox' v1.4 <2010/05/15> (tvz)
) (/usr/share/texmf-dist/tex/latex/examplep/examplep.sty (/usr/share/texmf-dist/tex/latex/examplep/verbfwr.sty)) (/usr/share/texmf-dist/tex/latex/geometry/geometry.sty (/usr/share/texmf-dist/tex/generic/iftex/ifvtex.sty (/usr/share/texmf-dist/tex/generic/iftex/iftex.sty))) (/usr/share/texmf-dist/tex/latex/fancyhdr/fancyhdr.sty) (/usr/share/texmf-dist/tex/latex/titlesec/titlesec.sty) (/usr/share/texmf-dist/tex/latex/amsmath/amsmath.sty
For additional information on amsmath, use the `?' option.
(/usr/share/texmf-dist/tex/latex/amsmath/amstext.sty (/usr/share/texmf-dist/tex/latex/amsmath/amsgen.sty)) (/usr/share/texmf-dist/tex/latex/amsmath/amsbsy.sty) (/usr/share/texmf-dist/tex/latex/amsmath/amsopn.sty)) (/usr/share/texmf-dist/tex/latex/parskip/parskip.sty (/usr/share/texmf-dist/tex/latex/kvoptions/kvoptions.sty (/usr/share/texmf-dist/tex/generic/ltxcmds/ltxcmds.sty) (/usr/share/texmf-dist/tex/latex/kvsetkeys/kvsetkeys.sty)) (/usr/share/texmf-dist/tex/latex/etoolbox/etoolbox.sty)) (/usr/share/texmf-dist/tex/latex/l3backend/l3backend-pdftex.def) (./doc.aux) (/usr/share/texmf-dist/tex/context/base/mkii/supp-pdf.mkii
[Loading MPS to PDF converter (version 2006.09.02).]
) (/usr/share/texmf-dist/tex/latex/epstopdf-pkg/epstopdf-base.sty (/usr/share/texmf-dist/tex/latex/latexconfig/epstopdf-sys.cfg))
*geometry* driver: auto-detecting
*geometry* detected driver: pdftex
[1
Non-PDF special ignored!
<special> papersize=597.50787pt,845.04684pt
{/var/lib/texmf/fonts/map/pdftex/updmap/pdftex.map}] [1] (./doc.toc [1]) [2]
Chapter 1.
[3{/usr/share/texmf-dist/fonts/enc/dvips/cm-super/cm-super-ts1.enc}] [4] [5] [6] [7] [8] (/usr/share/texmf-dist/tex/latex/base/omscmr.fd) [9] [10] [11] [12] [13] [14]
Chapter 2.
[15]
Chapter 3.
[16]
Chapter 4.
[17]
Chapter 5.
[18]
Chapter 6.
(./doc.bbl [19]) [20] (./doc.aux) )</usr/share/texmf-dist/fonts/type1/public/amsfonts/cm/cmbx12.pfb></usr/share/texmf-dist/fonts/type1/public/amsfonts/cm/cmex10.pfb></usr/share/texmf-dist/fonts/type1/public/amsfonts/cm/cmmi12.pfb></usr/share/texmf-dist/fonts/type1/public/amsfonts/cm/cmmi8.pfb></usr/share/texmf-dist/fonts/type1/public/amsfonts/cm/cmr12.pfb></usr/share/texmf-dist/fonts/type1/public/amsfonts/cm/cmr17.pfb></usr/share/texmf-dist/fonts/type1/public/amsfonts/cm/cmr8.pfb></usr/share/texmf-dist/fonts/type1/public/amsfonts/cm/cmsy10.pfb></usr/share/texmf-dist/fonts/type1/public/amsfonts/cm/cmsy8.pfb></usr/share/texmf-dist/fonts/type1/public/amsfonts/cm/cmti12.pfb></usr/share/texmf-dist/fonts/type1/public/amsfonts/cm/cmtt12.pfb></usr/share/texmf-dist/fonts/type1/public/cm-super/sfrm1200.pfb>
Output written on doc.pdf (22 pages, 165266 bytes).
SyncTeX written on doc.synctex.gz.
Transcript written on doc.log.
Latexmk: Getting log file 'doc.log'
Latexmk: Examining 'doc.fls'
Latexmk: Examining 'doc.log'
Latexmk: Found input bbl file 'doc.bbl'
Latexmk: Log file says output to 'doc.pdf'
Latexmk: Found bibliography file(s):
  ./references.bib
Latexmk: All targets () are up-to-date

Rc files read:
  NONE
Latexmk: This is Latexmk, John Collins, 7 Jan. 2023. Version 4.79.
Latexmk: applying rule 'pdflatex'...
Rule 'pdflatex':  Reasons for rerun
Changed files or newly in use/created:
  /home/aiden/Repos/timetable-project/doc.tex
  doc.tex
Category 'changed_user':
  /home/aiden/Repos/timetable-project/doc.tex
  doc.tex

------------
Run number 1 of rule 'pdflatex'
------------
------------
Running 'pdflatex  -synctex=1 -interaction=nonstopmode -file-line-error -recorder  "/home/aiden/Repos/timetable-project/doc.tex"'
------------
This is pdfTeX, Version 3.141592653-2.6-1.40.25 (TeX Live 2023/Arch Linux) (preloaded format=pdflatex)
 restricted \write18 enabled.
entering extended mode
(/home/aiden/Repos/timetable-project/doc.tex
LaTeX2e <2022-11-01> patch level 1
L3 programming layer <2023-02-22> (/usr/share/texmf-dist/tex/latex/base/report.cls
Document Class: report 2022/07/02 v1.4n Standard LaTeX document class
(/usr/share/texmf-dist/tex/latex/base/size12.clo)) (/usr/share/texmf-dist/tex/latex/graphics/graphicx.sty (/usr/share/texmf-dist/tex/latex/graphics/keyval.sty) (/usr/share/texmf-dist/tex/latex/graphics/graphics.sty (/usr/share/texmf-dist/tex/latex/graphics/trig.sty) (/usr/share/texmf-dist/tex/latex/graphics-cfg/graphics.cfg) (/usr/share/texmf-dist/tex/latex/graphics-def/dvips.def))) (/usr/share/texmf-dist/tex/latex/listings/listings.sty (/usr/share/texmf-dist/tex/latex/listings/lstmisc.sty) (/usr/share/texmf-dist/tex/latex/listings/listings.cfg)) (/usr/share/texmf-dist/tex/latex/graphics/color.sty (/usr/share/texmf-dist/tex/latex/graphics-cfg/color.cfg) (/usr/share/texmf-dist/tex/latex/graphics-def/pdftex.def) (/usr/share/texmf-dist/tex/latex/graphics/mathcolor.ltx)) (/usr/share/texmf-dist/tex/latex/url/url.sty) (/usr/share/texmf-dist/tex/latex/fancybox/fancybox.sty
Style option: `fancybox' v1.4 <2010/05/15> (tvz)
) (/usr/share/texmf-dist/tex/latex/examplep/examplep.sty (/usr/share/texmf-dist/tex/latex/examplep/verbfwr.sty)) (/usr/share/texmf-dist/tex/latex/geometry/geometry.sty (/usr/share/texmf-dist/tex/generic/iftex/ifvtex.sty (/usr/share/texmf-dist/tex/generic/iftex/iftex.sty))) (/usr/share/texmf-dist/tex/latex/fancyhdr/fancyhdr.sty) (/usr/share/texmf-dist/tex/latex/titlesec/titlesec.sty) (/usr/share/texmf-dist/tex/latex/amsmath/amsmath.sty
For additional information on amsmath, use the `?' option.
(/usr/share/texmf-dist/tex/latex/amsmath/amstext.sty (/usr/share/texmf-dist/tex/latex/amsmath/amsgen.sty)) (/usr/share/texmf-dist/tex/latex/amsmath/amsbsy.sty) (/usr/share/texmf-dist/tex/latex/amsmath/amsopn.sty)) (/usr/share/texmf-dist/tex/latex/parskip/parskip.sty (/usr/share/texmf-dist/tex/latex/kvoptions/kvoptions.sty (/usr/share/texmf-dist/tex/generic/ltxcmds/ltxcmds.sty) (/usr/share/texmf-dist/tex/latex/kvsetkeys/kvsetkeys.sty)) (/usr/share/texmf-dist/tex/latex/etoolbox/etoolbox.sty)) (/usr/share/texmf-dist/tex/latex/l3backend/l3backend-pdftex.def) (./doc.aux) (/usr/share/texmf-dist/tex/context/base/mkii/supp-pdf.mkii
[Loading MPS to PDF converter (version 2006.09.02).]
) (/usr/share/texmf-dist/tex/latex/epstopdf-pkg/epstopdf-base.sty (/usr/share/texmf-dist/tex/latex/latexconfig/epstopdf-sys.cfg))
*geometry* driver: auto-detecting
*geometry* detected driver: pdftex
[1
Non-PDF special ignored!
<special> papersize=597.50787pt,845.04684pt
{/var/lib/texmf/fonts/map/pdftex/updmap/pdftex.map}] [1] (./doc.toc [1]) [2]
Chapter 1.
[3{/usr/share/texmf-dist/fonts/enc/dvips/cm-super/cm-super-ts1.enc}] [4] [5] [6] [7] [8] (/usr/share/texmf-dist/tex/latex/base/omscmr.fd) [9] [10] [11] [12] [13] [14]
Chapter 2.
[15]
Chapter 3.
[16]
Chapter 4.
[17]
Chapter 5.
[18]
Chapter 6.
(./doc.bbl [19]) [20] (./doc.aux) )</usr/share/texmf-dist/fonts/type1/public/amsfonts/cm/cmbx12.pfb></usr/share/texmf-dist/fonts/type1/public/amsfonts/cm/cmex10.pfb></usr/share/texmf-dist/fonts/type1/public/amsfonts/cm/cmmi12.pfb></usr/share/texmf-dist/fonts/type1/public/amsfonts/cm/cmmi8.pfb></usr/share/texmf-dist/fonts/type1/public/amsfonts/cm/cmr12.pfb></usr/share/texmf-dist/fonts/type1/public/amsfonts/cm/cmr17.pfb></usr/share/texmf-dist/fonts/type1/public/amsfonts/cm/cmr8.pfb></usr/share/texmf-dist/fonts/type1/public/amsfonts/cm/cmsy10.pfb></usr/share/texmf-dist/fonts/type1/public/amsfonts/cm/cmsy8.pfb></usr/share/texmf-dist/fonts/type1/public/amsfonts/cm/cmti12.pfb></usr/share/texmf-dist/fonts/type1/public/amsfonts/cm/cmtt12.pfb></usr/share/texmf-dist/fonts/type1/public/cm-super/sfrm1200.pfb>
Output written on doc.pdf (22 pages, 165264 bytes).
SyncTeX written on doc.synctex.gz.
Transcript written on doc.log.
Latexmk: Getting log file 'doc.log'
Latexmk: Examining 'doc.fls'
Latexmk: Examining 'doc.log'
Latexmk: Found input bbl file 'doc.bbl'
Latexmk: Log file says output to 'doc.pdf'
Latexmk: Found bibliography file(s):
  ./references.bib
Latexmk: All targets () are up-to-date

Rc files read:
  NONE
Latexmk: This is Latexmk, John Collins, 7 Jan. 2023. Version 4.79.
Latexmk: applying rule 'bibtex doc'...
Rule 'bibtex doc':  Reasons for rerun
Changed files or newly in use/created:
  ./references.bib
Category 'changed_user':
  ./references.bib

------------
Run number 1 of rule 'bibtex doc'
------------
------------
Running 'bibtex  "doc.aux"'
------------
This is BibTeX, Version 0.99d (TeX Live 2023/Arch Linux)
The top-level auxiliary file: doc.aux
The style file: apalike.bst
Database file #1: references.bib
Latexmk: All targets () are up-to-date

Rc files read:
  NONE
Latexmk: This is Latexmk, John Collins, 7 Jan. 2023. Version 4.79.
Latexmk: Nothing to do for '/home/aiden/Repos/timetable-project/doc.tex'.
Latexmk: All targets () are up-to-date

Rc files read:
  NONE
Latexmk: This is Latexmk, John Collins, 7 Jan. 2023. Version 4.79.
Latexmk: applying rule 'bibtex doc'...
Rule 'bibtex doc':  Reasons for rerun
Changed files or newly in use/created:
  ./references.bib
Category 'changed_user':
  ./references.bib

------------
Run number 1 of rule 'bibtex doc'
------------
------------
Running 'bibtex  "doc.aux"'
------------
This is BibTeX, Version 0.99d (TeX Live 2023/Arch Linux)
The top-level auxiliary file: doc.aux
The style file: apalike.bst
Database file #1: references.bib
Latexmk: All targets () are up-to-date

Rc files read:
  NONE
Latexmk: This is Latexmk, John Collins, 7 Jan. 2023. Version 4.79.
Latexmk: applying rule 'bibtex doc'...
Rule 'bibtex doc':  Reasons for rerun
Changed files or newly in use/created:
  ./references.bib
Category 'changed_user':
  ./references.bib

------------
Run number 1 of rule 'bibtex doc'
------------
------------
Running 'bibtex  "doc.aux"'
------------
This is BibTeX, Version 0.99d (TeX Live 2023/Arch Linux)
The top-level auxiliary file: doc.aux
The style file: apalike.bst
Database file #1: references.bib
Latexmk: All targets () are up-to-date

