2023-07-20 13:15:48.537 [info] Extension host with pid 62540 started
2023-07-20 13:15:48.537 [info] Skipping acquiring lock for /home/aiden/.config/Code - OSS/User/workspaceStorage/80aa2cad6adca87669ea83fb45fe56c5.
2023-07-20 13:15:48.902 [info] ExtensionService#_doActivateExtension vscode.emmet, startup: false, activationEvent: 'onLanguage'
2023-07-20 13:15:49.068 [info] ExtensionService#_doActivateExtension vscode.git-base, startup: true, activationEvent: '*', root cause: vscode.git
2023-07-20 13:15:49.078 [info] ExtensionService#_doActivateExtension naumovs.color-highlight, startup: true, activationEvent: '*'
2023-07-20 13:15:49.124 [info] ExtensionService#_doActivateExtension vscode.git, startup: true, activationEvent: '*'
2023-07-20 13:15:49.199 [info] ExtensionService#_doActivateExtension vscode.github, startup: true, activationEvent: '*'
2023-07-20 13:15:49.295 [info] Eager extensions activated
2023-07-20 13:15:49.419 [info] ExtensionService#_doActivateExtension vscode.debug-auto-launch, startup: false, activationEvent: 'onStartupFinished'
2023-07-20 13:15:49.424 [info] ExtensionService#_doActivateExtension vscode.merge-conflict, startup: false, activationEvent: 'onStartupFinished'
2023-07-20 13:15:49.456 [info] ExtensionService#_doActivateExtension Gruntfuggly.todo-tree, startup: false, activationEvent: 'onStartupFinished'
2023-07-20 13:15:49.500 [info] ExtensionService#_doActivateExtension PKief.material-icon-theme, startup: false, activationEvent: 'onStartupFinished'
2023-07-20 13:16:23.341 [info] Extension host terminating: renderer closed the MessagePort
2023-07-20 13:16:23.355 [error] An error occurred when deactivating the subscriptions for extension 'Gruntfuggly.todo-tree':
2023-07-20 13:16:23.359 [error] AggregateError: Encountered errors while disposing of store
	at I (/usr/lib/code/out/vs/workbench/api/node/extensionHostProcess.js:10:12159)
	at n.Z (/usr/lib/code/out/vs/workbench/api/node/extensionHostProcess.js:113:11285)
	at /usr/lib/code/out/vs/workbench/api/node/extensionHostProcess.js:113:9187
	at Array.map (<anonymous>)
	at n.S (/usr/lib/code/out/vs/workbench/api/node/extensionHostProcess.js:113:9175)
	at n.terminate (/usr/lib/code/out/vs/workbench/api/node/extensionHostProcess.js:113:9445)
	at h.terminate (/usr/lib/code/out/vs/workbench/api/node/extensionHostProcess.js:117:1544)
	at p (/usr/lib/code/out/vs/workbench/api/node/extensionHostProcess.js:127:34497)
	at MessagePortMain.<anonymous> (/usr/lib/code/out/vs/workbench/api/node/extensionHostProcess.js:127:30636)
	at MessagePortMain.emit (node:events:513:28)
	at MessagePortMain._internalPort.emit (node:electron/js2c/utility_init:2:367)
2023-07-20 13:16:23.365 [error] Canceled: Canceled
	at new l (/usr/lib/code/out/vs/workbench/api/node/extensionHostProcess.js:99:105905)
	at s.O (/usr/lib/code/out/vs/workbench/api/node/extensionHostProcess.js:111:11754)
	at $.<computed>.j.charCodeAt.$.<computed> (/usr/lib/code/out/vs/workbench/api/node/extensionHostProcess.js:111:9029)
	at e.ExtHostCommands.g (/usr/lib/code/out/vs/workbench/api/node/extensionHostProcess.js:99:130078)
	at e.ExtHostCommands.executeCommand (/usr/lib/code/out/vs/workbench/api/node/extensionHostProcess.js:99:129454)
	at k.registerCommand.description (/usr/lib/code/out/vs/workbench/api/node/extensionHostProcess.js:99:128747)
	at e.ExtHostCommands.h (/usr/lib/code/out/vs/workbench/api/node/extensionHostProcess.js:99:130664)
	at e.ExtHostCommands.g (/usr/lib/code/out/vs/workbench/api/node/extensionHostProcess.js:99:129554)
	at e.ExtHostCommands.executeCommand (/usr/lib/code/out/vs/workbench/api/node/extensionHostProcess.js:99:129454)
	at Object.executeCommand (/usr/lib/code/out/vs/workbench/api/node/extensionHostProcess.js:117:24230)
	at D (/usr/lib/code/extensions/git/dist/main.js:2:1261288)
	at b.invoke (/usr/lib/code/out/vs/workbench/api/node/extensionHostProcess.js:63:145)
	at d.deliver (/usr/lib/code/out/vs/workbench/api/node/extensionHostProcess.js:63:2121)
	at n.fire (/usr/lib/code/out/vs/workbench/api/node/extensionHostProcess.js:63:1729)
	at Object.m [as dispose] (/usr/lib/code/extensions/git/dist/main.js:2:1276121)
	at /usr/lib/code/extensions/git/dist/main.js:2:1280622
	at Array.forEach (<anonymous>)
	at g.dispose (/usr/lib/code/extensions/git/dist/main.js:2:1280608)
	at r.<anonymous> (/usr/lib/code/out/vs/workbench/api/node/extensionHostProcess.js:97:12552)
	at r.dispose (/usr/lib/code/out/vs/workbench/api/node/extensionHostProcess.js:97:12687)
	at r.<anonymous> (/usr/lib/code/extensions/git/dist/main.js:2:1263418)
	at r.dispose (/usr/lib/code/out/vs/workbench/api/node/extensionHostProcess.js:97:12687)
	at I (/usr/lib/code/out/vs/workbench/api/node/extensionHostProcess.js:10:12083)
	at n.Z (/usr/lib/code/out/vs/workbench/api/node/extensionHostProcess.js:113:11285)
	at /usr/lib/code/out/vs/workbench/api/node/extensionHostProcess.js:113:9187
	at Array.map (<anonymous>)
	at n.S (/usr/lib/code/out/vs/workbench/api/node/extensionHostProcess.js:113:9175)
	at n.terminate (/usr/lib/code/out/vs/workbench/api/node/extensionHostProcess.js:113:9445)
	at h.terminate (/usr/lib/code/out/vs/workbench/api/node/extensionHostProcess.js:117:1544)
	at p (/usr/lib/code/out/vs/workbench/api/node/extensionHostProcess.js:127:34497)
	at MessagePortMain.<anonymous> (/usr/lib/code/out/vs/workbench/api/node/extensionHostProcess.js:127:30636)
	at MessagePortMain.emit (node:events:513:28)
	at MessagePortMain._internalPort.emit (node:electron/js2c/utility_init:2:367) setContext undefined
2023-07-20 13:16:23.366 [error] Canceled: Canceled
	at new l (/usr/lib/code/out/vs/workbench/api/node/extensionHostProcess.js:99:105905)
	at s.O (/usr/lib/code/out/vs/workbench/api/node/extensionHostProcess.js:111:11754)
	at $.<computed>.j.charCodeAt.$.<computed> (/usr/lib/code/out/vs/workbench/api/node/extensionHostProcess.js:111:9029)
	at e.ExtHostCommands.g (/usr/lib/code/out/vs/workbench/api/node/extensionHostProcess.js:99:130078)
	at e.ExtHostCommands.executeCommand (/usr/lib/code/out/vs/workbench/api/node/extensionHostProcess.js:99:129454)
	at k.registerCommand.description (/usr/lib/code/out/vs/workbench/api/node/extensionHostProcess.js:99:128747)
	at e.ExtHostCommands.h (/usr/lib/code/out/vs/workbench/api/node/extensionHostProcess.js:99:130664)
	at e.ExtHostCommands.g (/usr/lib/code/out/vs/workbench/api/node/extensionHostProcess.js:99:129554)
	at e.ExtHostCommands.executeCommand (/usr/lib/code/out/vs/workbench/api/node/extensionHostProcess.js:99:129454)
	at Object.executeCommand (/usr/lib/code/out/vs/workbench/api/node/extensionHostProcess.js:117:24230)
	at set b [as b] (/usr/lib/code/extensions/github/dist/extension.js:2:152873)
	at /usr/lib/code/extensions/github/dist/extension.js:2:153583
	at /usr/lib/code/extensions/git/dist/main.js:2:1348881
	at b.invoke (/usr/lib/code/out/vs/workbench/api/node/extensionHostProcess.js:63:145)
	at d.deliver (/usr/lib/code/out/vs/workbench/api/node/extensionHostProcess.js:63:2121)
	at n.fire (/usr/lib/code/out/vs/workbench/api/node/extensionHostProcess.js:63:1729)
	at Object.m [as dispose] (/usr/lib/code/extensions/git/dist/main.js:2:1276121)
	at /usr/lib/code/extensions/git/dist/main.js:2:1280622
	at Array.forEach (<anonymous>)
	at g.dispose (/usr/lib/code/extensions/git/dist/main.js:2:1280608)
	at r.<anonymous> (/usr/lib/code/out/vs/workbench/api/node/extensionHostProcess.js:97:12552)
	at r.dispose (/usr/lib/code/out/vs/workbench/api/node/extensionHostProcess.js:97:12687)
	at r.<anonymous> (/usr/lib/code/extensions/git/dist/main.js:2:1263418)
	at r.dispose (/usr/lib/code/out/vs/workbench/api/node/extensionHostProcess.js:97:12687)
	at I (/usr/lib/code/out/vs/workbench/api/node/extensionHostProcess.js:10:12083)
	at n.Z (/usr/lib/code/out/vs/workbench/api/node/extensionHostProcess.js:113:11285)
	at /usr/lib/code/out/vs/workbench/api/node/extensionHostProcess.js:113:9187
	at Array.map (<anonymous>)
	at n.S (/usr/lib/code/out/vs/workbench/api/node/extensionHostProcess.js:113:9175)
	at n.terminate (/usr/lib/code/out/vs/workbench/api/node/extensionHostProcess.js:113:9445)
	at h.terminate (/usr/lib/code/out/vs/workbench/api/node/extensionHostProcess.js:117:1544)
	at p (/usr/lib/code/out/vs/workbench/api/node/extensionHostProcess.js:127:34497)
	at MessagePortMain.<anonymous> (/usr/lib/code/out/vs/workbench/api/node/extensionHostProcess.js:127:30636)
	at MessagePortMain.emit (node:events:513:28)
	at MessagePortMain._internalPort.emit (node:electron/js2c/utility_init:2:367) setContext undefined
2023-07-20 13:16:23.367 [info] Extension host with pid 62540 exiting with code 0
2023-07-20 13:16:25.275 [info] Extension host with pid 62704 started
2023-07-20 13:16:25.379 [info] ExtensionService#_doActivateExtension vscode.git-base, startup: true, activationEvent: '*', root cause: vscode.git
2023-07-20 13:16:25.387 [info] ExtensionService#_doActivateExtension naumovs.color-highlight, startup: true, activationEvent: '*'
2023-07-20 13:16:25.420 [info] ExtensionService#_doActivateExtension vscode.git, startup: true, activationEvent: '*'
2023-07-20 13:16:25.461 [info] ExtensionService#_doActivateExtension vscode.github, startup: true, activationEvent: '*'
2023-07-20 13:16:25.543 [info] Eager extensions activated
2023-07-20 13:16:25.671 [info] ExtensionService#_doActivateExtension vscode.debug-auto-launch, startup: false, activationEvent: 'onStartupFinished'
2023-07-20 13:16:25.676 [info] ExtensionService#_doActivateExtension vscode.merge-conflict, startup: false, activationEvent: 'onStartupFinished'
2023-07-20 13:16:25.693 [info] ExtensionService#_doActivateExtension Gruntfuggly.todo-tree, startup: false, activationEvent: 'onStartupFinished'
2023-07-20 13:16:25.737 [info] ExtensionService#_doActivateExtension PKief.material-icon-theme, startup: false, activationEvent: 'onStartupFinished'
2023-07-20 13:16:39.304 [info] Extension host terminating: renderer closed the MessagePort
2023-07-20 13:16:39.320 [error] An error occurred when deactivating the subscriptions for extension 'Gruntfuggly.todo-tree':
2023-07-20 13:16:39.323 [error] AggregateError: Encountered errors while disposing of store
	at I (/usr/lib/code/out/vs/workbench/api/node/extensionHostProcess.js:10:12159)
	at n.Z (/usr/lib/code/out/vs/workbench/api/node/extensionHostProcess.js:113:11285)
	at /usr/lib/code/out/vs/workbench/api/node/extensionHostProcess.js:113:9187
	at Array.map (<anonymous>)
	at n.S (/usr/lib/code/out/vs/workbench/api/node/extensionHostProcess.js:113:9175)
	at n.terminate (/usr/lib/code/out/vs/workbench/api/node/extensionHostProcess.js:113:9445)
	at h.terminate (/usr/lib/code/out/vs/workbench/api/node/extensionHostProcess.js:117:1544)
	at p (/usr/lib/code/out/vs/workbench/api/node/extensionHostProcess.js:127:34497)
	at MessagePortMain.<anonymous> (/usr/lib/code/out/vs/workbench/api/node/extensionHostProcess.js:127:30636)
	at MessagePortMain.emit (node:events:513:28)
	at MessagePortMain._internalPort.emit (node:electron/js2c/utility_init:2:367)
2023-07-20 13:16:39.323 [info] Extension host with pid 62704 exiting with code 0
2023-07-20 13:16:41.221 [info] Extension host with pid 62751 started
2023-07-20 13:16:41.221 [info] Skipping acquiring lock for /home/aiden/.config/Code - OSS/User/workspaceStorage/fde162738bc33ad2b26fd4d9962b0bbd.
2023-07-20 13:16:41.330 [info] ExtensionService#_doActivateExtension vscode.git-base, startup: true, activationEvent: '*', root cause: vscode.git
2023-07-20 13:16:41.337 [info] ExtensionService#_doActivateExtension naumovs.color-highlight, startup: true, activationEvent: '*'
2023-07-20 13:16:41.360 [info] ExtensionService#_doActivateExtension vscode.git, startup: true, activationEvent: '*'
2023-07-20 13:16:41.400 [info] ExtensionService#_doActivateExtension vscode.github, startup: true, activationEvent: '*'
2023-07-20 13:16:41.536 [info] Eager extensions activated
2023-07-20 13:16:41.660 [info] ExtensionService#_doActivateExtension vscode.debug-auto-launch, startup: false, activationEvent: 'onStartupFinished'
2023-07-20 13:16:41.664 [info] ExtensionService#_doActivateExtension vscode.merge-conflict, startup: false, activationEvent: 'onStartupFinished'
2023-07-20 13:16:41.677 [info] ExtensionService#_doActivateExtension Gruntfuggly.todo-tree, startup: false, activationEvent: 'onStartupFinished'
2023-07-20 13:16:41.726 [info] ExtensionService#_doActivateExtension PKief.material-icon-theme, startup: false, activationEvent: 'onStartupFinished'
2023-07-20 13:17:51.366 [info] ExtensionService#_doActivateExtension vscode.emmet, startup: false, activationEvent: 'onLanguage'
2023-07-20 13:19:41.430 [info] ExtensionService#_doActivateExtension vscode.npm, startup: false, activationEvent: 'onTerminalQuickFixRequest:ms-vscode.npm-command'
2023-07-20 13:20:02.472 [info] ExtensionService#_doActivateExtension vscode.extension-editing, startup: false, activationEvent: 'onLanguage:json'
2023-07-20 13:20:02.518 [info] ExtensionService#_doActivateExtension vscode.json-language-features, startup: false, activationEvent: 'onLanguage:json'
2023-07-20 13:20:58.545 [info] ExtensionService#_doActivateExtension ms-python.python, startup: false, activationEvent: 'onWalkthrough:pythonWelcome'
2023-07-20 13:21:00.969 [info] ExtensionService#_doActivateExtension njpwerner.autodocstring, startup: false, activationEvent: 'onLanguage:python'
2023-07-20 13:21:01.360 [error] Error: Extension 'ms-python.python' CANNOT use API proposal: testObserver.
Its package.json#enabledApiProposals-property declares:  but NOT testObserver.
 The missing proposal MUST be added and you must start in extension development mode or use the following command line switch: --enable-proposed-api ms-python.python
	at I (/usr/lib/code/out/vs/workbench/api/node/extensionHostProcess.js:95:44776)
	at get testResults [as testResults] (/usr/lib/code/out/vs/workbench/api/node/extensionHostProcess.js:117:26911)
	at w.activate (/home/aiden/.vscode-oss/extensions/ms-python.python-2023.12.0-universal/out/client/extension.js:2:807183)
	at /home/aiden/.vscode-oss/extensions/ms-python.python-2023.12.0-universal/out/client/extension.js:2:2386
	at Array.map (<anonymous>)
	at g.activateWorkspace (/home/aiden/.vscode-oss/extensions/ms-python.python-2023.12.0-universal/out/client/extension.js:2:2376)
2023-07-20 13:21:39.474 [info] ExtensionService#_doActivateExtension esbenp.prettier-vscode, startup: false, activationEvent: 'onStartupFinished'
2023-07-20 13:22:32.197 [info] ExtensionService#_doActivateExtension James-Yu.latex-workshop, startup: false, activationEvent: 'onLanguage:latex'
2023-07-20 13:22:32.908 [warning] DiagnosticCollection with name 'BibTeX' does already exist.
2023-07-20 13:22:46.544 [info] ExtensionService#_doActivateExtension yzhang.markdown-all-in-one, startup: false, activationEvent: 'workspaceContains:README.md'
2023-07-20 13:22:47.178 [info] ExtensionService#_doActivateExtension vscode.markdown-math, startup: false, activationEvent: 'api', root cause: yzhang.markdown-all-in-one
2023-07-20 13:24:12.466 [info] ExtensionService#_doActivateExtension CoenraadS.bracket-pair-colorizer, startup: false, activationEvent: '*'
2023-07-20 13:26:02.440 [info] ExtensionService#_doActivateExtension vscode.typescript-language-features, startup: false, activationEvent: 'onLanguage:jsonc'
2023-07-20 13:38:23.621 [info] ExtensionService#_doActivateExtension KevinRose.vsc-python-indent, startup: false, activationEvent: 'onLanguage:python'
2023-07-20 14:12:21.313 [error] [James-Yu.latex-workshop] provider FAILED
2023-07-20 14:12:21.313 [error] TypeError: Cannot read properties of undefined (reading 'slice')
	at insertCursor (/home/aiden/.vscode-oss/extensions/james-yu.latex-workshop-9.12.3-universal/out/src/providers/preview/mathpreviewlib/cursorrenderer.js:65:57)
	at async MathPreview.provideHoverOnTex (/home/aiden/.vscode-oss/extensions/james-yu.latex-workshop-9.12.3-universal/out/src/providers/preview/mathpreview.js:48:17)
	at async HoverProvider.provideHover (/home/aiden/.vscode-oss/extensions/james-yu.latex-workshop-9.12.3-universal/out/src/providers/hover.js:43:31)
	at async S.provideHover (/usr/lib/code/out/vs/workbench/api/node/extensionHostProcess.js:101:40721)
2023-07-20 14:12:22.928 [error] [James-Yu.latex-workshop] provider FAILED
2023-07-20 14:12:22.928 [error] TypeError: Cannot read properties of undefined (reading 'slice')
	at insertCursor (/home/aiden/.vscode-oss/extensions/james-yu.latex-workshop-9.12.3-universal/out/src/providers/preview/mathpreviewlib/cursorrenderer.js:65:57)
2023-07-20 14:12:23.379 [error] [James-Yu.latex-workshop] provider FAILED
2023-07-20 14:12:23.379 [error] TypeError: Cannot read properties of undefined (reading 'slice')
	at insertCursor (/home/aiden/.vscode-oss/extensions/james-yu.latex-workshop-9.12.3-universal/out/src/providers/preview/mathpreviewlib/cursorrenderer.js:65:57)
	at async MathPreview.provideHoverOnTex (/home/aiden/.vscode-oss/extensions/james-yu.latex-workshop-9.12.3-universal/out/src/providers/preview/mathpreview.js:48:17)
	at async HoverProvider.provideHover (/home/aiden/.vscode-oss/extensions/james-yu.latex-workshop-9.12.3-universal/out/src/providers/hover.js:43:31)
	at async S.provideHover (/usr/lib/code/out/vs/workbench/api/node/extensionHostProcess.js:101:40721)
2023-07-20 14:12:23.596 [error] [James-Yu.latex-workshop] provider FAILED
2023-07-20 14:12:23.596 [error] TypeError: Cannot read properties of undefined (reading 'slice')
	at insertCursor (/home/aiden/.vscode-oss/extensions/james-yu.latex-workshop-9.12.3-universal/out/src/providers/preview/mathpreviewlib/cursorrenderer.js:65:57)
	at async MathPreview.provideHoverOnTex (/home/aiden/.vscode-oss/extensions/james-yu.latex-workshop-9.12.3-universal/out/src/providers/preview/mathpreview.js:48:17)
	at async HoverProvider.provideHover (/home/aiden/.vscode-oss/extensions/james-yu.latex-workshop-9.12.3-universal/out/src/providers/hover.js:43:31)
	at async S.provideHover (/usr/lib/code/out/vs/workbench/api/node/extensionHostProcess.js:101:40721)
2023-07-20 14:15:26.749 [error] [James-Yu.latex-workshop] provider FAILED
2023-07-20 14:15:26.750 [error] TypeError: Cannot read properties of undefined (reading 'slice')
	at insertCursor (/home/aiden/.vscode-oss/extensions/james-yu.latex-workshop-9.12.3-universal/out/src/providers/preview/mathpreviewlib/cursorrenderer.js:65:57)
	at async MathPreview.provideHoverOnTex (/home/aiden/.vscode-oss/extensions/james-yu.latex-workshop-9.12.3-universal/out/src/providers/preview/mathpreview.js:48:17)
	at async HoverProvider.provideHover (/home/aiden/.vscode-oss/extensions/james-yu.latex-workshop-9.12.3-universal/out/src/providers/hover.js:43:31)
	at async S.provideHover (/usr/lib/code/out/vs/workbench/api/node/extensionHostProcess.js:101:40721)
2023-07-20 14:44:06.277 [error] [James-Yu.latex-workshop] provider FAILED
2023-07-20 14:44:06.277 [error] TypeError: Cannot read properties of undefined (reading 'slice')
	at insertCursor (/home/aiden/.vscode-oss/extensions/james-yu.latex-workshop-9.12.3-universal/out/src/providers/preview/mathpreviewlib/cursorrenderer.js:65:57)
	at async MathPreview.provideHoverOnTex (/home/aiden/.vscode-oss/extensions/james-yu.latex-workshop-9.12.3-universal/out/src/providers/preview/mathpreview.js:48:17)
	at async HoverProvider.provideHover (/home/aiden/.vscode-oss/extensions/james-yu.latex-workshop-9.12.3-universal/out/src/providers/hover.js:43:31)
	at async S.provideHover (/usr/lib/code/out/vs/workbench/api/node/extensionHostProcess.js:101:40721)
2023-07-20 14:44:27.751 [error] [James-Yu.latex-workshop] provider FAILED
2023-07-20 14:44:27.751 [error] TypeError: Cannot read properties of undefined (reading 'slice')
	at insertCursor (/home/aiden/.vscode-oss/extensions/james-yu.latex-workshop-9.12.3-universal/out/src/providers/preview/mathpreviewlib/cursorrenderer.js:65:57)
	at async MathPreview.provideHoverOnTex (/home/aiden/.vscode-oss/extensions/james-yu.latex-workshop-9.12.3-universal/out/src/providers/preview/mathpreview.js:48:17)
	at async HoverProvider.provideHover (/home/aiden/.vscode-oss/extensions/james-yu.latex-workshop-9.12.3-universal/out/src/providers/hover.js:43:31)
	at async S.provideHover (/usr/lib/code/out/vs/workbench/api/node/extensionHostProcess.js:101:40721)
2023-07-20 14:44:28.199 [error] [James-Yu.latex-workshop] provider FAILED
2023-07-20 14:44:28.200 [error] TypeError: Cannot read properties of undefined (reading 'slice')
	at insertCursor (/home/aiden/.vscode-oss/extensions/james-yu.latex-workshop-9.12.3-universal/out/src/providers/preview/mathpreviewlib/cursorrenderer.js:65:57)
2023-07-20 14:44:28.364 [error] [James-Yu.latex-workshop] provider FAILED
2023-07-20 14:44:28.364 [error] TypeError: Cannot read properties of undefined (reading 'slice')
	at insertCursor (/home/aiden/.vscode-oss/extensions/james-yu.latex-workshop-9.12.3-universal/out/src/providers/preview/mathpreviewlib/cursorrenderer.js:65:57)
2023-07-20 14:45:44.364 [error] [James-Yu.latex-workshop] provider FAILED
2023-07-20 14:45:44.365 [error] TypeError: Cannot read properties of undefined (reading 'slice')
	at insertCursor (/home/aiden/.vscode-oss/extensions/james-yu.latex-workshop-9.12.3-universal/out/src/providers/preview/mathpreviewlib/cursorrenderer.js:65:57)
	at async MathPreview.provideHoverOnTex (/home/aiden/.vscode-oss/extensions/james-yu.latex-workshop-9.12.3-universal/out/src/providers/preview/mathpreview.js:48:17)
	at async HoverProvider.provideHover (/home/aiden/.vscode-oss/extensions/james-yu.latex-workshop-9.12.3-universal/out/src/providers/hover.js:43:31)
	at async S.provideHover (/usr/lib/code/out/vs/workbench/api/node/extensionHostProcess.js:101:40721)
2023-07-20 15:51:23.936 [error] [James-Yu.latex-workshop] provider FAILED
2023-07-20 15:51:23.937 [error] TypeError: Cannot read properties of undefined (reading 'slice')
	at insertCursor (/home/aiden/.vscode-oss/extensions/james-yu.latex-workshop-9.12.3-universal/out/src/providers/preview/mathpreviewlib/cursorrenderer.js:65:57)
	at async MathPreview.provideHoverOnTex (/home/aiden/.vscode-oss/extensions/james-yu.latex-workshop-9.12.3-universal/out/src/providers/preview/mathpreview.js:48:17)
	at async HoverProvider.provideHover (/home/aiden/.vscode-oss/extensions/james-yu.latex-workshop-9.12.3-universal/out/src/providers/hover.js:43:31)
	at async S.provideHover (/usr/lib/code/out/vs/workbench/api/node/extensionHostProcess.js:101:40721)
2023-07-20 15:51:25.418 [error] [James-Yu.latex-workshop] provider FAILED
2023-07-20 15:51:25.418 [error] TypeError: Cannot read properties of undefined (reading 'slice')
	at insertCursor (/home/aiden/.vscode-oss/extensions/james-yu.latex-workshop-9.12.3-universal/out/src/providers/preview/mathpreviewlib/cursorrenderer.js:65:57)
	at async MathPreview.provideHoverOnTex (/home/aiden/.vscode-oss/extensions/james-yu.latex-workshop-9.12.3-universal/out/src/providers/preview/mathpreview.js:48:17)
	at async HoverProvider.provideHover (/home/aiden/.vscode-oss/extensions/james-yu.latex-workshop-9.12.3-universal/out/src/providers/hover.js:43:31)
	at async S.provideHover (/usr/lib/code/out/vs/workbench/api/node/extensionHostProcess.js:101:40721)
2023-07-20 15:51:25.665 [error] [James-Yu.latex-workshop] provider FAILED
2023-07-20 15:51:25.665 [error] TypeError: Cannot read properties of undefined (reading 'slice')
	at insertCursor (/home/aiden/.vscode-oss/extensions/james-yu.latex-workshop-9.12.3-universal/out/src/providers/preview/mathpreviewlib/cursorrenderer.js:65:57)
2023-07-20 15:52:08.466 [error] [James-Yu.latex-workshop] provider FAILED
2023-07-20 15:52:08.466 [error] TypeError: Cannot read properties of undefined (reading 'slice')
	at insertCursor (/home/aiden/.vscode-oss/extensions/james-yu.latex-workshop-9.12.3-universal/out/src/providers/preview/mathpreviewlib/cursorrenderer.js:65:57)
	at async MathPreview.provideHoverOnTex (/home/aiden/.vscode-oss/extensions/james-yu.latex-workshop-9.12.3-universal/out/src/providers/preview/mathpreview.js:48:17)
	at async HoverProvider.provideHover (/home/aiden/.vscode-oss/extensions/james-yu.latex-workshop-9.12.3-universal/out/src/providers/hover.js:43:31)
	at async S.provideHover (/usr/lib/code/out/vs/workbench/api/node/extensionHostProcess.js:101:40721)
2023-07-20 15:52:12.331 [error] [James-Yu.latex-workshop] provider FAILED
2023-07-20 15:52:12.331 [error] TypeError: Cannot read properties of undefined (reading 'slice')
	at insertCursor (/home/aiden/.vscode-oss/extensions/james-yu.latex-workshop-9.12.3-universal/out/src/providers/preview/mathpreviewlib/cursorrenderer.js:65:57)
	at async MathPreview.provideHoverOnTex (/home/aiden/.vscode-oss/extensions/james-yu.latex-workshop-9.12.3-universal/out/src/providers/preview/mathpreview.js:48:17)
	at async HoverProvider.provideHover (/home/aiden/.vscode-oss/extensions/james-yu.latex-workshop-9.12.3-universal/out/src/providers/hover.js:43:31)
	at async S.provideHover (/usr/lib/code/out/vs/workbench/api/node/extensionHostProcess.js:101:40721)
2023-07-20 15:52:18.017 [error] [James-Yu.latex-workshop] provider FAILED
2023-07-20 15:52:18.017 [error] TypeError: Cannot read properties of undefined (reading 'slice')
	at insertCursor (/home/aiden/.vscode-oss/extensions/james-yu.latex-workshop-9.12.3-universal/out/src/providers/preview/mathpreviewlib/cursorrenderer.js:65:57)
	at async MathPreview.provideHoverOnTex (/home/aiden/.vscode-oss/extensions/james-yu.latex-workshop-9.12.3-universal/out/src/providers/preview/mathpreview.js:48:17)
	at async HoverProvider.provideHover (/home/aiden/.vscode-oss/extensions/james-yu.latex-workshop-9.12.3-universal/out/src/providers/hover.js:43:31)
	at async S.provideHover (/usr/lib/code/out/vs/workbench/api/node/extensionHostProcess.js:101:40721)
2023-07-20 16:05:16.781 [info] ExtensionService#_doActivateExtension vscode.simple-browser, startup: false, activationEvent: 'onOpenExternalUri:https'
2023-07-20 17:28:50.831 [error] [James-Yu.latex-workshop] provider FAILED
2023-07-20 17:28:50.832 [error] TypeError: Cannot read properties of undefined (reading 'slice')
	at insertCursor (/home/aiden/.vscode-oss/extensions/james-yu.latex-workshop-9.12.3-universal/out/src/providers/preview/mathpreviewlib/cursorrenderer.js:65:57)
	at async MathPreview.provideHoverOnTex (/home/aiden/.vscode-oss/extensions/james-yu.latex-workshop-9.12.3-universal/out/src/providers/preview/mathpreview.js:48:17)
	at async HoverProvider.provideHover (/home/aiden/.vscode-oss/extensions/james-yu.latex-workshop-9.12.3-universal/out/src/providers/hover.js:43:31)
	at async S.provideHover (/usr/lib/code/out/vs/workbench/api/node/extensionHostProcess.js:101:40721)
2023-07-20 17:28:51.279 [error] [James-Yu.latex-workshop] provider FAILED
2023-07-20 17:28:51.279 [error] TypeError: Cannot read properties of undefined (reading 'slice')
	at insertCursor (/home/aiden/.vscode-oss/extensions/james-yu.latex-workshop-9.12.3-universal/out/src/providers/preview/mathpreviewlib/cursorrenderer.js:65:57)
2023-07-20 19:13:24.120 [error] [James-Yu.latex-workshop] provider FAILED
2023-07-20 19:13:24.120 [error] TypeError: Cannot read properties of undefined (reading 'slice')
	at insertCursor (/home/aiden/.vscode-oss/extensions/james-yu.latex-workshop-9.12.3-universal/out/src/providers/preview/mathpreviewlib/cursorrenderer.js:65:57)
	at async MathPreview.provideHoverOnTex (/home/aiden/.vscode-oss/extensions/james-yu.latex-workshop-9.12.3-universal/out/src/providers/preview/mathpreview.js:48:17)
	at async HoverProvider.provideHover (/home/aiden/.vscode-oss/extensions/james-yu.latex-workshop-9.12.3-universal/out/src/providers/hover.js:43:31)
	at async S.provideHover (/usr/lib/code/out/vs/workbench/api/node/extensionHostProcess.js:101:40721)
2023-07-20 19:13:27.486 [error] [James-Yu.latex-workshop] provider FAILED
2023-07-20 19:13:27.486 [error] TypeError: Cannot read properties of undefined (reading 'slice')
	at insertCursor (/home/aiden/.vscode-oss/extensions/james-yu.latex-workshop-9.12.3-universal/out/src/providers/preview/mathpreviewlib/cursorrenderer.js:65:57)
	at async MathPreview.provideHoverOnTex (/home/aiden/.vscode-oss/extensions/james-yu.latex-workshop-9.12.3-universal/out/src/providers/preview/mathpreview.js:48:17)
	at async HoverProvider.provideHover (/home/aiden/.vscode-oss/extensions/james-yu.latex-workshop-9.12.3-universal/out/src/providers/hover.js:43:31)
	at async S.provideHover (/usr/lib/code/out/vs/workbench/api/node/extensionHostProcess.js:101:40721)
2023-07-20 19:13:32.205 [error] [James-Yu.latex-workshop] provider FAILED
2023-07-20 19:13:32.205 [error] TypeError: Cannot read properties of undefined (reading 'slice')
	at insertCursor (/home/aiden/.vscode-oss/extensions/james-yu.latex-workshop-9.12.3-universal/out/src/providers/preview/mathpreviewlib/cursorrenderer.js:65:57)
	at async MathPreview.provideHoverOnTex (/home/aiden/.vscode-oss/extensions/james-yu.latex-workshop-9.12.3-universal/out/src/providers/preview/mathpreview.js:48:17)
	at async HoverProvider.provideHover (/home/aiden/.vscode-oss/extensions/james-yu.latex-workshop-9.12.3-universal/out/src/providers/hover.js:43:31)
	at async S.provideHover (/usr/lib/code/out/vs/workbench/api/node/extensionHostProcess.js:101:40721)
2023-07-20 19:15:01.654 [error] [James-Yu.latex-workshop] provider FAILED
2023-07-20 19:15:01.654 [error] TypeError: Cannot read properties of undefined (reading 'slice')
	at insertCursor (/home/aiden/.vscode-oss/extensions/james-yu.latex-workshop-9.12.3-universal/out/src/providers/preview/mathpreviewlib/cursorrenderer.js:65:57)
	at async MathPreview.provideHoverOnTex (/home/aiden/.vscode-oss/extensions/james-yu.latex-workshop-9.12.3-universal/out/src/providers/preview/mathpreview.js:48:17)
	at async HoverProvider.provideHover (/home/aiden/.vscode-oss/extensions/james-yu.latex-workshop-9.12.3-universal/out/src/providers/hover.js:43:31)
	at async S.provideHover (/usr/lib/code/out/vs/workbench/api/node/extensionHostProcess.js:101:40721)
2023-07-20 19:56:03.419 [error] [James-Yu.latex-workshop] provider FAILED
2023-07-20 19:56:03.420 [error] TypeError: Cannot read properties of undefined (reading 'slice')
	at insertCursor (/home/aiden/.vscode-oss/extensions/james-yu.latex-workshop-9.12.3-universal/out/src/providers/preview/mathpreviewlib/cursorrenderer.js:65:57)
	at async MathPreview.provideHoverOnTex (/home/aiden/.vscode-oss/extensions/james-yu.latex-workshop-9.12.3-universal/out/src/providers/preview/mathpreview.js:48:17)
	at async HoverProvider.provideHover (/home/aiden/.vscode-oss/extensions/james-yu.latex-workshop-9.12.3-universal/out/src/providers/hover.js:43:31)
	at async S.provideHover (/usr/lib/code/out/vs/workbench/api/node/extensionHostProcess.js:101:40721)
2023-07-20 20:33:26.911 [info] Extension host terminating: renderer closed the MessagePort
2023-07-20 20:33:26.990 [error] An error occurred when deactivating the subscriptions for extension 'Gruntfuggly.todo-tree':
2023-07-20 20:33:26.990 [error] AggregateError: Encountered errors while disposing of store
	at I (/usr/lib/code/out/vs/workbench/api/node/extensionHostProcess.js:10:12159)
	at n.Z (/usr/lib/code/out/vs/workbench/api/node/extensionHostProcess.js:113:11285)
	at /usr/lib/code/out/vs/workbench/api/node/extensionHostProcess.js:113:9187
	at Array.map (<anonymous>)
	at n.S (/usr/lib/code/out/vs/workbench/api/node/extensionHostProcess.js:113:9175)
	at n.terminate (/usr/lib/code/out/vs/workbench/api/node/extensionHostProcess.js:113:9445)
	at h.terminate (/usr/lib/code/out/vs/workbench/api/node/extensionHostProcess.js:117:1544)
	at p (/usr/lib/code/out/vs/workbench/api/node/extensionHostProcess.js:127:34497)
	at MessagePortMain.<anonymous> (/usr/lib/code/out/vs/workbench/api/node/extensionHostProcess.js:127:30636)
	at MessagePortMain.emit (node:events:513:28)
	at MessagePortMain._internalPort.emit (node:electron/js2c/utility_init:2:367)
2023-07-20 20:33:27.019 [error] Canceled: Canceled
	at new l (/usr/lib/code/out/vs/workbench/api/node/extensionHostProcess.js:99:105905)
	at s.O (/usr/lib/code/out/vs/workbench/api/node/extensionHostProcess.js:111:11754)
	at $.<computed>.j.charCodeAt.$.<computed> (/usr/lib/code/out/vs/workbench/api/node/extensionHostProcess.js:111:9029)
	at e.ExtHostCommands.g (/usr/lib/code/out/vs/workbench/api/node/extensionHostProcess.js:99:130078)
	at e.ExtHostCommands.executeCommand (/usr/lib/code/out/vs/workbench/api/node/extensionHostProcess.js:99:129454)
	at k.registerCommand.description (/usr/lib/code/out/vs/workbench/api/node/extensionHostProcess.js:99:128747)
	at e.ExtHostCommands.h (/usr/lib/code/out/vs/workbench/api/node/extensionHostProcess.js:99:130664)
	at e.ExtHostCommands.g (/usr/lib/code/out/vs/workbench/api/node/extensionHostProcess.js:99:129554)
	at e.ExtHostCommands.executeCommand (/usr/lib/code/out/vs/workbench/api/node/extensionHostProcess.js:99:129454)
	at Object.executeCommand (/usr/lib/code/out/vs/workbench/api/node/extensionHostProcess.js:117:24230)
	at D (/usr/lib/code/extensions/git/dist/main.js:2:1261288)
	at b.invoke (/usr/lib/code/out/vs/workbench/api/node/extensionHostProcess.js:63:145)
	at d.deliver (/usr/lib/code/out/vs/workbench/api/node/extensionHostProcess.js:63:2121)
	at n.fire (/usr/lib/code/out/vs/workbench/api/node/extensionHostProcess.js:63:1729)
	at Object.m [as dispose] (/usr/lib/code/extensions/git/dist/main.js:2:1276121)
	at /usr/lib/code/extensions/git/dist/main.js:2:1280622
	at Array.forEach (<anonymous>)
	at g.dispose (/usr/lib/code/extensions/git/dist/main.js:2:1280608)
	at r.<anonymous> (/usr/lib/code/out/vs/workbench/api/node/extensionHostProcess.js:97:12552)
	at r.dispose (/usr/lib/code/out/vs/workbench/api/node/extensionHostProcess.js:97:12687)
	at r.<anonymous> (/usr/lib/code/extensions/git/dist/main.js:2:1263418)
	at r.dispose (/usr/lib/code/out/vs/workbench/api/node/extensionHostProcess.js:97:12687)
	at I (/usr/lib/code/out/vs/workbench/api/node/extensionHostProcess.js:10:12083)
	at n.Z (/usr/lib/code/out/vs/workbench/api/node/extensionHostProcess.js:113:11285)
	at /usr/lib/code/out/vs/workbench/api/node/extensionHostProcess.js:113:9187
	at Array.map (<anonymous>)
	at n.S (/usr/lib/code/out/vs/workbench/api/node/extensionHostProcess.js:113:9175)
	at n.terminate (/usr/lib/code/out/vs/workbench/api/node/extensionHostProcess.js:113:9445)
	at h.terminate (/usr/lib/code/out/vs/workbench/api/node/extensionHostProcess.js:117:1544)
	at p (/usr/lib/code/out/vs/workbench/api/node/extensionHostProcess.js:127:34497)
	at MessagePortMain.<anonymous> (/usr/lib/code/out/vs/workbench/api/node/extensionHostProcess.js:127:30636)
	at MessagePortMain.emit (node:events:513:28)
	at MessagePortMain._internalPort.emit (node:electron/js2c/utility_init:2:367) setContext undefined
2023-07-20 20:33:27.021 [error] Canceled: Canceled
	at new l (/usr/lib/code/out/vs/workbench/api/node/extensionHostProcess.js:99:105905)
	at s.O (/usr/lib/code/out/vs/workbench/api/node/extensionHostProcess.js:111:11754)
	at $.<computed>.j.charCodeAt.$.<computed> (/usr/lib/code/out/vs/workbench/api/node/extensionHostProcess.js:111:9029)
	at e.ExtHostCommands.g (/usr/lib/code/out/vs/workbench/api/node/extensionHostProcess.js:99:130078)
	at e.ExtHostCommands.executeCommand (/usr/lib/code/out/vs/workbench/api/node/extensionHostProcess.js:99:129454)
	at k.registerCommand.description (/usr/lib/code/out/vs/workbench/api/node/extensionHostProcess.js:99:128747)
	at e.ExtHostCommands.h (/usr/lib/code/out/vs/workbench/api/node/extensionHostProcess.js:99:130664)
	at e.ExtHostCommands.g (/usr/lib/code/out/vs/workbench/api/node/extensionHostProcess.js:99:129554)
	at e.ExtHostCommands.executeCommand (/usr/lib/code/out/vs/workbench/api/node/extensionHostProcess.js:99:129454)
	at Object.executeCommand (/usr/lib/code/out/vs/workbench/api/node/extensionHostProcess.js:117:24230)
	at set b [as b] (/usr/lib/code/extensions/github/dist/extension.js:2:152873)
	at /usr/lib/code/extensions/github/dist/extension.js:2:153583
	at /usr/lib/code/extensions/git/dist/main.js:2:1348881
	at b.invoke (/usr/lib/code/out/vs/workbench/api/node/extensionHostProcess.js:63:145)
	at d.deliver (/usr/lib/code/out/vs/workbench/api/node/extensionHostProcess.js:63:2121)
	at n.fire (/usr/lib/code/out/vs/workbench/api/node/extensionHostProcess.js:63:1729)
	at Object.m [as dispose] (/usr/lib/code/extensions/git/dist/main.js:2:1276121)
	at /usr/lib/code/extensions/git/dist/main.js:2:1280622
	at Array.forEach (<anonymous>)
	at g.dispose (/usr/lib/code/extensions/git/dist/main.js:2:1280608)
	at r.<anonymous> (/usr/lib/code/out/vs/workbench/api/node/extensionHostProcess.js:97:12552)
	at r.dispose (/usr/lib/code/out/vs/workbench/api/node/extensionHostProcess.js:97:12687)
	at r.<anonymous> (/usr/lib/code/extensions/git/dist/main.js:2:1263418)
	at r.dispose (/usr/lib/code/out/vs/workbench/api/node/extensionHostProcess.js:97:12687)
	at I (/usr/lib/code/out/vs/workbench/api/node/extensionHostProcess.js:10:12083)
	at n.Z (/usr/lib/code/out/vs/workbench/api/node/extensionHostProcess.js:113:11285)
	at /usr/lib/code/out/vs/workbench/api/node/extensionHostProcess.js:113:9187
	at Array.map (<anonymous>)
	at n.S (/usr/lib/code/out/vs/workbench/api/node/extensionHostProcess.js:113:9175)
	at n.terminate (/usr/lib/code/out/vs/workbench/api/node/extensionHostProcess.js:113:9445)
	at h.terminate (/usr/lib/code/out/vs/workbench/api/node/extensionHostProcess.js:117:1544)
	at p (/usr/lib/code/out/vs/workbench/api/node/extensionHostProcess.js:127:34497)
	at MessagePortMain.<anonymous> (/usr/lib/code/out/vs/workbench/api/node/extensionHostProcess.js:127:30636)
	at MessagePortMain.emit (node:events:513:28)
	at MessagePortMain._internalPort.emit (node:electron/js2c/utility_init:2:367) setContext undefined
2023-07-20 20:33:27.035 [info] Extension host with pid 62751 exiting with code 0
