[14:30:15.391][Logger] New log placeholder %WS1% registered for /home/aiden/Repos/timetable-project .
[14:30:15.391][Config] latex-workshop.linting.chktex.enabled: true .
[14:30:15.687][Manager] Set $LATEXWORKSHOP_DOCKER_LATEX: ""
[14:30:15.744][Server] Creating LaTeX Workshop http and websocket server.
[14:30:15.959][Server] Server successfully started: {"address":"127.0.0.1","family":"IPv4","port":35419} .
[14:30:15.986][Extension] Initializing LaTeX Workshop.
[14:30:15.987][Extension] Extension root: /home/aiden/.vscode-oss/extensions/james-yu.latex-workshop-9.12.3-universal
[14:30:15.987][Extension] $PATH: /usr/local/bin:/usr/bin:/bin:/usr/local/sbin:/usr/bin/site_perl:/usr/bin/vendor_perl:/usr/bin/core_perl
[14:30:15.987][Extension] $SHELL: /bin/zsh
[14:30:15.988][Extension] $LANG: en_GB.UTF-8
[14:30:15.988][Extension] $LC_ALL: undefined
[14:30:15.989][Extension] process.platform: linux
[14:30:15.989][Extension] process.arch: x64
[14:30:15.989][Extension] vscode.env.appName: Code - OSS
[14:30:15.990][Extension] vscode.env.remoteName: undefined
[14:30:15.990][Extension] vscode.env.uiKind: 1
[14:30:16.013][Extension] LaTeX Workshop initialized.
[14:30:16.069][Format][Bib] Bibtex format config: {"tab":"  ","case":"lowercase","left":"{","right":"}","trailingComma":false,"sort":["key"],"alignOnEqual":true,"sortFields":false,"fieldsOrder":[],"firstEntries":["string","xdata"]}
[14:30:16.076][Extension] Trigger characters for intellisense of LaTeX documents: ["\\",",","{"]
[14:30:16.082][Manager] Current workspace folders: ["file://%WS1%"]
[14:30:16.083][Manager] Current workspaceRootDir: file://%WS1%
[14:30:16.130][Server] valdOrigin is http://127.0.0.1:35419
[14:30:16.449][Viewer][Panel] Restoring at column 0 with state {"pdfFileUri":"file://%WS1%/doc.pdf","scale":"auto","scrollMode":0,"sidebarView":0,"spreadMode":0,"scrollTop":9627.5,"scrollLeft":0,"trim":0,"synctexEnabled":true,"autoReloadEnabled":true}.
[14:30:16.608][Viewer][Panel] Internal PDF viewer at http://127.0.0.1:35419/viewer.html?file=pdf..ZmlsZSUzQSUyRiUyRiUyRmhvbWUlMkZhaWRlbiUyRlJlcG9zJTJGdGltZXRhYmxlLXByb2plY3QlMkZkb2MucGRm .
[14:30:16.618][Cacher][Watcher] Watched %WS1%/doc.pdf with a new watcher on %WS1% .
[14:30:16.618][Event] FILE_WATCHED: "%WS1%/doc.pdf"
[14:30:16.943][Cacher] Cache not finished on %WS1%/doc.tex when getting its children.
[14:30:16.951][Cacher] Caching %WS1%/doc.tex .
[14:30:16.953][Cacher] Updated inputs of %WS1%/doc.tex .
[14:30:16.954][Cacher] Parse LaTeX AST: %WS1%/doc.tex .
[14:30:18.511][Cacher] Parsed LaTeX AST: %WS1%/doc.tex .
[14:30:18.594][Cacher] Updated elements in 81.98 ms: %WS1%/doc.tex .
[14:30:18.595][Event] FILE_PARSED: "%WS1%/doc.tex"
[14:30:18.595][Structure] Structure cleared on undefined root.
[14:30:18.596][Event] STRUCTURE_UPDATED
[14:30:18.597][Manager] Found files that might be root, choose the first one: %WS1%/doc.tex .
[14:30:18.598][Manager] Root file changed: from undefined to %WS1%/doc.tex
[14:30:18.598][Manager] Start to find all dependencies.
[14:30:18.599][Manager] Root file languageId: latex
[14:30:18.599][Event] ROOT_FILE_CHANGED: "%WS1%/doc.tex"
[14:30:18.600][Cacher][Watcher] Reset.
[14:30:18.604][Cacher] Adding %WS1%/doc.tex .
[14:30:18.606][Cacher][Watcher] Watched %WS1%/doc.tex with a new watcher on %WS1% .
[14:30:18.606][Event] FILE_WATCHED: "%WS1%/doc.tex"
[14:30:18.612][Cacher] Caching %WS1%/doc.tex .
[14:30:18.614][Cacher] Updated inputs of %WS1%/doc.tex .
[14:30:18.615][Cacher] Parse LaTeX AST: %WS1%/doc.tex .
[14:30:18.615][Event] ROOT_FILE_SEARCHED
[14:30:18.617][Linter] ChkTeX lints root %WS1%/doc.tex .
[14:30:18.619][Linter][ChkTeX] Linter for ChkTeX command The command is chktex:["-wall","-n22","-n30","-e16","-q","-f%f:%l:%c:%d:%k:%n:%m\n","%WS1%/doc.tex"].
[14:30:19.254][Linter] Linter for root successfully finished in 0s 623ms
[14:30:19.256][Linter][ChkTeX] No .chktexrc file is found to determine TabSize.
[14:30:19.258][Linter][ChkTeX] Logged 0 messages.
[14:30:19.703][Cacher] Parsed LaTeX AST: %WS1%/doc.tex .
[14:30:19.733][Cacher] Updated elements in 29.82 ms: %WS1%/doc.tex .
[14:30:19.734][Event] FILE_PARSED: "%WS1%/doc.tex"
[14:30:19.747][Cacher] Parsing .fls %WS1%/doc.fls .
[14:30:19.868][Cacher] Found .aux %WS1%/doc.tex from .fls %WS1%/doc.fls , parsing.
[14:30:19.870][Cacher] Parsed .aux %WS1%/doc.tex .
[14:30:19.871][Cacher] Parsed .fls %WS1%/doc.fls .
[14:30:19.890][Structure] Structure force updated with 6 root sections for %WS1%/doc.tex .
[14:30:19.891][Event] STRUCTURE_UPDATED
[14:30:20.133][Viewer] Handle data type: open
[14:30:20.568][Server] Preview PDF file: file://%WS1%/doc.pdf
[14:30:20.747][Event] VIEWER_STATUS_CHANGED: {"pdfFileUri":"file://%WS1%/doc.pdf","scale":"auto","scrollMode":0,"sidebarView":0,"spreadMode":0,"scrollTop":9627.5,"scrollLeft":0,"trim":0,"synctexEnabled":true,"autoReloadEnabled":true}
[14:30:20.748][Event] VIEWER_STATUS_CHANGED: {"pdfFileUri":"file://%WS1%/doc.pdf","scale":"auto","scrollMode":0,"sidebarView":0,"spreadMode":0,"scrollTop":9627.5,"scrollLeft":0,"trim":0,"synctexEnabled":true,"autoReloadEnabled":true}
[14:30:20.755][Event] VIEWER_STATUS_CHANGED: {"pdfFileUri":"file://%WS1%/doc.pdf","scale":"auto","scrollMode":0,"sidebarView":0,"spreadMode":0,"scrollTop":9627.5,"scrollLeft":0,"trim":0,"synctexEnabled":true,"autoReloadEnabled":true}
[14:30:20.792][Event] VIEWER_STATUS_CHANGED: {"pdfFileUri":"file://%WS1%/doc.pdf","scale":"auto","scrollMode":0,"sidebarView":0,"spreadMode":0,"scrollTop":9627.5,"scrollLeft":0,"trim":0,"synctexEnabled":true,"autoReloadEnabled":true}
[14:30:21.222][Manager] Current workspace folders: ["file://%WS1%"]
[14:30:21.270][Manager] Found root file from active editor: %WS1%/doc.tex
[14:30:21.282][Manager] Keep using the same root file: %WS1%/doc.tex
[14:30:21.283][Structure] Structure updated with 6 root sections for %WS1%/doc.tex .
[14:30:21.283][Event] ROOT_FILE_SEARCHED
[14:30:21.284][Event] STRUCTURE_UPDATED
[14:30:21.285][Linter] ChkTeX lints root %WS1%/doc.tex .
[14:30:21.286][Linter][ChkTeX] Linter for ChkTeX command The command is chktex:["-wall","-n22","-n30","-e16","-q","-f%f:%l:%c:%d:%k:%n:%m\n","%WS1%/doc.tex"].
[14:30:21.431][Linter] Linter for root successfully finished in 0s 132ms
[14:30:21.433][Linter][ChkTeX] No .chktexrc file is found to determine TabSize.
[14:30:21.434][Linter][ChkTeX] Logged 0 messages.
[14:51:51.145][Cacher][Watcher] Reset.
[14:51:51.145][Cacher][Watcher] Reset.
[14:51:51.146][Cacher][Watcher] Reset.
